Copyright 1986-2016 Xilinx, Inc. All Rights Reserved.
---------------------------------------------------------------------------------------------------------------------------------------------------
| Tool Version : Vivado v.2016.4 (lin64) Build 1756540 Mon Jan 23 19:11:19 MST 2017
| Date         : Fri Jul 27 13:12:52 2018
| Host         : sume running 64-bit Ubuntu 14.04.5 LTS
| Command      : report_utilization -file control_sub_nf_riffa_dma_1_0_utilization_synth.rpt -pb control_sub_nf_riffa_dma_1_0_utilization_synth.pb
| Design       : control_sub_nf_riffa_dma_1_0
| Device       : 7vx690tffg1761-3
| Design State : Synthesized
---------------------------------------------------------------------------------------------------------------------------------------------------

Utilization Design Information

Table of Contents
-----------------
1. Slice Logic
1.1 Summary of Registers by Type
2. Memory
3. DSP
4. IO and GT Specific
5. Clocking
6. Specific Feature
7. Primitives
8. Black Boxes
9. Instantiated Netlists

1. Slice Logic
--------------

+----------------------------+-------+-------+-----------+-------+
|          Site Type         |  Used | Fixed | Available | Util% |
+----------------------------+-------+-------+-----------+-------+
| Slice LUTs*                | 11721 |     0 |    433200 |  2.71 |
|   LUT as Logic             | 11159 |     0 |    433200 |  2.58 |
|   LUT as Memory            |   562 |     0 |    174200 |  0.32 |
|     LUT as Distributed RAM |   308 |     0 |           |       |
|     LUT as Shift Register  |   254 |     0 |           |       |
| Slice Registers            | 16848 |     0 |    866400 |  1.94 |
|   Register as Flip Flop    | 16848 |     0 |    866400 |  1.94 |
|   Register as Latch        |     0 |     0 |    866400 |  0.00 |
| F7 Muxes                   |    70 |     0 |    216600 |  0.03 |
| F8 Muxes                   |    16 |     0 |    108300 |  0.01 |
+----------------------------+-------+-------+-----------+-------+
* Warning! The Final LUT count, after physical optimizations and full implementation, is typically lower. Run opt_design after synthesis, if not already completed, for a more realistic count.


1.1 Summary of Registers by Type
--------------------------------

+-------+--------------+-------------+--------------+
| Total | Clock Enable | Synchronous | Asynchronous |
+-------+--------------+-------------+--------------+
| 0     |            _ |           - |            - |
| 0     |            _ |           - |          Set |
| 0     |            _ |           - |        Reset |
| 0     |            _ |         Set |            - |
| 0     |            _ |       Reset |            - |
| 0     |          Yes |           - |            - |
| 143   |          Yes |           - |          Set |
| 452   |          Yes |           - |        Reset |
| 110   |          Yes |         Set |            - |
| 16143 |          Yes |       Reset |            - |
+-------+--------------+-------------+--------------+


2. Memory
---------

+-------------------+------+-------+-----------+-------+
|     Site Type     | Used | Fixed | Available | Util% |
+-------------------+------+-------+-----------+-------+
| Block RAM Tile    |   49 |     0 |      1470 |  3.33 |
|   RAMB36/FIFO*    |   48 |     0 |      1470 |  3.27 |
|     RAMB36E1 only |   48 |       |           |       |
|   RAMB18          |    2 |     0 |      2940 |  0.07 |
|     RAMB18E1 only |    2 |       |           |       |
+-------------------+------+-------+-----------+-------+
* Note: Each Block RAM Tile only has one FIFO logic available and therefore can accommodate only one FIFO36E1 or one FIFO18E1. However, if a FIFO18E1 occupies a Block RAM Tile, that tile can still accommodate a RAMB18E1


3. DSP
------

+-----------+------+-------+-----------+-------+
| Site Type | Used | Fixed | Available | Util% |
+-----------+------+-------+-----------+-------+
| DSPs      |    0 |     0 |      3600 |  0.00 |
+-----------+------+-------+-----------+-------+


4. IO and GT Specific
---------------------

+-----------------------------+------+-------+-----------+-------+
|          Site Type          | Used | Fixed | Available | Util% |
+-----------------------------+------+-------+-----------+-------+
| Bonded IOB                  |    0 |     0 |       850 |  0.00 |
| Bonded IPADs                |    0 |     0 |       110 |  0.00 |
| Bonded OPADs                |    0 |     0 |        72 |  0.00 |
| PHY_CONTROL                 |    0 |     0 |        20 |  0.00 |
| PHASER_REF                  |    0 |     0 |        20 |  0.00 |
| OUT_FIFO                    |    0 |     0 |        80 |  0.00 |
| IN_FIFO                     |    0 |     0 |        80 |  0.00 |
| IDELAYCTRL                  |    0 |     0 |        20 |  0.00 |
| IBUFDS                      |    0 |     0 |       816 |  0.00 |
| GTHE2_CHANNEL               |    0 |     0 |        36 |  0.00 |
| PHASER_OUT/PHASER_OUT_PHY   |    0 |     0 |        80 |  0.00 |
| PHASER_IN/PHASER_IN_PHY     |    0 |     0 |        80 |  0.00 |
| IDELAYE2/IDELAYE2_FINEDELAY |    0 |     0 |      1000 |  0.00 |
| ODELAYE2/ODELAYE2_FINEDELAY |    0 |     0 |      1000 |  0.00 |
| IBUFDS_GTE2                 |    0 |     0 |        18 |  0.00 |
| ILOGIC                      |    0 |     0 |       850 |  0.00 |
| OLOGIC                      |    0 |     0 |       850 |  0.00 |
+-----------------------------+------+-------+-----------+-------+


5. Clocking
-----------

+------------+------+-------+-----------+-------+
|  Site Type | Used | Fixed | Available | Util% |
+------------+------+-------+-----------+-------+
| BUFGCTRL   |    0 |     0 |        32 |  0.00 |
| BUFIO      |    0 |     0 |        80 |  0.00 |
| MMCME2_ADV |    0 |     0 |        20 |  0.00 |
| PLLE2_ADV  |    0 |     0 |        20 |  0.00 |
| BUFMRCE    |    0 |     0 |        40 |  0.00 |
| BUFHCE     |    0 |     0 |       240 |  0.00 |
| BUFR       |    0 |     0 |        80 |  0.00 |
+------------+------+-------+-----------+-------+


6. Specific Feature
-------------------

+-------------+------+-------+-----------+-------+
|  Site Type  | Used | Fixed | Available | Util% |
+-------------+------+-------+-----------+-------+
| BSCANE2     |    0 |     0 |         4 |  0.00 |
| CAPTUREE2   |    0 |     0 |         1 |  0.00 |
| DNA_PORT    |    0 |     0 |         1 |  0.00 |
| EFUSE_USR   |    0 |     0 |         1 |  0.00 |
| FRAME_ECCE2 |    0 |     0 |         1 |  0.00 |
| ICAPE2      |    0 |     0 |         2 |  0.00 |
| PCIE_3_0    |    0 |     0 |         3 |  0.00 |
| STARTUPE2   |    0 |     0 |         1 |  0.00 |
| XADC        |    0 |     0 |         1 |  0.00 |
+-------------+------+-------+-----------+-------+


7. Primitives
-------------

+----------+-------+---------------------+
| Ref Name |  Used | Functional Category |
+----------+-------+---------------------+
| FDRE     | 16143 |        Flop & Latch |
| LUT3     |  3503 |                 LUT |
| LUT6     |  3487 |                 LUT |
| LUT4     |  1999 |                 LUT |
| LUT2     |  1765 |                 LUT |
| LUT5     |  1685 |                 LUT |
| LUT1     |  1354 |                 LUT |
| CARRY4   |   750 |          CarryLogic |
| FDCE     |   452 |        Flop & Latch |
| RAMD32   |   406 |  Distributed Memory |
| SRL16E   |   254 |  Distributed Memory |
| FDPE     |   143 |        Flop & Latch |
| RAMS32   |   134 |  Distributed Memory |
| FDSE     |   110 |        Flop & Latch |
| MUXF7    |    70 |               MuxFx |
| RAMB36E1 |    48 |        Block Memory |
| RAMD64E  |    36 |  Distributed Memory |
| MUXF8    |    16 |               MuxFx |
| RAMB18E1 |     2 |        Block Memory |
+----------+-------+---------------------+


8. Black Boxes
--------------

+----------+------+
| Ref Name | Used |
+----------+------+


9. Instantiated Netlists
------------------------

+----------+------+
| Ref Name | Used |
+----------+------+


