
*** Running vivado
    with args -log control_sub_microblaze_0_0.vds -m64 -product Vivado -mode batch -messageDb vivado.pb -notrace -source control_sub_microblaze_0_0.tcl


****** Vivado v2016.4 (64-bit)
  **** SW Build 1756540 on Mon Jan 23 19:11:19 MST 2017
  **** IP Build 1755317 on Mon Jan 23 20:30:07 MST 2017
    ** Copyright 1986-2016 Xilinx, Inc. All Rights Reserved.

source control_sub_microblaze_0_0.tcl -notrace
Starting RTL Elaboration : Time (s): cpu = 00:00:11 ; elapsed = 00:01:32 . Memory (MB): peak = 1162.418 ; gain = 233.973 ; free physical = 1107 ; free virtual = 8820
INFO: [Synth 8-638] synthesizing module 'control_sub_microblaze_0_0' [/home/zhs/NetFPGA-SUME-live-master/projects/reference_switch/hw/project/reference_switch.srcs/sources_1/bd/control_sub/ip/control_sub_microblaze_0_0/synth/control_sub_microblaze_0_0.vhd:116]
INFO: [Synth 8-256] done synthesizing module 'control_sub_microblaze_0_0' (52#1) [/home/zhs/NetFPGA-SUME-live-master/projects/reference_switch/hw/project/reference_switch.srcs/sources_1/bd/control_sub/ip/control_sub_microblaze_0_0/synth/control_sub_microblaze_0_0.vhd:116]
Finished RTL Elaboration : Time (s): cpu = 00:00:19 ; elapsed = 00:01:40 . Memory (MB): peak = 1345.891 ; gain = 417.445 ; free physical = 923 ; free virtual = 8637
Finished RTL Optimization Phase 1 : Time (s): cpu = 00:00:20 ; elapsed = 00:01:41 . Memory (MB): peak = 1345.891 ; gain = 417.445 ; free physical = 923 ; free virtual = 8637
INFO: [Device 21-403] Loading part xc7vx690tffg1761-3
Constraint Validation Runtime : Time (s): cpu = 00:00:00.29 ; elapsed = 00:00:00.27 . Memory (MB): peak = 1708.426 ; gain = 1.004 ; free physical = 645 ; free virtual = 8363
Finished Constraint Validation : Time (s): cpu = 00:00:49 ; elapsed = 00:02:51 . Memory (MB): peak = 1708.426 ; gain = 779.980 ; free physical = 644 ; free virtual = 8361
Finished Loading Part and Timing Information : Time (s): cpu = 00:00:49 ; elapsed = 00:02:51 . Memory (MB): peak = 1708.426 ; gain = 779.980 ; free physical = 644 ; free virtual = 8361
Finished applying 'set_property' XDC Constraints : Time (s): cpu = 00:00:49 ; elapsed = 00:02:51 . Memory (MB): peak = 1708.426 ; gain = 779.980 ; free physical = 644 ; free virtual = 8361
Finished RTL Optimization Phase 2 : Time (s): cpu = 00:00:55 ; elapsed = 00:02:56 . Memory (MB): peak = 1708.426 ; gain = 779.980 ; free physical = 639 ; free virtual = 8357
Finished Cross Boundary and Area Optimization : Time (s): cpu = 00:01:06 ; elapsed = 00:03:07 . Memory (MB): peak = 1708.430 ; gain = 779.984 ; free physical = 616 ; free virtual = 8334
Finished Applying XDC Timing Constraints : Time (s): cpu = 00:01:15 ; elapsed = 00:03:16 . Memory (MB): peak = 1708.430 ; gain = 779.984 ; free physical = 610 ; free virtual = 8328
Finished Timing Optimization : Time (s): cpu = 00:01:29 ; elapsed = 00:03:31 . Memory (MB): peak = 1731.758 ; gain = 803.312 ; free physical = 536 ; free virtual = 8254
Finished Technology Mapping : Time (s): cpu = 00:01:31 ; elapsed = 00:03:33 . Memory (MB): peak = 1731.758 ; gain = 803.312 ; free physical = 536 ; free virtual = 8254
Finished IO Insertion : Time (s): cpu = 00:01:32 ; elapsed = 00:03:34 . Memory (MB): peak = 1731.762 ; gain = 803.316 ; free physical = 536 ; free virtual = 8254
Finished Renaming Generated Instances : Time (s): cpu = 00:01:32 ; elapsed = 00:03:34 . Memory (MB): peak = 1731.762 ; gain = 803.316 ; free physical = 536 ; free virtual = 8254
Finished Rebuilding User Hierarchy : Time (s): cpu = 00:01:33 ; elapsed = 00:03:34 . Memory (MB): peak = 1731.762 ; gain = 803.316 ; free physical = 535 ; free virtual = 8253
Finished Renaming Generated Ports : Time (s): cpu = 00:01:33 ; elapsed = 00:03:34 . Memory (MB): peak = 1731.762 ; gain = 803.316 ; free physical = 536 ; free virtual = 8254
Finished Handling Custom Attributes : Time (s): cpu = 00:01:33 ; elapsed = 00:03:34 . Memory (MB): peak = 1731.762 ; gain = 803.316 ; free physical = 536 ; free virtual = 8254
Finished Renaming Generated Nets : Time (s): cpu = 00:01:33 ; elapsed = 00:03:34 . Memory (MB): peak = 1731.762 ; gain = 803.316 ; free physical = 536 ; free virtual = 8254

Report Cell Usage: 
+------+---------+------+
|      |Cell     |Count |
+------+---------+------+
|1     |AND2B1L  |     1|
|2     |LUT1     |    17|
|3     |LUT2     |    76|
|4     |LUT3     |   189|
|5     |LUT4     |   189|
|6     |LUT5     |   163|
|7     |LUT6     |   455|
|8     |LUT6_2   |    80|
|9     |MULT_AND |     1|
|10    |MUXCY_L  |   136|
|11    |MUXF7    |   117|
|12    |RAM32M   |    16|
|13    |SRL16E   |    89|
|14    |SRLC16E  |     8|
|15    |XORCY    |    94|
|16    |FDCE     |   143|
|17    |FDE      |    32|
|18    |FDR      |    89|
|19    |FDRE     |  1256|
|20    |FDS      |     1|
|21    |FDSE     |    36|
+------+---------+------+
Finished Writing Synthesis Report : Time (s): cpu = 00:01:33 ; elapsed = 00:03:34 . Memory (MB): peak = 1731.762 ; gain = 803.316 ; free physical = 536 ; free virtual = 8254
get_clocks: Time (s): cpu = 00:00:10 ; elapsed = 00:00:10 . Memory (MB): peak = 2313.707 ; gain = 581.941 ; free physical = 137 ; free virtual = 7665
synth_design: Time (s): cpu = 00:01:41 ; elapsed = 00:03:43 . Memory (MB): peak = 2313.707 ; gain = 1269.758 ; free physical = 139 ; free virtual = 7667
