
*** Running vivado
    with args -log control_sub_axis_fifo_10g_rx_0.vds -m64 -product Vivado -mode batch -messageDb vivado.pb -notrace -source control_sub_axis_fifo_10g_rx_0.tcl


****** Vivado v2016.4 (64-bit)
  **** SW Build 1756540 on Mon Jan 23 19:11:19 MST 2017
  **** IP Build 1755317 on Mon Jan 23 20:30:07 MST 2017
    ** Copyright 1986-2016 Xilinx, Inc. All Rights Reserved.

source control_sub_axis_fifo_10g_rx_0.tcl -notrace
Starting RTL Elaboration : Time (s): cpu = 00:00:12 ; elapsed = 00:01:36 . Memory (MB): peak = 1160.422 ; gain = 231.973 ; free physical = 1504 ; free virtual = 9872
INFO: [Synth 8-638] synthesizing module 'control_sub_axis_fifo_10g_rx_0' [/home/zhs/NetFPGA-SUME-live-master/projects/reference_switch/hw/project/reference_switch.srcs/sources_1/bd/control_sub/ip/control_sub_axis_fifo_10g_rx_0/synth/control_sub_axis_fifo_10g_rx_0.v:57]
INFO: [Synth 8-638] synthesizing module 'axis_data_fifo_v1_1_12_axis_data_fifo' [/home/zhs/NetFPGA-SUME-live-master/projects/reference_switch/hw/project/reference_switch.srcs/sources_1/bd/control_sub/ipshared/fcef/hdl/axis_data_fifo_v1_1_vl_rfs.v:62]
INFO: [Synth 8-638] synthesizing module 'axis_infrastructure_v1_1_0_util_aclken_converter_wrapper' [/home/zhs/NetFPGA-SUME-live-master/projects/reference_switch/hw/project/reference_switch.srcs/sources_1/bd/control_sub/ipshared/fe67/hdl/axis_infrastructure_v1_1_vl_rfs.v:600]
INFO: [Synth 8-638] synthesizing module 'axis_infrastructure_v1_1_0_util_axis2vector' [/home/zhs/NetFPGA-SUME-live-master/projects/reference_switch/hw/project/reference_switch.srcs/sources_1/bd/control_sub/ipshared/fe67/hdl/axis_infrastructure_v1_1_vl_rfs.v:810]
INFO: [Synth 8-256] done synthesizing module 'axis_infrastructure_v1_1_0_util_axis2vector' (1#1) [/home/zhs/NetFPGA-SUME-live-master/projects/reference_switch/hw/project/reference_switch.srcs/sources_1/bd/control_sub/ipshared/fe67/hdl/axis_infrastructure_v1_1_vl_rfs.v:810]
INFO: [Synth 8-638] synthesizing module 'axis_infrastructure_v1_1_0_util_vector2axis' [/home/zhs/NetFPGA-SUME-live-master/projects/reference_switch/hw/project/reference_switch.srcs/sources_1/bd/control_sub/ipshared/fe67/hdl/axis_infrastructure_v1_1_vl_rfs.v:992]
INFO: [Synth 8-256] done synthesizing module 'axis_infrastructure_v1_1_0_util_vector2axis' (2#1) [/home/zhs/NetFPGA-SUME-live-master/projects/reference_switch/hw/project/reference_switch.srcs/sources_1/bd/control_sub/ipshared/fe67/hdl/axis_infrastructure_v1_1_vl_rfs.v:992]
INFO: [Synth 8-256] done synthesizing module 'axis_infrastructure_v1_1_0_util_aclken_converter_wrapper' (3#1) [/home/zhs/NetFPGA-SUME-live-master/projects/reference_switch/hw/project/reference_switch.srcs/sources_1/bd/control_sub/ipshared/fe67/hdl/axis_infrastructure_v1_1_vl_rfs.v:600]
INFO: [Synth 8-256] done synthesizing module 'axis_data_fifo_v1_1_12_axis_data_fifo' (25#1) [/home/zhs/NetFPGA-SUME-live-master/projects/reference_switch/hw/project/reference_switch.srcs/sources_1/bd/control_sub/ipshared/fcef/hdl/axis_data_fifo_v1_1_vl_rfs.v:62]
INFO: [Synth 8-256] done synthesizing module 'control_sub_axis_fifo_10g_rx_0' (26#1) [/home/zhs/NetFPGA-SUME-live-master/projects/reference_switch/hw/project/reference_switch.srcs/sources_1/bd/control_sub/ip/control_sub_axis_fifo_10g_rx_0/synth/control_sub_axis_fifo_10g_rx_0.v:57]
Finished RTL Elaboration : Time (s): cpu = 00:00:18 ; elapsed = 00:01:43 . Memory (MB): peak = 1280.895 ; gain = 352.445 ; free physical = 1378 ; free virtual = 9749
Finished RTL Optimization Phase 1 : Time (s): cpu = 00:00:19 ; elapsed = 00:01:43 . Memory (MB): peak = 1280.895 ; gain = 352.445 ; free physical = 1378 ; free virtual = 9749
INFO: [Device 21-403] Loading part xc7vx690tffg1761-3
Constraint Validation Runtime : Time (s): cpu = 00:00:00.08 ; elapsed = 00:00:00.07 . Memory (MB): peak = 1643.352 ; gain = 0.004 ; free physical = 1024 ; free virtual = 9489
Finished Constraint Validation : Time (s): cpu = 00:00:45 ; elapsed = 00:02:51 . Memory (MB): peak = 1643.352 ; gain = 714.902 ; free physical = 1022 ; free virtual = 9487
Finished Loading Part and Timing Information : Time (s): cpu = 00:00:45 ; elapsed = 00:02:51 . Memory (MB): peak = 1643.352 ; gain = 714.902 ; free physical = 1022 ; free virtual = 9487
Finished applying 'set_property' XDC Constraints : Time (s): cpu = 00:00:45 ; elapsed = 00:02:51 . Memory (MB): peak = 1643.352 ; gain = 714.902 ; free physical = 1022 ; free virtual = 9487
Finished RTL Optimization Phase 2 : Time (s): cpu = 00:00:46 ; elapsed = 00:02:52 . Memory (MB): peak = 1643.352 ; gain = 714.902 ; free physical = 1022 ; free virtual = 9487
Finished Cross Boundary and Area Optimization : Time (s): cpu = 00:00:47 ; elapsed = 00:02:53 . Memory (MB): peak = 1643.355 ; gain = 714.906 ; free physical = 1001 ; free virtual = 9466
---------------------------------------------------------------------------------
Start ROM, RAM, DSP and Shift Register Reporting
---------------------------------------------------------------------------------

Distributed RAM: Preliminary Mapping  Report (see note below)
+-----------------------+------------------------------------------------------------------------------------------+----------------+----------------------+---------------+
|Module Name            | RTL Object                                                                               | Inference      | Size (Depth x Width) | Primitives    | 
+-----------------------+------------------------------------------------------------------------------------------+----------------+----------------------+---------------+
|fifo_generator_v13_1_3 | inst_fifo_gen/gaxis_fifo.gaxisf.axisf/grf.rf/gntv_or_sync_fifo.mem/gdm.dm_gen.dm/RAM_reg | User Attribute | 32 x 273             | RAM32M x 46   | 
+-----------------------+------------------------------------------------------------------------------------------+----------------+----------------------+---------------+

Note: The table above is a preliminary report that shows the Distributed RAMs at the current stage of the synthesis flow. Some Distributed RAMs may be reimplemented as non Distributed RAM primitives later in the synthesis flow. Multiple instantiated RAMs are reported only once.
---------------------------------------------------------------------------------
Finished ROM, RAM, DSP and Shift Register Reporting
---------------------------------------------------------------------------------
Finished Applying XDC Timing Constraints : Time (s): cpu = 00:00:56 ; elapsed = 00:03:02 . Memory (MB): peak = 1643.355 ; gain = 714.906 ; free physical = 979 ; free virtual = 9450
Finished Timing Optimization : Time (s): cpu = 00:00:57 ; elapsed = 00:03:03 . Memory (MB): peak = 1643.355 ; gain = 714.906 ; free physical = 967 ; free virtual = 9439
Finished Technology Mapping : Time (s): cpu = 00:00:57 ; elapsed = 00:03:03 . Memory (MB): peak = 1643.355 ; gain = 714.906 ; free physical = 958 ; free virtual = 9429
Finished IO Insertion : Time (s): cpu = 00:00:58 ; elapsed = 00:03:04 . Memory (MB): peak = 1643.355 ; gain = 714.906 ; free physical = 958 ; free virtual = 9429
Finished Renaming Generated Instances : Time (s): cpu = 00:00:58 ; elapsed = 00:03:04 . Memory (MB): peak = 1643.355 ; gain = 714.906 ; free physical = 958 ; free virtual = 9429
Finished Rebuilding User Hierarchy : Time (s): cpu = 00:00:58 ; elapsed = 00:03:04 . Memory (MB): peak = 1643.355 ; gain = 714.906 ; free physical = 958 ; free virtual = 9429
Finished Renaming Generated Ports : Time (s): cpu = 00:00:58 ; elapsed = 00:03:04 . Memory (MB): peak = 1643.355 ; gain = 714.906 ; free physical = 958 ; free virtual = 9429
Finished Handling Custom Attributes : Time (s): cpu = 00:00:58 ; elapsed = 00:03:04 . Memory (MB): peak = 1643.355 ; gain = 714.906 ; free physical = 957 ; free virtual = 9429
Finished Renaming Generated Nets : Time (s): cpu = 00:00:58 ; elapsed = 00:03:04 . Memory (MB): peak = 1643.355 ; gain = 714.906 ; free physical = 957 ; free virtual = 9429

Report Cell Usage: 
+------+-------+------+
|      |Cell   |Count |
+------+-------+------+
|1     |LUT1   |     5|
|2     |LUT2   |    22|
|3     |LUT3   |     6|
|4     |LUT4   |    20|
|5     |LUT5   |     7|
|6     |LUT6   |    16|
|7     |RAM32M |    46|
|8     |FDCE   |    77|
|9     |FDPE   |    27|
|10    |FDRE   |   550|
+------+-------+------+
Finished Writing Synthesis Report : Time (s): cpu = 00:00:58 ; elapsed = 00:03:04 . Memory (MB): peak = 1643.355 ; gain = 714.906 ; free physical = 957 ; free virtual = 9429
get_clocks: Time (s): cpu = 00:00:09 ; elapsed = 00:00:10 . Memory (MB): peak = 2229.297 ; gain = 585.941 ; free physical = 317 ; free virtual = 8816
synth_design: Time (s): cpu = 00:01:05 ; elapsed = 00:03:07 . Memory (MB): peak = 2229.297 ; gain = 1187.344 ; free physical = 317 ; free virtual = 8815
