
*** Running vivado
    with args -log control_sub_axi_iic_0_0.vds -m64 -product Vivado -mode batch -messageDb vivado.pb -notrace -source control_sub_axi_iic_0_0.tcl


****** Vivado v2016.4 (64-bit)
  **** SW Build 1756540 on Mon Jan 23 19:11:19 MST 2017
  **** IP Build 1755317 on Mon Jan 23 20:30:07 MST 2017
    ** Copyright 1986-2016 Xilinx, Inc. All Rights Reserved.

source control_sub_axi_iic_0_0.tcl -notrace
Starting RTL Elaboration : Time (s): cpu = 00:00:11 ; elapsed = 00:01:32 . Memory (MB): peak = 1164.410 ; gain = 235.969 ; free physical = 119 ; free virtual = 9808
INFO: [Synth 8-638] synthesizing module 'control_sub_axi_iic_0_0' [/home/zhs/NetFPGA-SUME-live-master/projects/reference_switch/hw/project/reference_switch.srcs/sources_1/bd/control_sub/ip/control_sub_axi_iic_0_0/synth/control_sub_axi_iic_0_0.vhd:88]
INFO: [Synth 8-638] synthesizing module 'axi_iic' [/home/zhs/NetFPGA-SUME-live-master/projects/reference_switch/hw/project/reference_switch.srcs/sources_1/bd/control_sub/ipshared/efc9/hdl/axi_iic_v2_0_vh_rfs.vhd:6870]
INFO: [Synth 8-638] synthesizing module 'iic' [/home/zhs/NetFPGA-SUME-live-master/projects/reference_switch/hw/project/reference_switch.srcs/sources_1/bd/control_sub/ipshared/efc9/hdl/axi_iic_v2_0_vh_rfs.vhd:6187]
INFO: [Synth 8-638] synthesizing module 'axi_ipif_ssp1' [/home/zhs/NetFPGA-SUME-live-master/projects/reference_switch/hw/project/reference_switch.srcs/sources_1/bd/control_sub/ipshared/efc9/hdl/axi_iic_v2_0_vh_rfs.vhd:5661]
INFO: [Synth 8-638] synthesizing module 'axi_lite_ipif' [/home/zhs/NetFPGA-SUME-live-master/projects/reference_switch/hw/project/reference_switch.srcs/sources_1/bd/control_sub/ipshared/0ba0/hdl/axi_lite_ipif_v3_0_vh_rfs.vhd:2948]
INFO: [Synth 8-638] synthesizing module 'slave_attachment' [/home/zhs/NetFPGA-SUME-live-master/projects/reference_switch/hw/project/reference_switch.srcs/sources_1/bd/control_sub/ipshared/0ba0/hdl/axi_lite_ipif_v3_0_vh_rfs.vhd:2341]
INFO: [Synth 8-638] synthesizing module 'address_decoder' [/home/zhs/NetFPGA-SUME-live-master/projects/reference_switch/hw/project/reference_switch.srcs/sources_1/bd/control_sub/ipshared/0ba0/hdl/axi_lite_ipif_v3_0_vh_rfs.vhd:1775]
INFO: [Synth 8-638] synthesizing module 'pselect_f' [/home/zhs/NetFPGA-SUME-live-master/projects/reference_switch/hw/project/reference_switch.srcs/sources_1/bd/control_sub/ipshared/0ba0/hdl/axi_lite_ipif_v3_0_vh_rfs.vhd:1534]
INFO: [Synth 8-256] done synthesizing module 'pselect_f' (1#1) [/home/zhs/NetFPGA-SUME-live-master/projects/reference_switch/hw/project/reference_switch.srcs/sources_1/bd/control_sub/ipshared/0ba0/hdl/axi_lite_ipif_v3_0_vh_rfs.vhd:1534]
INFO: [Synth 8-638] synthesizing module 'pselect_f__parameterized0' [/home/zhs/NetFPGA-SUME-live-master/projects/reference_switch/hw/project/reference_switch.srcs/sources_1/bd/control_sub/ipshared/0ba0/hdl/axi_lite_ipif_v3_0_vh_rfs.vhd:1534]
INFO: [Synth 8-256] done synthesizing module 'pselect_f__parameterized0' (1#1) [/home/zhs/NetFPGA-SUME-live-master/projects/reference_switch/hw/project/reference_switch.srcs/sources_1/bd/control_sub/ipshared/0ba0/hdl/axi_lite_ipif_v3_0_vh_rfs.vhd:1534]
INFO: [Synth 8-638] synthesizing module 'pselect_f__parameterized1' [/home/zhs/NetFPGA-SUME-live-master/projects/reference_switch/hw/project/reference_switch.srcs/sources_1/bd/control_sub/ipshared/0ba0/hdl/axi_lite_ipif_v3_0_vh_rfs.vhd:1534]
INFO: [Synth 8-256] done synthesizing module 'pselect_f__parameterized1' (1#1) [/home/zhs/NetFPGA-SUME-live-master/projects/reference_switch/hw/project/reference_switch.srcs/sources_1/bd/control_sub/ipshared/0ba0/hdl/axi_lite_ipif_v3_0_vh_rfs.vhd:1534]
INFO: [Synth 8-638] synthesizing module 'pselect_f__parameterized2' [/home/zhs/NetFPGA-SUME-live-master/projects/reference_switch/hw/project/reference_switch.srcs/sources_1/bd/control_sub/ipshared/0ba0/hdl/axi_lite_ipif_v3_0_vh_rfs.vhd:1534]
INFO: [Synth 8-256] done synthesizing module 'pselect_f__parameterized2' (1#1) [/home/zhs/NetFPGA-SUME-live-master/projects/reference_switch/hw/project/reference_switch.srcs/sources_1/bd/control_sub/ipshared/0ba0/hdl/axi_lite_ipif_v3_0_vh_rfs.vhd:1534]
INFO: [Synth 8-638] synthesizing module 'pselect_f__parameterized3' [/home/zhs/NetFPGA-SUME-live-master/projects/reference_switch/hw/project/reference_switch.srcs/sources_1/bd/control_sub/ipshared/0ba0/hdl/axi_lite_ipif_v3_0_vh_rfs.vhd:1534]
INFO: [Synth 8-256] done synthesizing module 'pselect_f__parameterized3' (1#1) [/home/zhs/NetFPGA-SUME-live-master/projects/reference_switch/hw/project/reference_switch.srcs/sources_1/bd/control_sub/ipshared/0ba0/hdl/axi_lite_ipif_v3_0_vh_rfs.vhd:1534]
INFO: [Synth 8-638] synthesizing module 'pselect_f__parameterized4' [/home/zhs/NetFPGA-SUME-live-master/projects/reference_switch/hw/project/reference_switch.srcs/sources_1/bd/control_sub/ipshared/0ba0/hdl/axi_lite_ipif_v3_0_vh_rfs.vhd:1534]
INFO: [Synth 8-256] done synthesizing module 'pselect_f__parameterized4' (1#1) [/home/zhs/NetFPGA-SUME-live-master/projects/reference_switch/hw/project/reference_switch.srcs/sources_1/bd/control_sub/ipshared/0ba0/hdl/axi_lite_ipif_v3_0_vh_rfs.vhd:1534]
INFO: [Synth 8-638] synthesizing module 'pselect_f__parameterized5' [/home/zhs/NetFPGA-SUME-live-master/projects/reference_switch/hw/project/reference_switch.srcs/sources_1/bd/control_sub/ipshared/0ba0/hdl/axi_lite_ipif_v3_0_vh_rfs.vhd:1534]
INFO: [Synth 8-256] done synthesizing module 'pselect_f__parameterized5' (1#1) [/home/zhs/NetFPGA-SUME-live-master/projects/reference_switch/hw/project/reference_switch.srcs/sources_1/bd/control_sub/ipshared/0ba0/hdl/axi_lite_ipif_v3_0_vh_rfs.vhd:1534]
INFO: [Synth 8-638] synthesizing module 'pselect_f__parameterized6' [/home/zhs/NetFPGA-SUME-live-master/projects/reference_switch/hw/project/reference_switch.srcs/sources_1/bd/control_sub/ipshared/0ba0/hdl/axi_lite_ipif_v3_0_vh_rfs.vhd:1534]
INFO: [Synth 8-256] done synthesizing module 'pselect_f__parameterized6' (1#1) [/home/zhs/NetFPGA-SUME-live-master/projects/reference_switch/hw/project/reference_switch.srcs/sources_1/bd/control_sub/ipshared/0ba0/hdl/axi_lite_ipif_v3_0_vh_rfs.vhd:1534]
INFO: [Synth 8-638] synthesizing module 'pselect_f__parameterized7' [/home/zhs/NetFPGA-SUME-live-master/projects/reference_switch/hw/project/reference_switch.srcs/sources_1/bd/control_sub/ipshared/0ba0/hdl/axi_lite_ipif_v3_0_vh_rfs.vhd:1534]
INFO: [Synth 8-256] done synthesizing module 'pselect_f__parameterized7' (1#1) [/home/zhs/NetFPGA-SUME-live-master/projects/reference_switch/hw/project/reference_switch.srcs/sources_1/bd/control_sub/ipshared/0ba0/hdl/axi_lite_ipif_v3_0_vh_rfs.vhd:1534]
INFO: [Synth 8-638] synthesizing module 'pselect_f__parameterized8' [/home/zhs/NetFPGA-SUME-live-master/projects/reference_switch/hw/project/reference_switch.srcs/sources_1/bd/control_sub/ipshared/0ba0/hdl/axi_lite_ipif_v3_0_vh_rfs.vhd:1534]
INFO: [Synth 8-256] done synthesizing module 'pselect_f__parameterized8' (1#1) [/home/zhs/NetFPGA-SUME-live-master/projects/reference_switch/hw/project/reference_switch.srcs/sources_1/bd/control_sub/ipshared/0ba0/hdl/axi_lite_ipif_v3_0_vh_rfs.vhd:1534]
INFO: [Synth 8-638] synthesizing module 'pselect_f__parameterized9' [/home/zhs/NetFPGA-SUME-live-master/projects/reference_switch/hw/project/reference_switch.srcs/sources_1/bd/control_sub/ipshared/0ba0/hdl/axi_lite_ipif_v3_0_vh_rfs.vhd:1534]
INFO: [Synth 8-256] done synthesizing module 'pselect_f__parameterized9' (1#1) [/home/zhs/NetFPGA-SUME-live-master/projects/reference_switch/hw/project/reference_switch.srcs/sources_1/bd/control_sub/ipshared/0ba0/hdl/axi_lite_ipif_v3_0_vh_rfs.vhd:1534]
INFO: [Synth 8-638] synthesizing module 'pselect_f__parameterized10' [/home/zhs/NetFPGA-SUME-live-master/projects/reference_switch/hw/project/reference_switch.srcs/sources_1/bd/control_sub/ipshared/0ba0/hdl/axi_lite_ipif_v3_0_vh_rfs.vhd:1534]
INFO: [Synth 8-256] done synthesizing module 'pselect_f__parameterized10' (1#1) [/home/zhs/NetFPGA-SUME-live-master/projects/reference_switch/hw/project/reference_switch.srcs/sources_1/bd/control_sub/ipshared/0ba0/hdl/axi_lite_ipif_v3_0_vh_rfs.vhd:1534]
INFO: [Synth 8-638] synthesizing module 'pselect_f__parameterized11' [/home/zhs/NetFPGA-SUME-live-master/projects/reference_switch/hw/project/reference_switch.srcs/sources_1/bd/control_sub/ipshared/0ba0/hdl/axi_lite_ipif_v3_0_vh_rfs.vhd:1534]
INFO: [Synth 8-256] done synthesizing module 'pselect_f__parameterized11' (1#1) [/home/zhs/NetFPGA-SUME-live-master/projects/reference_switch/hw/project/reference_switch.srcs/sources_1/bd/control_sub/ipshared/0ba0/hdl/axi_lite_ipif_v3_0_vh_rfs.vhd:1534]
INFO: [Synth 8-638] synthesizing module 'pselect_f__parameterized12' [/home/zhs/NetFPGA-SUME-live-master/projects/reference_switch/hw/project/reference_switch.srcs/sources_1/bd/control_sub/ipshared/0ba0/hdl/axi_lite_ipif_v3_0_vh_rfs.vhd:1534]
INFO: [Synth 8-256] done synthesizing module 'pselect_f__parameterized12' (1#1) [/home/zhs/NetFPGA-SUME-live-master/projects/reference_switch/hw/project/reference_switch.srcs/sources_1/bd/control_sub/ipshared/0ba0/hdl/axi_lite_ipif_v3_0_vh_rfs.vhd:1534]
INFO: [Synth 8-638] synthesizing module 'pselect_f__parameterized13' [/home/zhs/NetFPGA-SUME-live-master/projects/reference_switch/hw/project/reference_switch.srcs/sources_1/bd/control_sub/ipshared/0ba0/hdl/axi_lite_ipif_v3_0_vh_rfs.vhd:1534]
INFO: [Synth 8-256] done synthesizing module 'pselect_f__parameterized13' (1#1) [/home/zhs/NetFPGA-SUME-live-master/projects/reference_switch/hw/project/reference_switch.srcs/sources_1/bd/control_sub/ipshared/0ba0/hdl/axi_lite_ipif_v3_0_vh_rfs.vhd:1534]
INFO: [Synth 8-638] synthesizing module 'pselect_f__parameterized14' [/home/zhs/NetFPGA-SUME-live-master/projects/reference_switch/hw/project/reference_switch.srcs/sources_1/bd/control_sub/ipshared/0ba0/hdl/axi_lite_ipif_v3_0_vh_rfs.vhd:1534]
INFO: [Synth 8-256] done synthesizing module 'pselect_f__parameterized14' (1#1) [/home/zhs/NetFPGA-SUME-live-master/projects/reference_switch/hw/project/reference_switch.srcs/sources_1/bd/control_sub/ipshared/0ba0/hdl/axi_lite_ipif_v3_0_vh_rfs.vhd:1534]
INFO: [Synth 8-638] synthesizing module 'pselect_f__parameterized15' [/home/zhs/NetFPGA-SUME-live-master/projects/reference_switch/hw/project/reference_switch.srcs/sources_1/bd/control_sub/ipshared/0ba0/hdl/axi_lite_ipif_v3_0_vh_rfs.vhd:1534]
INFO: [Synth 8-256] done synthesizing module 'pselect_f__parameterized15' (1#1) [/home/zhs/NetFPGA-SUME-live-master/projects/reference_switch/hw/project/reference_switch.srcs/sources_1/bd/control_sub/ipshared/0ba0/hdl/axi_lite_ipif_v3_0_vh_rfs.vhd:1534]
INFO: [Synth 8-638] synthesizing module 'pselect_f__parameterized16' [/home/zhs/NetFPGA-SUME-live-master/projects/reference_switch/hw/project/reference_switch.srcs/sources_1/bd/control_sub/ipshared/0ba0/hdl/axi_lite_ipif_v3_0_vh_rfs.vhd:1534]
INFO: [Synth 8-256] done synthesizing module 'pselect_f__parameterized16' (1#1) [/home/zhs/NetFPGA-SUME-live-master/projects/reference_switch/hw/project/reference_switch.srcs/sources_1/bd/control_sub/ipshared/0ba0/hdl/axi_lite_ipif_v3_0_vh_rfs.vhd:1534]
INFO: [Synth 8-638] synthesizing module 'pselect_f__parameterized17' [/home/zhs/NetFPGA-SUME-live-master/projects/reference_switch/hw/project/reference_switch.srcs/sources_1/bd/control_sub/ipshared/0ba0/hdl/axi_lite_ipif_v3_0_vh_rfs.vhd:1534]
INFO: [Synth 8-256] done synthesizing module 'pselect_f__parameterized17' (1#1) [/home/zhs/NetFPGA-SUME-live-master/projects/reference_switch/hw/project/reference_switch.srcs/sources_1/bd/control_sub/ipshared/0ba0/hdl/axi_lite_ipif_v3_0_vh_rfs.vhd:1534]
INFO: [Synth 8-638] synthesizing module 'pselect_f__parameterized18' [/home/zhs/NetFPGA-SUME-live-master/projects/reference_switch/hw/project/reference_switch.srcs/sources_1/bd/control_sub/ipshared/0ba0/hdl/axi_lite_ipif_v3_0_vh_rfs.vhd:1534]
INFO: [Synth 8-256] done synthesizing module 'pselect_f__parameterized18' (1#1) [/home/zhs/NetFPGA-SUME-live-master/projects/reference_switch/hw/project/reference_switch.srcs/sources_1/bd/control_sub/ipshared/0ba0/hdl/axi_lite_ipif_v3_0_vh_rfs.vhd:1534]
INFO: [Synth 8-638] synthesizing module 'pselect_f__parameterized19' [/home/zhs/NetFPGA-SUME-live-master/projects/reference_switch/hw/project/reference_switch.srcs/sources_1/bd/control_sub/ipshared/0ba0/hdl/axi_lite_ipif_v3_0_vh_rfs.vhd:1534]
INFO: [Synth 8-256] done synthesizing module 'pselect_f__parameterized19' (1#1) [/home/zhs/NetFPGA-SUME-live-master/projects/reference_switch/hw/project/reference_switch.srcs/sources_1/bd/control_sub/ipshared/0ba0/hdl/axi_lite_ipif_v3_0_vh_rfs.vhd:1534]
INFO: [Synth 8-638] synthesizing module 'pselect_f__parameterized20' [/home/zhs/NetFPGA-SUME-live-master/projects/reference_switch/hw/project/reference_switch.srcs/sources_1/bd/control_sub/ipshared/0ba0/hdl/axi_lite_ipif_v3_0_vh_rfs.vhd:1534]
INFO: [Synth 8-256] done synthesizing module 'pselect_f__parameterized20' (1#1) [/home/zhs/NetFPGA-SUME-live-master/projects/reference_switch/hw/project/reference_switch.srcs/sources_1/bd/control_sub/ipshared/0ba0/hdl/axi_lite_ipif_v3_0_vh_rfs.vhd:1534]
INFO: [Synth 8-638] synthesizing module 'pselect_f__parameterized21' [/home/zhs/NetFPGA-SUME-live-master/projects/reference_switch/hw/project/reference_switch.srcs/sources_1/bd/control_sub/ipshared/0ba0/hdl/axi_lite_ipif_v3_0_vh_rfs.vhd:1534]
INFO: [Synth 8-256] done synthesizing module 'pselect_f__parameterized21' (1#1) [/home/zhs/NetFPGA-SUME-live-master/projects/reference_switch/hw/project/reference_switch.srcs/sources_1/bd/control_sub/ipshared/0ba0/hdl/axi_lite_ipif_v3_0_vh_rfs.vhd:1534]
INFO: [Synth 8-638] synthesizing module 'pselect_f__parameterized22' [/home/zhs/NetFPGA-SUME-live-master/projects/reference_switch/hw/project/reference_switch.srcs/sources_1/bd/control_sub/ipshared/0ba0/hdl/axi_lite_ipif_v3_0_vh_rfs.vhd:1534]
INFO: [Synth 8-256] done synthesizing module 'pselect_f__parameterized22' (1#1) [/home/zhs/NetFPGA-SUME-live-master/projects/reference_switch/hw/project/reference_switch.srcs/sources_1/bd/control_sub/ipshared/0ba0/hdl/axi_lite_ipif_v3_0_vh_rfs.vhd:1534]
INFO: [Synth 8-638] synthesizing module 'pselect_f__parameterized23' [/home/zhs/NetFPGA-SUME-live-master/projects/reference_switch/hw/project/reference_switch.srcs/sources_1/bd/control_sub/ipshared/0ba0/hdl/axi_lite_ipif_v3_0_vh_rfs.vhd:1534]
INFO: [Synth 8-256] done synthesizing module 'pselect_f__parameterized23' (1#1) [/home/zhs/NetFPGA-SUME-live-master/projects/reference_switch/hw/project/reference_switch.srcs/sources_1/bd/control_sub/ipshared/0ba0/hdl/axi_lite_ipif_v3_0_vh_rfs.vhd:1534]
INFO: [Synth 8-638] synthesizing module 'pselect_f__parameterized24' [/home/zhs/NetFPGA-SUME-live-master/projects/reference_switch/hw/project/reference_switch.srcs/sources_1/bd/control_sub/ipshared/0ba0/hdl/axi_lite_ipif_v3_0_vh_rfs.vhd:1534]
INFO: [Synth 8-256] done synthesizing module 'pselect_f__parameterized24' (1#1) [/home/zhs/NetFPGA-SUME-live-master/projects/reference_switch/hw/project/reference_switch.srcs/sources_1/bd/control_sub/ipshared/0ba0/hdl/axi_lite_ipif_v3_0_vh_rfs.vhd:1534]
INFO: [Synth 8-638] synthesizing module 'pselect_f__parameterized25' [/home/zhs/NetFPGA-SUME-live-master/projects/reference_switch/hw/project/reference_switch.srcs/sources_1/bd/control_sub/ipshared/0ba0/hdl/axi_lite_ipif_v3_0_vh_rfs.vhd:1534]
INFO: [Synth 8-256] done synthesizing module 'pselect_f__parameterized25' (1#1) [/home/zhs/NetFPGA-SUME-live-master/projects/reference_switch/hw/project/reference_switch.srcs/sources_1/bd/control_sub/ipshared/0ba0/hdl/axi_lite_ipif_v3_0_vh_rfs.vhd:1534]
INFO: [Synth 8-638] synthesizing module 'pselect_f__parameterized26' [/home/zhs/NetFPGA-SUME-live-master/projects/reference_switch/hw/project/reference_switch.srcs/sources_1/bd/control_sub/ipshared/0ba0/hdl/axi_lite_ipif_v3_0_vh_rfs.vhd:1534]
INFO: [Synth 8-256] done synthesizing module 'pselect_f__parameterized26' (1#1) [/home/zhs/NetFPGA-SUME-live-master/projects/reference_switch/hw/project/reference_switch.srcs/sources_1/bd/control_sub/ipshared/0ba0/hdl/axi_lite_ipif_v3_0_vh_rfs.vhd:1534]
INFO: [Synth 8-638] synthesizing module 'pselect_f__parameterized27' [/home/zhs/NetFPGA-SUME-live-master/projects/reference_switch/hw/project/reference_switch.srcs/sources_1/bd/control_sub/ipshared/0ba0/hdl/axi_lite_ipif_v3_0_vh_rfs.vhd:1534]
INFO: [Synth 8-256] done synthesizing module 'pselect_f__parameterized27' (1#1) [/home/zhs/NetFPGA-SUME-live-master/projects/reference_switch/hw/project/reference_switch.srcs/sources_1/bd/control_sub/ipshared/0ba0/hdl/axi_lite_ipif_v3_0_vh_rfs.vhd:1534]
INFO: [Synth 8-638] synthesizing module 'pselect_f__parameterized28' [/home/zhs/NetFPGA-SUME-live-master/projects/reference_switch/hw/project/reference_switch.srcs/sources_1/bd/control_sub/ipshared/0ba0/hdl/axi_lite_ipif_v3_0_vh_rfs.vhd:1534]
INFO: [Synth 8-256] done synthesizing module 'pselect_f__parameterized28' (1#1) [/home/zhs/NetFPGA-SUME-live-master/projects/reference_switch/hw/project/reference_switch.srcs/sources_1/bd/control_sub/ipshared/0ba0/hdl/axi_lite_ipif_v3_0_vh_rfs.vhd:1534]
INFO: [Synth 8-638] synthesizing module 'pselect_f__parameterized29' [/home/zhs/NetFPGA-SUME-live-master/projects/reference_switch/hw/project/reference_switch.srcs/sources_1/bd/control_sub/ipshared/0ba0/hdl/axi_lite_ipif_v3_0_vh_rfs.vhd:1534]
INFO: [Synth 8-256] done synthesizing module 'pselect_f__parameterized29' (1#1) [/home/zhs/NetFPGA-SUME-live-master/projects/reference_switch/hw/project/reference_switch.srcs/sources_1/bd/control_sub/ipshared/0ba0/hdl/axi_lite_ipif_v3_0_vh_rfs.vhd:1534]
INFO: [Synth 8-638] synthesizing module 'pselect_f__parameterized30' [/home/zhs/NetFPGA-SUME-live-master/projects/reference_switch/hw/project/reference_switch.srcs/sources_1/bd/control_sub/ipshared/0ba0/hdl/axi_lite_ipif_v3_0_vh_rfs.vhd:1534]
INFO: [Synth 8-256] done synthesizing module 'pselect_f__parameterized30' (1#1) [/home/zhs/NetFPGA-SUME-live-master/projects/reference_switch/hw/project/reference_switch.srcs/sources_1/bd/control_sub/ipshared/0ba0/hdl/axi_lite_ipif_v3_0_vh_rfs.vhd:1534]
INFO: [Synth 8-638] synthesizing module 'pselect_f__parameterized31' [/home/zhs/NetFPGA-SUME-live-master/projects/reference_switch/hw/project/reference_switch.srcs/sources_1/bd/control_sub/ipshared/0ba0/hdl/axi_lite_ipif_v3_0_vh_rfs.vhd:1534]
INFO: [Synth 8-256] done synthesizing module 'pselect_f__parameterized31' (1#1) [/home/zhs/NetFPGA-SUME-live-master/projects/reference_switch/hw/project/reference_switch.srcs/sources_1/bd/control_sub/ipshared/0ba0/hdl/axi_lite_ipif_v3_0_vh_rfs.vhd:1534]
INFO: [Synth 8-638] synthesizing module 'pselect_f__parameterized32' [/home/zhs/NetFPGA-SUME-live-master/projects/reference_switch/hw/project/reference_switch.srcs/sources_1/bd/control_sub/ipshared/0ba0/hdl/axi_lite_ipif_v3_0_vh_rfs.vhd:1534]
INFO: [Synth 8-256] done synthesizing module 'pselect_f__parameterized32' (1#1) [/home/zhs/NetFPGA-SUME-live-master/projects/reference_switch/hw/project/reference_switch.srcs/sources_1/bd/control_sub/ipshared/0ba0/hdl/axi_lite_ipif_v3_0_vh_rfs.vhd:1534]
INFO: [Synth 8-638] synthesizing module 'pselect_f__parameterized33' [/home/zhs/NetFPGA-SUME-live-master/projects/reference_switch/hw/project/reference_switch.srcs/sources_1/bd/control_sub/ipshared/0ba0/hdl/axi_lite_ipif_v3_0_vh_rfs.vhd:1534]
INFO: [Synth 8-256] done synthesizing module 'pselect_f__parameterized33' (1#1) [/home/zhs/NetFPGA-SUME-live-master/projects/reference_switch/hw/project/reference_switch.srcs/sources_1/bd/control_sub/ipshared/0ba0/hdl/axi_lite_ipif_v3_0_vh_rfs.vhd:1534]
INFO: [Synth 8-638] synthesizing module 'pselect_f__parameterized34' [/home/zhs/NetFPGA-SUME-live-master/projects/reference_switch/hw/project/reference_switch.srcs/sources_1/bd/control_sub/ipshared/0ba0/hdl/axi_lite_ipif_v3_0_vh_rfs.vhd:1534]
INFO: [Synth 8-256] done synthesizing module 'pselect_f__parameterized34' (1#1) [/home/zhs/NetFPGA-SUME-live-master/projects/reference_switch/hw/project/reference_switch.srcs/sources_1/bd/control_sub/ipshared/0ba0/hdl/axi_lite_ipif_v3_0_vh_rfs.vhd:1534]
INFO: [Synth 8-638] synthesizing module 'pselect_f__parameterized35' [/home/zhs/NetFPGA-SUME-live-master/projects/reference_switch/hw/project/reference_switch.srcs/sources_1/bd/control_sub/ipshared/0ba0/hdl/axi_lite_ipif_v3_0_vh_rfs.vhd:1534]
INFO: [Synth 8-256] done synthesizing module 'pselect_f__parameterized35' (1#1) [/home/zhs/NetFPGA-SUME-live-master/projects/reference_switch/hw/project/reference_switch.srcs/sources_1/bd/control_sub/ipshared/0ba0/hdl/axi_lite_ipif_v3_0_vh_rfs.vhd:1534]
INFO: [Synth 8-256] done synthesizing module 'address_decoder' (2#1) [/home/zhs/NetFPGA-SUME-live-master/projects/reference_switch/hw/project/reference_switch.srcs/sources_1/bd/control_sub/ipshared/0ba0/hdl/axi_lite_ipif_v3_0_vh_rfs.vhd:1775]
INFO: [Synth 8-256] done synthesizing module 'slave_attachment' (3#1) [/home/zhs/NetFPGA-SUME-live-master/projects/reference_switch/hw/project/reference_switch.srcs/sources_1/bd/control_sub/ipshared/0ba0/hdl/axi_lite_ipif_v3_0_vh_rfs.vhd:2341]
INFO: [Synth 8-256] done synthesizing module 'axi_lite_ipif' (4#1) [/home/zhs/NetFPGA-SUME-live-master/projects/reference_switch/hw/project/reference_switch.srcs/sources_1/bd/control_sub/ipshared/0ba0/hdl/axi_lite_ipif_v3_0_vh_rfs.vhd:2948]
INFO: [Synth 8-638] synthesizing module 'interrupt_control' [/home/zhs/NetFPGA-SUME-live-master/projects/reference_switch/hw/project/reference_switch.srcs/sources_1/bd/control_sub/ipshared/e956/hdl/interrupt_control_v3_1_vh_rfs.vhd:259]
INFO: [Synth 8-256] done synthesizing module 'interrupt_control' (5#1) [/home/zhs/NetFPGA-SUME-live-master/projects/reference_switch/hw/project/reference_switch.srcs/sources_1/bd/control_sub/ipshared/e956/hdl/interrupt_control_v3_1_vh_rfs.vhd:259]
INFO: [Synth 8-638] synthesizing module 'soft_reset' [/home/zhs/NetFPGA-SUME-live-master/projects/reference_switch/hw/project/reference_switch.srcs/sources_1/bd/control_sub/ipshared/efc9/hdl/axi_iic_v2_0_vh_rfs.vhd:141]
INFO: [Synth 8-256] done synthesizing module 'soft_reset' (6#1) [/home/zhs/NetFPGA-SUME-live-master/projects/reference_switch/hw/project/reference_switch.srcs/sources_1/bd/control_sub/ipshared/efc9/hdl/axi_iic_v2_0_vh_rfs.vhd:141]
INFO: [Synth 8-256] done synthesizing module 'axi_ipif_ssp1' (7#1) [/home/zhs/NetFPGA-SUME-live-master/projects/reference_switch/hw/project/reference_switch.srcs/sources_1/bd/control_sub/ipshared/efc9/hdl/axi_iic_v2_0_vh_rfs.vhd:5661]
INFO: [Synth 8-638] synthesizing module 'reg_interface' [/home/zhs/NetFPGA-SUME-live-master/projects/reference_switch/hw/project/reference_switch.srcs/sources_1/bd/control_sub/ipshared/efc9/hdl/axi_iic_v2_0_vh_rfs.vhd:1677]
INFO: [Synth 8-256] done synthesizing module 'reg_interface' (8#1) [/home/zhs/NetFPGA-SUME-live-master/projects/reference_switch/hw/project/reference_switch.srcs/sources_1/bd/control_sub/ipshared/efc9/hdl/axi_iic_v2_0_vh_rfs.vhd:1677]
INFO: [Synth 8-638] synthesizing module 'filter' [/home/zhs/NetFPGA-SUME-live-master/projects/reference_switch/hw/project/reference_switch.srcs/sources_1/bd/control_sub/ipshared/efc9/hdl/axi_iic_v2_0_vh_rfs.vhd:4985]
INFO: [Synth 8-638] synthesizing module 'debounce' [/home/zhs/NetFPGA-SUME-live-master/projects/reference_switch/hw/project/reference_switch.srcs/sources_1/bd/control_sub/ipshared/efc9/hdl/axi_iic_v2_0_vh_rfs.vhd:1307]
INFO: [Synth 8-638] synthesizing module 'cdc_sync' [/home/zhs/NetFPGA-SUME-live-master/projects/reference_switch/hw/project/reference_switch.srcs/sources_1/bd/control_sub/ipshared/52cb/hdl/lib_cdc_v1_0_rfs.vhd:106]
INFO: [Synth 8-256] done synthesizing module 'cdc_sync' (9#1) [/home/zhs/NetFPGA-SUME-live-master/projects/reference_switch/hw/project/reference_switch.srcs/sources_1/bd/control_sub/ipshared/52cb/hdl/lib_cdc_v1_0_rfs.vhd:106]
INFO: [Synth 8-256] done synthesizing module 'debounce' (10#1) [/home/zhs/NetFPGA-SUME-live-master/projects/reference_switch/hw/project/reference_switch.srcs/sources_1/bd/control_sub/ipshared/efc9/hdl/axi_iic_v2_0_vh_rfs.vhd:1307]
INFO: [Synth 8-256] done synthesizing module 'filter' (11#1) [/home/zhs/NetFPGA-SUME-live-master/projects/reference_switch/hw/project/reference_switch.srcs/sources_1/bd/control_sub/ipshared/efc9/hdl/axi_iic_v2_0_vh_rfs.vhd:4985]
INFO: [Synth 8-638] synthesizing module 'iic_control' [/home/zhs/NetFPGA-SUME-live-master/projects/reference_switch/hw/project/reference_switch.srcs/sources_1/bd/control_sub/ipshared/efc9/hdl/axi_iic_v2_0_vh_rfs.vhd:2908]
INFO: [Synth 8-638] synthesizing module 'upcnt_n' [/home/zhs/NetFPGA-SUME-live-master/projects/reference_switch/hw/project/reference_switch.srcs/sources_1/bd/control_sub/ipshared/efc9/hdl/axi_iic_v2_0_vh_rfs.vhd:740]
INFO: [Synth 8-256] done synthesizing module 'upcnt_n' (12#1) [/home/zhs/NetFPGA-SUME-live-master/projects/reference_switch/hw/project/reference_switch.srcs/sources_1/bd/control_sub/ipshared/efc9/hdl/axi_iic_v2_0_vh_rfs.vhd:740]
INFO: [Synth 8-638] synthesizing module 'shift8' [/home/zhs/NetFPGA-SUME-live-master/projects/reference_switch/hw/project/reference_switch.srcs/sources_1/bd/control_sub/ipshared/efc9/hdl/axi_iic_v2_0_vh_rfs.vhd:897]
INFO: [Synth 8-256] done synthesizing module 'shift8' (13#1) [/home/zhs/NetFPGA-SUME-live-master/projects/reference_switch/hw/project/reference_switch.srcs/sources_1/bd/control_sub/ipshared/efc9/hdl/axi_iic_v2_0_vh_rfs.vhd:897]
INFO: [Synth 8-638] synthesizing module 'upcnt_n__parameterized0' [/home/zhs/NetFPGA-SUME-live-master/projects/reference_switch/hw/project/reference_switch.srcs/sources_1/bd/control_sub/ipshared/efc9/hdl/axi_iic_v2_0_vh_rfs.vhd:740]
INFO: [Synth 8-256] done synthesizing module 'upcnt_n__parameterized0' (13#1) [/home/zhs/NetFPGA-SUME-live-master/projects/reference_switch/hw/project/reference_switch.srcs/sources_1/bd/control_sub/ipshared/efc9/hdl/axi_iic_v2_0_vh_rfs.vhd:740]
INFO: [Synth 8-256] done synthesizing module 'iic_control' (14#1) [/home/zhs/NetFPGA-SUME-live-master/projects/reference_switch/hw/project/reference_switch.srcs/sources_1/bd/control_sub/ipshared/efc9/hdl/axi_iic_v2_0_vh_rfs.vhd:2908]
INFO: [Synth 8-638] synthesizing module 'SRL_FIFO' [/home/zhs/NetFPGA-SUME-live-master/projects/reference_switch/hw/project/reference_switch.srcs/sources_1/bd/control_sub/ipshared/efc9/hdl/axi_iic_v2_0_vh_rfs.vhd:449]
INFO: [Synth 8-638] synthesizing module 'FDR' [/opt/Xilinx/Vivado/2016.4/scripts/rt/data/unisim_comp.v:3951]
INFO: [Synth 8-256] done synthesizing module 'FDR' (15#1) [/opt/Xilinx/Vivado/2016.4/scripts/rt/data/unisim_comp.v:3951]
INFO: [Synth 8-638] synthesizing module 'MUXCY_L' [/opt/Xilinx/Vivado/2016.4/scripts/rt/data/unisim_comp.v:21293]
INFO: [Synth 8-256] done synthesizing module 'MUXCY_L' (16#1) [/opt/Xilinx/Vivado/2016.4/scripts/rt/data/unisim_comp.v:21293]
INFO: [Synth 8-638] synthesizing module 'XORCY' [/opt/Xilinx/Vivado/2016.4/scripts/rt/data/unisim_comp.v:45340]
INFO: [Synth 8-256] done synthesizing module 'XORCY' (17#1) [/opt/Xilinx/Vivado/2016.4/scripts/rt/data/unisim_comp.v:45340]
INFO: [Synth 8-638] synthesizing module 'FDRE' [/opt/Xilinx/Vivado/2016.4/scripts/rt/data/unisim_comp.v:3964]
INFO: [Synth 8-256] done synthesizing module 'FDRE' (18#1) [/opt/Xilinx/Vivado/2016.4/scripts/rt/data/unisim_comp.v:3964]
INFO: [Synth 8-638] synthesizing module 'SRL16E' [/opt/Xilinx/Vivado/2016.4/scripts/rt/data/unisim_comp.v:43328]
INFO: [Synth 8-256] done synthesizing module 'SRL16E' (19#1) [/opt/Xilinx/Vivado/2016.4/scripts/rt/data/unisim_comp.v:43328]
INFO: [Synth 8-256] done synthesizing module 'SRL_FIFO' (20#1) [/home/zhs/NetFPGA-SUME-live-master/projects/reference_switch/hw/project/reference_switch.srcs/sources_1/bd/control_sub/ipshared/efc9/hdl/axi_iic_v2_0_vh_rfs.vhd:449]
INFO: [Synth 8-638] synthesizing module 'dynamic_master' [/home/zhs/NetFPGA-SUME-live-master/projects/reference_switch/hw/project/reference_switch.srcs/sources_1/bd/control_sub/ipshared/efc9/hdl/axi_iic_v2_0_vh_rfs.vhd:5204]
INFO: [Synth 8-256] done synthesizing module 'dynamic_master' (21#1) [/home/zhs/NetFPGA-SUME-live-master/projects/reference_switch/hw/project/reference_switch.srcs/sources_1/bd/control_sub/ipshared/efc9/hdl/axi_iic_v2_0_vh_rfs.vhd:5204]
INFO: [Synth 8-638] synthesizing module 'SRL_FIFO__parameterized0' [/home/zhs/NetFPGA-SUME-live-master/projects/reference_switch/hw/project/reference_switch.srcs/sources_1/bd/control_sub/ipshared/efc9/hdl/axi_iic_v2_0_vh_rfs.vhd:449]
INFO: [Synth 8-256] done synthesizing module 'SRL_FIFO__parameterized0' (21#1) [/home/zhs/NetFPGA-SUME-live-master/projects/reference_switch/hw/project/reference_switch.srcs/sources_1/bd/control_sub/ipshared/efc9/hdl/axi_iic_v2_0_vh_rfs.vhd:449]
INFO: [Synth 8-256] done synthesizing module 'iic' (22#1) [/home/zhs/NetFPGA-SUME-live-master/projects/reference_switch/hw/project/reference_switch.srcs/sources_1/bd/control_sub/ipshared/efc9/hdl/axi_iic_v2_0_vh_rfs.vhd:6187]
INFO: [Synth 8-256] done synthesizing module 'axi_iic' (23#1) [/home/zhs/NetFPGA-SUME-live-master/projects/reference_switch/hw/project/reference_switch.srcs/sources_1/bd/control_sub/ipshared/efc9/hdl/axi_iic_v2_0_vh_rfs.vhd:6870]
INFO: [Synth 8-256] done synthesizing module 'control_sub_axi_iic_0_0' (24#1) [/home/zhs/NetFPGA-SUME-live-master/projects/reference_switch/hw/project/reference_switch.srcs/sources_1/bd/control_sub/ip/control_sub_axi_iic_0_0/synth/control_sub_axi_iic_0_0.vhd:88]
Finished RTL Elaboration : Time (s): cpu = 00:00:13 ; elapsed = 00:01:34 . Memory (MB): peak = 1212.887 ; gain = 284.445 ; free physical = 106 ; free virtual = 9759
Finished RTL Optimization Phase 1 : Time (s): cpu = 00:00:13 ; elapsed = 00:01:35 . Memory (MB): peak = 1212.887 ; gain = 284.445 ; free physical = 106 ; free virtual = 9759
INFO: [Device 21-403] Loading part xc7vx690tffg1761-3
Constraint Validation Runtime : Time (s): cpu = 00:00:00.04 ; elapsed = 00:00:00.04 . Memory (MB): peak = 1646.445 ; gain = 0.004 ; free physical = 152 ; free virtual = 9415
Finished Constraint Validation : Time (s): cpu = 00:00:40 ; elapsed = 00:02:43 . Memory (MB): peak = 1646.445 ; gain = 718.004 ; free physical = 151 ; free virtual = 9414
Finished Loading Part and Timing Information : Time (s): cpu = 00:00:40 ; elapsed = 00:02:43 . Memory (MB): peak = 1646.445 ; gain = 718.004 ; free physical = 151 ; free virtual = 9414
Finished applying 'set_property' XDC Constraints : Time (s): cpu = 00:00:40 ; elapsed = 00:02:43 . Memory (MB): peak = 1646.445 ; gain = 718.004 ; free physical = 151 ; free virtual = 9414
Finished RTL Optimization Phase 2 : Time (s): cpu = 00:00:42 ; elapsed = 00:02:45 . Memory (MB): peak = 1646.445 ; gain = 718.004 ; free physical = 149 ; free virtual = 9412
Finished Cross Boundary and Area Optimization : Time (s): cpu = 00:00:44 ; elapsed = 00:02:48 . Memory (MB): peak = 1646.449 ; gain = 718.008 ; free physical = 142 ; free virtual = 9406
Finished Applying XDC Timing Constraints : Time (s): cpu = 00:00:54 ; elapsed = 00:02:57 . Memory (MB): peak = 1646.449 ; gain = 718.008 ; free physical = 112 ; free virtual = 9384
Finished Timing Optimization : Time (s): cpu = 00:00:56 ; elapsed = 00:02:59 . Memory (MB): peak = 1646.449 ; gain = 718.008 ; free physical = 126 ; free virtual = 9368
Finished Technology Mapping : Time (s): cpu = 00:00:56 ; elapsed = 00:03:00 . Memory (MB): peak = 1654.449 ; gain = 726.008 ; free physical = 113 ; free virtual = 9356
Finished IO Insertion : Time (s): cpu = 00:00:57 ; elapsed = 00:03:01 . Memory (MB): peak = 1654.453 ; gain = 726.012 ; free physical = 113 ; free virtual = 9356
Finished Renaming Generated Instances : Time (s): cpu = 00:00:57 ; elapsed = 00:03:01 . Memory (MB): peak = 1654.453 ; gain = 726.012 ; free physical = 113 ; free virtual = 9356
Finished Rebuilding User Hierarchy : Time (s): cpu = 00:00:57 ; elapsed = 00:03:01 . Memory (MB): peak = 1654.453 ; gain = 726.012 ; free physical = 113 ; free virtual = 9356
Finished Renaming Generated Ports : Time (s): cpu = 00:00:57 ; elapsed = 00:03:01 . Memory (MB): peak = 1654.453 ; gain = 726.012 ; free physical = 113 ; free virtual = 9356
Finished Handling Custom Attributes : Time (s): cpu = 00:00:57 ; elapsed = 00:03:01 . Memory (MB): peak = 1654.453 ; gain = 726.012 ; free physical = 113 ; free virtual = 9356
Finished Renaming Generated Nets : Time (s): cpu = 00:00:57 ; elapsed = 00:03:01 . Memory (MB): peak = 1654.453 ; gain = 726.012 ; free physical = 113 ; free virtual = 9356

Report Cell Usage: 
+------+--------+------+
|      |Cell    |Count |
+------+--------+------+
|1     |CARRY4  |     8|
|2     |LUT1    |     9|
|3     |LUT2    |    74|
|4     |LUT3    |    41|
|5     |LUT4    |    67|
|6     |LUT5    |    79|
|7     |LUT6    |   208|
|8     |MUXCY_L |     9|
|9     |MUXF7   |     2|
|10    |SRL16E  |    18|
|11    |XORCY   |    12|
|12    |FDR     |    11|
|13    |FDRE    |   318|
|14    |FDSE    |    49|
+------+--------+------+
Finished Writing Synthesis Report : Time (s): cpu = 00:00:57 ; elapsed = 00:03:01 . Memory (MB): peak = 1654.453 ; gain = 726.012 ; free physical = 113 ; free virtual = 9356
synth_design: Time (s): cpu = 00:00:54 ; elapsed = 00:02:58 . Memory (MB): peak = 1668.453 ; gain = 625.508 ; free physical = 151 ; free virtual = 9338
