Copyright 1986-2016 Xilinx, Inc. All Rights Reserved.
------------------------------------------------------------------------------------
| Tool Version : Vivado v.2016.4 (lin64) Build 1756540 Mon Jan 23 19:11:19 MST 2017
| Date         : Sat Jul 28 23:31:21 2018
| Host         : sume running 64-bit Ubuntu 14.04.5 LTS
| Command      : report_drc -file top_drc_opted.rpt
| Design       : top
| Device       : xc7vx690tffg1761-3
| Speed File   : -3
| Design State : Synthesized
------------------------------------------------------------------------------------

Report DRC

Table of Contents
-----------------
1. REPORT SUMMARY
2. REPORT DETAILS

1. REPORT SUMMARY
-----------------
            Netlist: netlist
          Floorplan: design_1
      Design limits: <entire design considered>
           Ruledeck: default
             Max violations: <unlimited>
             Violations found: 59
+-------------+------------------+-------------------------------------------------------------+------------+
| Rule        | Severity         | Description                                                 | Violations |
+-------------+------------------+-------------------------------------------------------------+------------+
| PDCN-2721   | Critical Warning | IBUFDS_GT_loads_clock_region                                | 1          |
| CHECK-3     | Warning          | Report rule limit reached                                   | 2          |
| PLHOLDVIO-2 | Warning          | Non-Optimal connections which could lead to hold violations | 4          |
| REQP-1839   | Warning          | RAMB36 async control check                                  | 20         |
| REQP-1840   | Warning          | RAMB18 async control check                                  | 20         |
| REQP-165    | Advisory         | writefirst                                                  | 4          |
| REQP-181    | Advisory         | writefirst                                                  | 8          |
+-------------+------------------+-------------------------------------------------------------+------------+

2. REPORT DETAILS
-----------------
PDCN-2721#1 Critical Warning
IBUFDS_GT_loads_clock_region  
IBUFDS_GTE2 IBUFDS_GTE2_inst drives MMCME2_ADV control_sub_i/nf_mbsys/clk_wiz_1/inst/mmcm_adv_inst in a different clock region and must do so using local routing resources which may negatively affect clock performance. Use CLOCK_DEDICATED_ROUTE set to FALSE to indicate this is intended.
Related violations: <none>

CHECK-3#1 Warning
Report rule limit reached  
REQP-1839 rule limit reached: 20 violations have been found.
Related violations: <none>

CHECK-3#2 Warning
Report rule limit reached  
REQP-1840 rule limit reached: 20 violations have been found.
Related violations: <none>

PLHOLDVIO-2#1 Warning
Non-Optimal connections which could lead to hold violations  
A LUT control_sub_i/dma_sub/nf_riffa_dma_1/inst/riffa/riffa_inst/channels[0].channel/channel/rxPort/mainFifo/fifo/rdPtrEmpty/rDir_i_1 is driving clock pin of 1 cells. This could lead to large hold time violations. First few involved cells are:
    control_sub_i/dma_sub/nf_riffa_dma_1/inst/riffa/riffa_inst/channels[0].channel/channel/rxPort/mainFifo/fifo/asyncCompare/rDir_reg {FDCE}

Related violations: <none>

PLHOLDVIO-2#2 Warning
Non-Optimal connections which could lead to hold violations  
A LUT control_sub_i/dma_sub/nf_riffa_dma_1/inst/riffa/riffa_inst/channels[0].channel/channel/txPort/gate/fifo/rdPtrEmpty/rDir_i_1__0 is driving clock pin of 1 cells. This could lead to large hold time violations. First few involved cells are:
    control_sub_i/dma_sub/nf_riffa_dma_1/inst/riffa/riffa_inst/channels[0].channel/channel/txPort/gate/fifo/asyncCompare/rDir_reg {FDCE}

Related violations: <none>

PLHOLDVIO-2#3 Warning
Non-Optimal connections which could lead to hold violations  
A LUT control_sub_i/dma_sub/nf_riffa_dma_1/inst/riffa/riffa_inst/channels[1].channel/channel/rxPort/mainFifo/fifo/rdPtrEmpty/rDir_i_1__1 is driving clock pin of 1 cells. This could lead to large hold time violations. First few involved cells are:
    control_sub_i/dma_sub/nf_riffa_dma_1/inst/riffa/riffa_inst/channels[1].channel/channel/rxPort/mainFifo/fifo/asyncCompare/rDir_reg {FDCE}

Related violations: <none>

PLHOLDVIO-2#4 Warning
Non-Optimal connections which could lead to hold violations  
A LUT control_sub_i/dma_sub/nf_riffa_dma_1/inst/riffa/riffa_inst/channels[1].channel/channel/txPort/gate/fifo/rdPtrEmpty/rDir_i_1__2 is driving clock pin of 1 cells. This could lead to large hold time violations. First few involved cells are:
    control_sub_i/dma_sub/nf_riffa_dma_1/inst/riffa/riffa_inst/channels[1].channel/channel/txPort/gate/fifo/asyncCompare/rDir_reg {FDCE}

Related violations: <none>

REQP-1839#1 Warning
RAMB36 async control check  
The RAMB36E1 control_sub_i/dma_sub/nf_riffa_dma_1/inst/riffa/engine_layer_inst/tx_engine_ultrascale_inst/txc_engine_inst/txc_engine_inst/tx_data_pipeline_inst/txdf_inst/gen_regs_fifos[0].fifo_inst_/mem/rMemory_reg has an input control pin control_sub_i/dma_sub/nf_riffa_dma_1/inst/riffa/engine_layer_inst/tx_engine_ultrascale_inst/txc_engine_inst/txc_engine_inst/tx_data_pipeline_inst/txdf_inst/gen_regs_fifos[0].fifo_inst_/mem/rMemory_reg/ENBWREN (net: control_sub_i/dma_sub/nf_riffa_dma_1/inst/riffa/engine_layer_inst/tx_engine_ultrascale_inst/txc_engine_inst/txc_engine_inst/tx_data_pipeline_inst/txdf_inst/gen_regs_fifos[0].fifo_inst_/mem/rMemory_reg_0[0]) which is driven by a register (control_sub_i/dma_sub/pcie3_7x_1/inst/pcie_top_i/pcie_init_ctrl_7vx_i/FSM_onehot_reg_state_reg[2]) that has an active asychronous set or reset. This may cause corruption of the memory contents and/or read values when the set/reset is asserted and is not analyzed by the default static timing analysis. It is suggested to eliminate the use of a set/reset to registers driving this RAMB pin or else use a synchronous reset in which the assertion of the reset is timed by default.
Related violations: <none>

REQP-1839#2 Warning
RAMB36 async control check  
The RAMB36E1 control_sub_i/dma_sub/nf_riffa_dma_1/inst/riffa/engine_layer_inst/tx_engine_ultrascale_inst/txc_engine_inst/txc_engine_inst/tx_data_pipeline_inst/txdf_inst/gen_regs_fifos[0].fifo_inst_/mem/rMemory_reg has an input control pin control_sub_i/dma_sub/nf_riffa_dma_1/inst/riffa/engine_layer_inst/tx_engine_ultrascale_inst/txc_engine_inst/txc_engine_inst/tx_data_pipeline_inst/txdf_inst/gen_regs_fifos[0].fifo_inst_/mem/rMemory_reg/ENBWREN (net: control_sub_i/dma_sub/nf_riffa_dma_1/inst/riffa/engine_layer_inst/tx_engine_ultrascale_inst/txc_engine_inst/txc_engine_inst/tx_data_pipeline_inst/txdf_inst/gen_regs_fifos[0].fifo_inst_/mem/rMemory_reg_0[0]) which is driven by a register (control_sub_i/dma_sub/pcie3_7x_1/inst/pcie_top_i/pcie_init_ctrl_7vx_i/FSM_onehot_reg_state_reg[3]) that has an active asychronous set or reset. This may cause corruption of the memory contents and/or read values when the set/reset is asserted and is not analyzed by the default static timing analysis. It is suggested to eliminate the use of a set/reset to registers driving this RAMB pin or else use a synchronous reset in which the assertion of the reset is timed by default.
Related violations: <none>

REQP-1839#3 Warning
RAMB36 async control check  
The RAMB36E1 control_sub_i/dma_sub/nf_riffa_dma_1/inst/riffa/engine_layer_inst/tx_engine_ultrascale_inst/txc_engine_inst/txc_engine_inst/tx_data_pipeline_inst/txdf_inst/gen_regs_fifos[0].fifo_inst_/mem/rMemory_reg has an input control pin control_sub_i/dma_sub/nf_riffa_dma_1/inst/riffa/engine_layer_inst/tx_engine_ultrascale_inst/txc_engine_inst/txc_engine_inst/tx_data_pipeline_inst/txdf_inst/gen_regs_fifos[0].fifo_inst_/mem/rMemory_reg/ENBWREN (net: control_sub_i/dma_sub/nf_riffa_dma_1/inst/riffa/engine_layer_inst/tx_engine_ultrascale_inst/txc_engine_inst/txc_engine_inst/tx_data_pipeline_inst/txdf_inst/gen_regs_fifos[0].fifo_inst_/mem/rMemory_reg_0[0]) which is driven by a register (control_sub_i/dma_sub/pcie3_7x_1/inst/pcie_top_i/pcie_init_ctrl_7vx_i/FSM_onehot_reg_state_reg[7]) that has an active asychronous set or reset. This may cause corruption of the memory contents and/or read values when the set/reset is asserted and is not analyzed by the default static timing analysis. It is suggested to eliminate the use of a set/reset to registers driving this RAMB pin or else use a synchronous reset in which the assertion of the reset is timed by default.
Related violations: <none>

REQP-1839#4 Warning
RAMB36 async control check  
The RAMB36E1 control_sub_i/dma_sub/nf_riffa_dma_1/inst/riffa/engine_layer_inst/tx_engine_ultrascale_inst/txc_engine_inst/txc_engine_inst/tx_data_pipeline_inst/txdf_inst/gen_regs_fifos[0].fifo_inst_/mem/rMemory_reg has an input control pin control_sub_i/dma_sub/nf_riffa_dma_1/inst/riffa/engine_layer_inst/tx_engine_ultrascale_inst/txc_engine_inst/txc_engine_inst/tx_data_pipeline_inst/txdf_inst/gen_regs_fifos[0].fifo_inst_/mem/rMemory_reg/ENBWREN (net: control_sub_i/dma_sub/nf_riffa_dma_1/inst/riffa/engine_layer_inst/tx_engine_ultrascale_inst/txc_engine_inst/txc_engine_inst/tx_data_pipeline_inst/txdf_inst/gen_regs_fifos[0].fifo_inst_/mem/rMemory_reg_0[0]) which is driven by a register (control_sub_i/dma_sub/pcie3_7x_1/inst/pcie_top_i/pcie_tlp_tph_tbl_7vx_i/reg_cfg_tph_stt_read_data_valid_o_reg) that has an active asychronous set or reset. This may cause corruption of the memory contents and/or read values when the set/reset is asserted and is not analyzed by the default static timing analysis. It is suggested to eliminate the use of a set/reset to registers driving this RAMB pin or else use a synchronous reset in which the assertion of the reset is timed by default.
Related violations: <none>

REQP-1839#5 Warning
RAMB36 async control check  
The RAMB36E1 control_sub_i/dma_sub/nf_riffa_dma_1/inst/riffa/engine_layer_inst/tx_engine_ultrascale_inst/txc_engine_inst/txc_engine_inst/tx_data_pipeline_inst/txdf_inst/gen_regs_fifos[1].fifo_inst_/mem/rMemory_reg has an input control pin control_sub_i/dma_sub/nf_riffa_dma_1/inst/riffa/engine_layer_inst/tx_engine_ultrascale_inst/txc_engine_inst/txc_engine_inst/tx_data_pipeline_inst/txdf_inst/gen_regs_fifos[1].fifo_inst_/mem/rMemory_reg/ENBWREN (net: control_sub_i/dma_sub/nf_riffa_dma_1/inst/riffa/engine_layer_inst/tx_engine_ultrascale_inst/txc_engine_inst/txc_engine_inst/tx_data_pipeline_inst/txdf_inst/gen_regs_fifos[1].fifo_inst_/mem/E[0]) which is driven by a register (control_sub_i/dma_sub/pcie3_7x_1/inst/pcie_top_i/pcie_init_ctrl_7vx_i/FSM_onehot_reg_state_reg[2]) that has an active asychronous set or reset. This may cause corruption of the memory contents and/or read values when the set/reset is asserted and is not analyzed by the default static timing analysis. It is suggested to eliminate the use of a set/reset to registers driving this RAMB pin or else use a synchronous reset in which the assertion of the reset is timed by default.
Related violations: <none>

REQP-1839#6 Warning
RAMB36 async control check  
The RAMB36E1 control_sub_i/dma_sub/nf_riffa_dma_1/inst/riffa/engine_layer_inst/tx_engine_ultrascale_inst/txc_engine_inst/txc_engine_inst/tx_data_pipeline_inst/txdf_inst/gen_regs_fifos[1].fifo_inst_/mem/rMemory_reg has an input control pin control_sub_i/dma_sub/nf_riffa_dma_1/inst/riffa/engine_layer_inst/tx_engine_ultrascale_inst/txc_engine_inst/txc_engine_inst/tx_data_pipeline_inst/txdf_inst/gen_regs_fifos[1].fifo_inst_/mem/rMemory_reg/ENBWREN (net: control_sub_i/dma_sub/nf_riffa_dma_1/inst/riffa/engine_layer_inst/tx_engine_ultrascale_inst/txc_engine_inst/txc_engine_inst/tx_data_pipeline_inst/txdf_inst/gen_regs_fifos[1].fifo_inst_/mem/E[0]) which is driven by a register (control_sub_i/dma_sub/pcie3_7x_1/inst/pcie_top_i/pcie_init_ctrl_7vx_i/FSM_onehot_reg_state_reg[3]) that has an active asychronous set or reset. This may cause corruption of the memory contents and/or read values when the set/reset is asserted and is not analyzed by the default static timing analysis. It is suggested to eliminate the use of a set/reset to registers driving this RAMB pin or else use a synchronous reset in which the assertion of the reset is timed by default.
Related violations: <none>

REQP-1839#7 Warning
RAMB36 async control check  
The RAMB36E1 control_sub_i/dma_sub/nf_riffa_dma_1/inst/riffa/engine_layer_inst/tx_engine_ultrascale_inst/txc_engine_inst/txc_engine_inst/tx_data_pipeline_inst/txdf_inst/gen_regs_fifos[1].fifo_inst_/mem/rMemory_reg has an input control pin control_sub_i/dma_sub/nf_riffa_dma_1/inst/riffa/engine_layer_inst/tx_engine_ultrascale_inst/txc_engine_inst/txc_engine_inst/tx_data_pipeline_inst/txdf_inst/gen_regs_fifos[1].fifo_inst_/mem/rMemory_reg/ENBWREN (net: control_sub_i/dma_sub/nf_riffa_dma_1/inst/riffa/engine_layer_inst/tx_engine_ultrascale_inst/txc_engine_inst/txc_engine_inst/tx_data_pipeline_inst/txdf_inst/gen_regs_fifos[1].fifo_inst_/mem/E[0]) which is driven by a register (control_sub_i/dma_sub/pcie3_7x_1/inst/pcie_top_i/pcie_init_ctrl_7vx_i/FSM_onehot_reg_state_reg[7]) that has an active asychronous set or reset. This may cause corruption of the memory contents and/or read values when the set/reset is asserted and is not analyzed by the default static timing analysis. It is suggested to eliminate the use of a set/reset to registers driving this RAMB pin or else use a synchronous reset in which the assertion of the reset is timed by default.
Related violations: <none>

REQP-1839#8 Warning
RAMB36 async control check  
The RAMB36E1 control_sub_i/dma_sub/nf_riffa_dma_1/inst/riffa/engine_layer_inst/tx_engine_ultrascale_inst/txc_engine_inst/txc_engine_inst/tx_data_pipeline_inst/txdf_inst/gen_regs_fifos[1].fifo_inst_/mem/rMemory_reg has an input control pin control_sub_i/dma_sub/nf_riffa_dma_1/inst/riffa/engine_layer_inst/tx_engine_ultrascale_inst/txc_engine_inst/txc_engine_inst/tx_data_pipeline_inst/txdf_inst/gen_regs_fifos[1].fifo_inst_/mem/rMemory_reg/ENBWREN (net: control_sub_i/dma_sub/nf_riffa_dma_1/inst/riffa/engine_layer_inst/tx_engine_ultrascale_inst/txc_engine_inst/txc_engine_inst/tx_data_pipeline_inst/txdf_inst/gen_regs_fifos[1].fifo_inst_/mem/E[0]) which is driven by a register (control_sub_i/dma_sub/pcie3_7x_1/inst/pcie_top_i/pcie_tlp_tph_tbl_7vx_i/reg_cfg_tph_stt_read_data_valid_o_reg) that has an active asychronous set or reset. This may cause corruption of the memory contents and/or read values when the set/reset is asserted and is not analyzed by the default static timing analysis. It is suggested to eliminate the use of a set/reset to registers driving this RAMB pin or else use a synchronous reset in which the assertion of the reset is timed by default.
Related violations: <none>

REQP-1839#9 Warning
RAMB36 async control check  
The RAMB36E1 control_sub_i/dma_sub/nf_riffa_dma_1/inst/riffa/engine_layer_inst/tx_engine_ultrascale_inst/txc_engine_inst/txc_engine_inst/tx_data_pipeline_inst/txdf_inst/gen_regs_fifos[2].fifo_inst_/mem/rMemory_reg has an input control pin control_sub_i/dma_sub/nf_riffa_dma_1/inst/riffa/engine_layer_inst/tx_engine_ultrascale_inst/txc_engine_inst/txc_engine_inst/tx_data_pipeline_inst/txdf_inst/gen_regs_fifos[2].fifo_inst_/mem/rMemory_reg/ENBWREN (net: control_sub_i/dma_sub/nf_riffa_dma_1/inst/riffa/engine_layer_inst/tx_engine_ultrascale_inst/txc_engine_inst/txc_engine_inst/tx_data_pipeline_inst/txdf_inst/gen_regs_fifos[2].fifo_inst_/mem/E[0]) which is driven by a register (control_sub_i/dma_sub/pcie3_7x_1/inst/pcie_top_i/pcie_init_ctrl_7vx_i/FSM_onehot_reg_state_reg[2]) that has an active asychronous set or reset. This may cause corruption of the memory contents and/or read values when the set/reset is asserted and is not analyzed by the default static timing analysis. It is suggested to eliminate the use of a set/reset to registers driving this RAMB pin or else use a synchronous reset in which the assertion of the reset is timed by default.
Related violations: <none>

REQP-1839#10 Warning
RAMB36 async control check  
The RAMB36E1 control_sub_i/dma_sub/nf_riffa_dma_1/inst/riffa/engine_layer_inst/tx_engine_ultrascale_inst/txc_engine_inst/txc_engine_inst/tx_data_pipeline_inst/txdf_inst/gen_regs_fifos[2].fifo_inst_/mem/rMemory_reg has an input control pin control_sub_i/dma_sub/nf_riffa_dma_1/inst/riffa/engine_layer_inst/tx_engine_ultrascale_inst/txc_engine_inst/txc_engine_inst/tx_data_pipeline_inst/txdf_inst/gen_regs_fifos[2].fifo_inst_/mem/rMemory_reg/ENBWREN (net: control_sub_i/dma_sub/nf_riffa_dma_1/inst/riffa/engine_layer_inst/tx_engine_ultrascale_inst/txc_engine_inst/txc_engine_inst/tx_data_pipeline_inst/txdf_inst/gen_regs_fifos[2].fifo_inst_/mem/E[0]) which is driven by a register (control_sub_i/dma_sub/pcie3_7x_1/inst/pcie_top_i/pcie_init_ctrl_7vx_i/FSM_onehot_reg_state_reg[3]) that has an active asychronous set or reset. This may cause corruption of the memory contents and/or read values when the set/reset is asserted and is not analyzed by the default static timing analysis. It is suggested to eliminate the use of a set/reset to registers driving this RAMB pin or else use a synchronous reset in which the assertion of the reset is timed by default.
Related violations: <none>

REQP-1839#11 Warning
RAMB36 async control check  
The RAMB36E1 control_sub_i/dma_sub/nf_riffa_dma_1/inst/riffa/engine_layer_inst/tx_engine_ultrascale_inst/txc_engine_inst/txc_engine_inst/tx_data_pipeline_inst/txdf_inst/gen_regs_fifos[2].fifo_inst_/mem/rMemory_reg has an input control pin control_sub_i/dma_sub/nf_riffa_dma_1/inst/riffa/engine_layer_inst/tx_engine_ultrascale_inst/txc_engine_inst/txc_engine_inst/tx_data_pipeline_inst/txdf_inst/gen_regs_fifos[2].fifo_inst_/mem/rMemory_reg/ENBWREN (net: control_sub_i/dma_sub/nf_riffa_dma_1/inst/riffa/engine_layer_inst/tx_engine_ultrascale_inst/txc_engine_inst/txc_engine_inst/tx_data_pipeline_inst/txdf_inst/gen_regs_fifos[2].fifo_inst_/mem/E[0]) which is driven by a register (control_sub_i/dma_sub/pcie3_7x_1/inst/pcie_top_i/pcie_init_ctrl_7vx_i/FSM_onehot_reg_state_reg[7]) that has an active asychronous set or reset. This may cause corruption of the memory contents and/or read values when the set/reset is asserted and is not analyzed by the default static timing analysis. It is suggested to eliminate the use of a set/reset to registers driving this RAMB pin or else use a synchronous reset in which the assertion of the reset is timed by default.
Related violations: <none>

REQP-1839#12 Warning
RAMB36 async control check  
The RAMB36E1 control_sub_i/dma_sub/nf_riffa_dma_1/inst/riffa/engine_layer_inst/tx_engine_ultrascale_inst/txc_engine_inst/txc_engine_inst/tx_data_pipeline_inst/txdf_inst/gen_regs_fifos[2].fifo_inst_/mem/rMemory_reg has an input control pin control_sub_i/dma_sub/nf_riffa_dma_1/inst/riffa/engine_layer_inst/tx_engine_ultrascale_inst/txc_engine_inst/txc_engine_inst/tx_data_pipeline_inst/txdf_inst/gen_regs_fifos[2].fifo_inst_/mem/rMemory_reg/ENBWREN (net: control_sub_i/dma_sub/nf_riffa_dma_1/inst/riffa/engine_layer_inst/tx_engine_ultrascale_inst/txc_engine_inst/txc_engine_inst/tx_data_pipeline_inst/txdf_inst/gen_regs_fifos[2].fifo_inst_/mem/E[0]) which is driven by a register (control_sub_i/dma_sub/pcie3_7x_1/inst/pcie_top_i/pcie_tlp_tph_tbl_7vx_i/reg_cfg_tph_stt_read_data_valid_o_reg) that has an active asychronous set or reset. This may cause corruption of the memory contents and/or read values when the set/reset is asserted and is not analyzed by the default static timing analysis. It is suggested to eliminate the use of a set/reset to registers driving this RAMB pin or else use a synchronous reset in which the assertion of the reset is timed by default.
Related violations: <none>

REQP-1839#13 Warning
RAMB36 async control check  
The RAMB36E1 control_sub_i/dma_sub/nf_riffa_dma_1/inst/riffa/engine_layer_inst/tx_engine_ultrascale_inst/txc_engine_inst/txc_engine_inst/tx_data_pipeline_inst/txdf_inst/gen_regs_fifos[3].fifo_inst_/mem/rMemory_reg has an input control pin control_sub_i/dma_sub/nf_riffa_dma_1/inst/riffa/engine_layer_inst/tx_engine_ultrascale_inst/txc_engine_inst/txc_engine_inst/tx_data_pipeline_inst/txdf_inst/gen_regs_fifos[3].fifo_inst_/mem/rMemory_reg/ENBWREN (net: control_sub_i/dma_sub/nf_riffa_dma_1/inst/riffa/engine_layer_inst/tx_engine_ultrascale_inst/txc_engine_inst/txc_engine_inst/tx_data_pipeline_inst/txdf_inst/gen_regs_fifos[3].fifo_inst_/mem/E[0]) which is driven by a register (control_sub_i/dma_sub/pcie3_7x_1/inst/pcie_top_i/pcie_init_ctrl_7vx_i/FSM_onehot_reg_state_reg[2]) that has an active asychronous set or reset. This may cause corruption of the memory contents and/or read values when the set/reset is asserted and is not analyzed by the default static timing analysis. It is suggested to eliminate the use of a set/reset to registers driving this RAMB pin or else use a synchronous reset in which the assertion of the reset is timed by default.
Related violations: <none>

REQP-1839#14 Warning
RAMB36 async control check  
The RAMB36E1 control_sub_i/dma_sub/nf_riffa_dma_1/inst/riffa/engine_layer_inst/tx_engine_ultrascale_inst/txc_engine_inst/txc_engine_inst/tx_data_pipeline_inst/txdf_inst/gen_regs_fifos[3].fifo_inst_/mem/rMemory_reg has an input control pin control_sub_i/dma_sub/nf_riffa_dma_1/inst/riffa/engine_layer_inst/tx_engine_ultrascale_inst/txc_engine_inst/txc_engine_inst/tx_data_pipeline_inst/txdf_inst/gen_regs_fifos[3].fifo_inst_/mem/rMemory_reg/ENBWREN (net: control_sub_i/dma_sub/nf_riffa_dma_1/inst/riffa/engine_layer_inst/tx_engine_ultrascale_inst/txc_engine_inst/txc_engine_inst/tx_data_pipeline_inst/txdf_inst/gen_regs_fifos[3].fifo_inst_/mem/E[0]) which is driven by a register (control_sub_i/dma_sub/pcie3_7x_1/inst/pcie_top_i/pcie_init_ctrl_7vx_i/FSM_onehot_reg_state_reg[3]) that has an active asychronous set or reset. This may cause corruption of the memory contents and/or read values when the set/reset is asserted and is not analyzed by the default static timing analysis. It is suggested to eliminate the use of a set/reset to registers driving this RAMB pin or else use a synchronous reset in which the assertion of the reset is timed by default.
Related violations: <none>

REQP-1839#15 Warning
RAMB36 async control check  
The RAMB36E1 control_sub_i/dma_sub/nf_riffa_dma_1/inst/riffa/engine_layer_inst/tx_engine_ultrascale_inst/txc_engine_inst/txc_engine_inst/tx_data_pipeline_inst/txdf_inst/gen_regs_fifos[3].fifo_inst_/mem/rMemory_reg has an input control pin control_sub_i/dma_sub/nf_riffa_dma_1/inst/riffa/engine_layer_inst/tx_engine_ultrascale_inst/txc_engine_inst/txc_engine_inst/tx_data_pipeline_inst/txdf_inst/gen_regs_fifos[3].fifo_inst_/mem/rMemory_reg/ENBWREN (net: control_sub_i/dma_sub/nf_riffa_dma_1/inst/riffa/engine_layer_inst/tx_engine_ultrascale_inst/txc_engine_inst/txc_engine_inst/tx_data_pipeline_inst/txdf_inst/gen_regs_fifos[3].fifo_inst_/mem/E[0]) which is driven by a register (control_sub_i/dma_sub/pcie3_7x_1/inst/pcie_top_i/pcie_init_ctrl_7vx_i/FSM_onehot_reg_state_reg[7]) that has an active asychronous set or reset. This may cause corruption of the memory contents and/or read values when the set/reset is asserted and is not analyzed by the default static timing analysis. It is suggested to eliminate the use of a set/reset to registers driving this RAMB pin or else use a synchronous reset in which the assertion of the reset is timed by default.
Related violations: <none>

REQP-1839#16 Warning
RAMB36 async control check  
The RAMB36E1 control_sub_i/dma_sub/nf_riffa_dma_1/inst/riffa/engine_layer_inst/tx_engine_ultrascale_inst/txc_engine_inst/txc_engine_inst/tx_data_pipeline_inst/txdf_inst/gen_regs_fifos[3].fifo_inst_/mem/rMemory_reg has an input control pin control_sub_i/dma_sub/nf_riffa_dma_1/inst/riffa/engine_layer_inst/tx_engine_ultrascale_inst/txc_engine_inst/txc_engine_inst/tx_data_pipeline_inst/txdf_inst/gen_regs_fifos[3].fifo_inst_/mem/rMemory_reg/ENBWREN (net: control_sub_i/dma_sub/nf_riffa_dma_1/inst/riffa/engine_layer_inst/tx_engine_ultrascale_inst/txc_engine_inst/txc_engine_inst/tx_data_pipeline_inst/txdf_inst/gen_regs_fifos[3].fifo_inst_/mem/E[0]) which is driven by a register (control_sub_i/dma_sub/pcie3_7x_1/inst/pcie_top_i/pcie_tlp_tph_tbl_7vx_i/reg_cfg_tph_stt_read_data_valid_o_reg) that has an active asychronous set or reset. This may cause corruption of the memory contents and/or read values when the set/reset is asserted and is not analyzed by the default static timing analysis. It is suggested to eliminate the use of a set/reset to registers driving this RAMB pin or else use a synchronous reset in which the assertion of the reset is timed by default.
Related violations: <none>

REQP-1839#17 Warning
RAMB36 async control check  
The RAMB36E1 control_sub_i/dma_sub/nf_riffa_dma_1/inst/riffa/engine_layer_inst/tx_engine_ultrascale_inst/txr_engine_inst/txr_engine_inst/tx_data_pipeline_inst/txdf_inst/gen_regs_fifos[0].fifo_inst_/mem/rMemory_reg has an input control pin control_sub_i/dma_sub/nf_riffa_dma_1/inst/riffa/engine_layer_inst/tx_engine_ultrascale_inst/txr_engine_inst/txr_engine_inst/tx_data_pipeline_inst/txdf_inst/gen_regs_fifos[0].fifo_inst_/mem/rMemory_reg/ENBWREN (net: control_sub_i/dma_sub/nf_riffa_dma_1/inst/riffa/engine_layer_inst/tx_engine_ultrascale_inst/txr_engine_inst/txr_engine_inst/tx_data_pipeline_inst/txdf_inst/gen_regs_fifos[0].fifo_inst_/mem/rMemory_reg_0[0]) which is driven by a register (control_sub_i/dma_sub/pcie3_7x_1/inst/pcie_top_i/pcie_init_ctrl_7vx_i/FSM_onehot_reg_state_reg[2]) that has an active asychronous set or reset. This may cause corruption of the memory contents and/or read values when the set/reset is asserted and is not analyzed by the default static timing analysis. It is suggested to eliminate the use of a set/reset to registers driving this RAMB pin or else use a synchronous reset in which the assertion of the reset is timed by default.
Related violations: <none>

REQP-1839#18 Warning
RAMB36 async control check  
The RAMB36E1 control_sub_i/dma_sub/nf_riffa_dma_1/inst/riffa/engine_layer_inst/tx_engine_ultrascale_inst/txr_engine_inst/txr_engine_inst/tx_data_pipeline_inst/txdf_inst/gen_regs_fifos[0].fifo_inst_/mem/rMemory_reg has an input control pin control_sub_i/dma_sub/nf_riffa_dma_1/inst/riffa/engine_layer_inst/tx_engine_ultrascale_inst/txr_engine_inst/txr_engine_inst/tx_data_pipeline_inst/txdf_inst/gen_regs_fifos[0].fifo_inst_/mem/rMemory_reg/ENBWREN (net: control_sub_i/dma_sub/nf_riffa_dma_1/inst/riffa/engine_layer_inst/tx_engine_ultrascale_inst/txr_engine_inst/txr_engine_inst/tx_data_pipeline_inst/txdf_inst/gen_regs_fifos[0].fifo_inst_/mem/rMemory_reg_0[0]) which is driven by a register (control_sub_i/dma_sub/pcie3_7x_1/inst/pcie_top_i/pcie_init_ctrl_7vx_i/FSM_onehot_reg_state_reg[3]) that has an active asychronous set or reset. This may cause corruption of the memory contents and/or read values when the set/reset is asserted and is not analyzed by the default static timing analysis. It is suggested to eliminate the use of a set/reset to registers driving this RAMB pin or else use a synchronous reset in which the assertion of the reset is timed by default.
Related violations: <none>

REQP-1839#19 Warning
RAMB36 async control check  
The RAMB36E1 control_sub_i/dma_sub/nf_riffa_dma_1/inst/riffa/engine_layer_inst/tx_engine_ultrascale_inst/txr_engine_inst/txr_engine_inst/tx_data_pipeline_inst/txdf_inst/gen_regs_fifos[0].fifo_inst_/mem/rMemory_reg has an input control pin control_sub_i/dma_sub/nf_riffa_dma_1/inst/riffa/engine_layer_inst/tx_engine_ultrascale_inst/txr_engine_inst/txr_engine_inst/tx_data_pipeline_inst/txdf_inst/gen_regs_fifos[0].fifo_inst_/mem/rMemory_reg/ENBWREN (net: control_sub_i/dma_sub/nf_riffa_dma_1/inst/riffa/engine_layer_inst/tx_engine_ultrascale_inst/txr_engine_inst/txr_engine_inst/tx_data_pipeline_inst/txdf_inst/gen_regs_fifos[0].fifo_inst_/mem/rMemory_reg_0[0]) which is driven by a register (control_sub_i/dma_sub/pcie3_7x_1/inst/pcie_top_i/pcie_init_ctrl_7vx_i/FSM_onehot_reg_state_reg[7]) that has an active asychronous set or reset. This may cause corruption of the memory contents and/or read values when the set/reset is asserted and is not analyzed by the default static timing analysis. It is suggested to eliminate the use of a set/reset to registers driving this RAMB pin or else use a synchronous reset in which the assertion of the reset is timed by default.
Related violations: <none>

REQP-1839#20 Warning
RAMB36 async control check  
The RAMB36E1 control_sub_i/dma_sub/nf_riffa_dma_1/inst/riffa/engine_layer_inst/tx_engine_ultrascale_inst/txr_engine_inst/txr_engine_inst/tx_data_pipeline_inst/txdf_inst/gen_regs_fifos[0].fifo_inst_/mem/rMemory_reg has an input control pin control_sub_i/dma_sub/nf_riffa_dma_1/inst/riffa/engine_layer_inst/tx_engine_ultrascale_inst/txr_engine_inst/txr_engine_inst/tx_data_pipeline_inst/txdf_inst/gen_regs_fifos[0].fifo_inst_/mem/rMemory_reg/ENBWREN (net: control_sub_i/dma_sub/nf_riffa_dma_1/inst/riffa/engine_layer_inst/tx_engine_ultrascale_inst/txr_engine_inst/txr_engine_inst/tx_data_pipeline_inst/txdf_inst/gen_regs_fifos[0].fifo_inst_/mem/rMemory_reg_0[0]) which is driven by a register (control_sub_i/dma_sub/pcie3_7x_1/inst/pcie_top_i/pcie_tlp_tph_tbl_7vx_i/reg_cfg_tph_stt_read_data_valid_o_reg) that has an active asychronous set or reset. This may cause corruption of the memory contents and/or read values when the set/reset is asserted and is not analyzed by the default static timing analysis. It is suggested to eliminate the use of a set/reset to registers driving this RAMB pin or else use a synchronous reset in which the assertion of the reset is timed by default.
Related violations: <none>

REQP-1840#1 Warning
RAMB18 async control check  
The RAMB18E1 control_sub_i/dma_sub/nf_riffa_dma_1/inst/riffa_axis_attachment/axis_to_riffa_conv/rx_riffa_fifo/fifo/queue_reg_7 has an input control pin control_sub_i/dma_sub/nf_riffa_dma_1/inst/riffa_axis_attachment/axis_to_riffa_conv/rx_riffa_fifo/fifo/queue_reg_7/ENARDEN (net: control_sub_i/dma_sub/nf_riffa_dma_1/inst/riffa_axis_attachment/axis_to_riffa_conv/rx_riffa_fifo/fifo/queue_reg_0_i_1__0_n_0) which is driven by a register (control_sub_i/dma_sub/axis_fifo_10g_rx/inst/gen_fifo_generator.fifo_generator_inst/inst_fifo_gen/gaxis_fifo.gaxisf.axisf/grf.rf/gntv_or_sync_fifo.gl0.rd/gr1.gr1_int.rfwft/empty_fwft_i_reg) that has an active asychronous set or reset. This may cause corruption of the memory contents and/or read values when the set/reset is asserted and is not analyzed by the default static timing analysis. It is suggested to eliminate the use of a set/reset to registers driving this RAMB pin or else use a synchronous reset in which the assertion of the reset is timed by default.
Related violations: <none>

REQP-1840#2 Warning
RAMB18 async control check  
The RAMB18E1 control_sub_i/dma_sub/pcie3_7x_1/inst/pcie_top_i/pcie_7vx_i/pcie_bram_7vx_i/req_fifo/U0/RAMB18E1[0].u_fifo has an input control pin control_sub_i/dma_sub/pcie3_7x_1/inst/pcie_top_i/pcie_7vx_i/pcie_bram_7vx_i/req_fifo/U0/RAMB18E1[0].u_fifo/ADDRARDADDR[10] (net: control_sub_i/dma_sub/pcie3_7x_1/inst/pcie_top_i/pcie_7vx_i/pcie_bram_7vx_i/req_fifo/U0/raddr0_i[5]) which is driven by a register (control_sub_i/dma_sub/pcie3_7x_1/inst/pcie_top_i/pcie_init_ctrl_7vx_i/FSM_onehot_reg_state_reg[2]) that has an active asychronous set or reset. This may cause corruption of the memory contents and/or read values when the set/reset is asserted and is not analyzed by the default static timing analysis. It is suggested to eliminate the use of a set/reset to registers driving this RAMB pin or else use a synchronous reset in which the assertion of the reset is timed by default.
Related violations: <none>

REQP-1840#3 Warning
RAMB18 async control check  
The RAMB18E1 control_sub_i/dma_sub/pcie3_7x_1/inst/pcie_top_i/pcie_7vx_i/pcie_bram_7vx_i/req_fifo/U0/RAMB18E1[0].u_fifo has an input control pin control_sub_i/dma_sub/pcie3_7x_1/inst/pcie_top_i/pcie_7vx_i/pcie_bram_7vx_i/req_fifo/U0/RAMB18E1[0].u_fifo/ADDRARDADDR[10] (net: control_sub_i/dma_sub/pcie3_7x_1/inst/pcie_top_i/pcie_7vx_i/pcie_bram_7vx_i/req_fifo/U0/raddr0_i[5]) which is driven by a register (control_sub_i/dma_sub/pcie3_7x_1/inst/pcie_top_i/pcie_init_ctrl_7vx_i/FSM_onehot_reg_state_reg[3]) that has an active asychronous set or reset. This may cause corruption of the memory contents and/or read values when the set/reset is asserted and is not analyzed by the default static timing analysis. It is suggested to eliminate the use of a set/reset to registers driving this RAMB pin or else use a synchronous reset in which the assertion of the reset is timed by default.
Related violations: <none>

REQP-1840#4 Warning
RAMB18 async control check  
The RAMB18E1 control_sub_i/dma_sub/pcie3_7x_1/inst/pcie_top_i/pcie_7vx_i/pcie_bram_7vx_i/req_fifo/U0/RAMB18E1[0].u_fifo has an input control pin control_sub_i/dma_sub/pcie3_7x_1/inst/pcie_top_i/pcie_7vx_i/pcie_bram_7vx_i/req_fifo/U0/RAMB18E1[0].u_fifo/ADDRARDADDR[10] (net: control_sub_i/dma_sub/pcie3_7x_1/inst/pcie_top_i/pcie_7vx_i/pcie_bram_7vx_i/req_fifo/U0/raddr0_i[5]) which is driven by a register (control_sub_i/dma_sub/pcie3_7x_1/inst/pcie_top_i/pcie_init_ctrl_7vx_i/FSM_onehot_reg_state_reg[7]) that has an active asychronous set or reset. This may cause corruption of the memory contents and/or read values when the set/reset is asserted and is not analyzed by the default static timing analysis. It is suggested to eliminate the use of a set/reset to registers driving this RAMB pin or else use a synchronous reset in which the assertion of the reset is timed by default.
Related violations: <none>

REQP-1840#5 Warning
RAMB18 async control check  
The RAMB18E1 control_sub_i/dma_sub/pcie3_7x_1/inst/pcie_top_i/pcie_7vx_i/pcie_bram_7vx_i/req_fifo/U0/RAMB18E1[0].u_fifo has an input control pin control_sub_i/dma_sub/pcie3_7x_1/inst/pcie_top_i/pcie_7vx_i/pcie_bram_7vx_i/req_fifo/U0/RAMB18E1[0].u_fifo/ADDRARDADDR[10] (net: control_sub_i/dma_sub/pcie3_7x_1/inst/pcie_top_i/pcie_7vx_i/pcie_bram_7vx_i/req_fifo/U0/raddr0_i[5]) which is driven by a register (control_sub_i/dma_sub/pcie3_7x_1/inst/pcie_top_i/pcie_tlp_tph_tbl_7vx_i/reg_cfg_tph_stt_read_data_valid_o_reg) that has an active asychronous set or reset. This may cause corruption of the memory contents and/or read values when the set/reset is asserted and is not analyzed by the default static timing analysis. It is suggested to eliminate the use of a set/reset to registers driving this RAMB pin or else use a synchronous reset in which the assertion of the reset is timed by default.
Related violations: <none>

REQP-1840#6 Warning
RAMB18 async control check  
The RAMB18E1 control_sub_i/dma_sub/pcie3_7x_1/inst/pcie_top_i/pcie_7vx_i/pcie_bram_7vx_i/req_fifo/U0/RAMB18E1[0].u_fifo has an input control pin control_sub_i/dma_sub/pcie3_7x_1/inst/pcie_top_i/pcie_7vx_i/pcie_bram_7vx_i/req_fifo/U0/RAMB18E1[0].u_fifo/ADDRARDADDR[11] (net: control_sub_i/dma_sub/pcie3_7x_1/inst/pcie_top_i/pcie_7vx_i/pcie_bram_7vx_i/req_fifo/U0/raddr0_i[6]) which is driven by a register (control_sub_i/dma_sub/pcie3_7x_1/inst/pcie_top_i/pcie_init_ctrl_7vx_i/FSM_onehot_reg_state_reg[2]) that has an active asychronous set or reset. This may cause corruption of the memory contents and/or read values when the set/reset is asserted and is not analyzed by the default static timing analysis. It is suggested to eliminate the use of a set/reset to registers driving this RAMB pin or else use a synchronous reset in which the assertion of the reset is timed by default.
Related violations: <none>

REQP-1840#7 Warning
RAMB18 async control check  
The RAMB18E1 control_sub_i/dma_sub/pcie3_7x_1/inst/pcie_top_i/pcie_7vx_i/pcie_bram_7vx_i/req_fifo/U0/RAMB18E1[0].u_fifo has an input control pin control_sub_i/dma_sub/pcie3_7x_1/inst/pcie_top_i/pcie_7vx_i/pcie_bram_7vx_i/req_fifo/U0/RAMB18E1[0].u_fifo/ADDRARDADDR[11] (net: control_sub_i/dma_sub/pcie3_7x_1/inst/pcie_top_i/pcie_7vx_i/pcie_bram_7vx_i/req_fifo/U0/raddr0_i[6]) which is driven by a register (control_sub_i/dma_sub/pcie3_7x_1/inst/pcie_top_i/pcie_init_ctrl_7vx_i/FSM_onehot_reg_state_reg[3]) that has an active asychronous set or reset. This may cause corruption of the memory contents and/or read values when the set/reset is asserted and is not analyzed by the default static timing analysis. It is suggested to eliminate the use of a set/reset to registers driving this RAMB pin or else use a synchronous reset in which the assertion of the reset is timed by default.
Related violations: <none>

REQP-1840#8 Warning
RAMB18 async control check  
The RAMB18E1 control_sub_i/dma_sub/pcie3_7x_1/inst/pcie_top_i/pcie_7vx_i/pcie_bram_7vx_i/req_fifo/U0/RAMB18E1[0].u_fifo has an input control pin control_sub_i/dma_sub/pcie3_7x_1/inst/pcie_top_i/pcie_7vx_i/pcie_bram_7vx_i/req_fifo/U0/RAMB18E1[0].u_fifo/ADDRARDADDR[11] (net: control_sub_i/dma_sub/pcie3_7x_1/inst/pcie_top_i/pcie_7vx_i/pcie_bram_7vx_i/req_fifo/U0/raddr0_i[6]) which is driven by a register (control_sub_i/dma_sub/pcie3_7x_1/inst/pcie_top_i/pcie_init_ctrl_7vx_i/FSM_onehot_reg_state_reg[7]) that has an active asychronous set or reset. This may cause corruption of the memory contents and/or read values when the set/reset is asserted and is not analyzed by the default static timing analysis. It is suggested to eliminate the use of a set/reset to registers driving this RAMB pin or else use a synchronous reset in which the assertion of the reset is timed by default.
Related violations: <none>

REQP-1840#9 Warning
RAMB18 async control check  
The RAMB18E1 control_sub_i/dma_sub/pcie3_7x_1/inst/pcie_top_i/pcie_7vx_i/pcie_bram_7vx_i/req_fifo/U0/RAMB18E1[0].u_fifo has an input control pin control_sub_i/dma_sub/pcie3_7x_1/inst/pcie_top_i/pcie_7vx_i/pcie_bram_7vx_i/req_fifo/U0/RAMB18E1[0].u_fifo/ADDRARDADDR[11] (net: control_sub_i/dma_sub/pcie3_7x_1/inst/pcie_top_i/pcie_7vx_i/pcie_bram_7vx_i/req_fifo/U0/raddr0_i[6]) which is driven by a register (control_sub_i/dma_sub/pcie3_7x_1/inst/pcie_top_i/pcie_tlp_tph_tbl_7vx_i/reg_cfg_tph_stt_read_data_valid_o_reg) that has an active asychronous set or reset. This may cause corruption of the memory contents and/or read values when the set/reset is asserted and is not analyzed by the default static timing analysis. It is suggested to eliminate the use of a set/reset to registers driving this RAMB pin or else use a synchronous reset in which the assertion of the reset is timed by default.
Related violations: <none>

REQP-1840#10 Warning
RAMB18 async control check  
The RAMB18E1 control_sub_i/dma_sub/pcie3_7x_1/inst/pcie_top_i/pcie_7vx_i/pcie_bram_7vx_i/req_fifo/U0/RAMB18E1[0].u_fifo has an input control pin control_sub_i/dma_sub/pcie3_7x_1/inst/pcie_top_i/pcie_7vx_i/pcie_bram_7vx_i/req_fifo/U0/RAMB18E1[0].u_fifo/ADDRARDADDR[12] (net: control_sub_i/dma_sub/pcie3_7x_1/inst/pcie_top_i/pcie_7vx_i/pcie_bram_7vx_i/req_fifo/U0/raddr0_i[7]) which is driven by a register (control_sub_i/dma_sub/pcie3_7x_1/inst/pcie_top_i/pcie_init_ctrl_7vx_i/FSM_onehot_reg_state_reg[2]) that has an active asychronous set or reset. This may cause corruption of the memory contents and/or read values when the set/reset is asserted and is not analyzed by the default static timing analysis. It is suggested to eliminate the use of a set/reset to registers driving this RAMB pin or else use a synchronous reset in which the assertion of the reset is timed by default.
Related violations: <none>

REQP-1840#11 Warning
RAMB18 async control check  
The RAMB18E1 control_sub_i/dma_sub/pcie3_7x_1/inst/pcie_top_i/pcie_7vx_i/pcie_bram_7vx_i/req_fifo/U0/RAMB18E1[0].u_fifo has an input control pin control_sub_i/dma_sub/pcie3_7x_1/inst/pcie_top_i/pcie_7vx_i/pcie_bram_7vx_i/req_fifo/U0/RAMB18E1[0].u_fifo/ADDRARDADDR[12] (net: control_sub_i/dma_sub/pcie3_7x_1/inst/pcie_top_i/pcie_7vx_i/pcie_bram_7vx_i/req_fifo/U0/raddr0_i[7]) which is driven by a register (control_sub_i/dma_sub/pcie3_7x_1/inst/pcie_top_i/pcie_init_ctrl_7vx_i/FSM_onehot_reg_state_reg[3]) that has an active asychronous set or reset. This may cause corruption of the memory contents and/or read values when the set/reset is asserted and is not analyzed by the default static timing analysis. It is suggested to eliminate the use of a set/reset to registers driving this RAMB pin or else use a synchronous reset in which the assertion of the reset is timed by default.
Related violations: <none>

REQP-1840#12 Warning
RAMB18 async control check  
The RAMB18E1 control_sub_i/dma_sub/pcie3_7x_1/inst/pcie_top_i/pcie_7vx_i/pcie_bram_7vx_i/req_fifo/U0/RAMB18E1[0].u_fifo has an input control pin control_sub_i/dma_sub/pcie3_7x_1/inst/pcie_top_i/pcie_7vx_i/pcie_bram_7vx_i/req_fifo/U0/RAMB18E1[0].u_fifo/ADDRARDADDR[12] (net: control_sub_i/dma_sub/pcie3_7x_1/inst/pcie_top_i/pcie_7vx_i/pcie_bram_7vx_i/req_fifo/U0/raddr0_i[7]) which is driven by a register (control_sub_i/dma_sub/pcie3_7x_1/inst/pcie_top_i/pcie_init_ctrl_7vx_i/FSM_onehot_reg_state_reg[7]) that has an active asychronous set or reset. This may cause corruption of the memory contents and/or read values when the set/reset is asserted and is not analyzed by the default static timing analysis. It is suggested to eliminate the use of a set/reset to registers driving this RAMB pin or else use a synchronous reset in which the assertion of the reset is timed by default.
Related violations: <none>

REQP-1840#13 Warning
RAMB18 async control check  
The RAMB18E1 control_sub_i/dma_sub/pcie3_7x_1/inst/pcie_top_i/pcie_7vx_i/pcie_bram_7vx_i/req_fifo/U0/RAMB18E1[0].u_fifo has an input control pin control_sub_i/dma_sub/pcie3_7x_1/inst/pcie_top_i/pcie_7vx_i/pcie_bram_7vx_i/req_fifo/U0/RAMB18E1[0].u_fifo/ADDRARDADDR[12] (net: control_sub_i/dma_sub/pcie3_7x_1/inst/pcie_top_i/pcie_7vx_i/pcie_bram_7vx_i/req_fifo/U0/raddr0_i[7]) which is driven by a register (control_sub_i/dma_sub/pcie3_7x_1/inst/pcie_top_i/pcie_tlp_tph_tbl_7vx_i/reg_cfg_tph_stt_read_data_valid_o_reg) that has an active asychronous set or reset. This may cause corruption of the memory contents and/or read values when the set/reset is asserted and is not analyzed by the default static timing analysis. It is suggested to eliminate the use of a set/reset to registers driving this RAMB pin or else use a synchronous reset in which the assertion of the reset is timed by default.
Related violations: <none>

REQP-1840#14 Warning
RAMB18 async control check  
The RAMB18E1 control_sub_i/dma_sub/pcie3_7x_1/inst/pcie_top_i/pcie_7vx_i/pcie_bram_7vx_i/req_fifo/U0/RAMB18E1[0].u_fifo has an input control pin control_sub_i/dma_sub/pcie3_7x_1/inst/pcie_top_i/pcie_7vx_i/pcie_bram_7vx_i/req_fifo/U0/RAMB18E1[0].u_fifo/ADDRARDADDR[13] (net: control_sub_i/dma_sub/pcie3_7x_1/inst/pcie_top_i/pcie_7vx_i/pcie_bram_7vx_i/req_fifo/U0/raddr0_i[8]) which is driven by a register (control_sub_i/dma_sub/pcie3_7x_1/inst/pcie_top_i/pcie_init_ctrl_7vx_i/FSM_onehot_reg_state_reg[2]) that has an active asychronous set or reset. This may cause corruption of the memory contents and/or read values when the set/reset is asserted and is not analyzed by the default static timing analysis. It is suggested to eliminate the use of a set/reset to registers driving this RAMB pin or else use a synchronous reset in which the assertion of the reset is timed by default.
Related violations: <none>

REQP-1840#15 Warning
RAMB18 async control check  
The RAMB18E1 control_sub_i/dma_sub/pcie3_7x_1/inst/pcie_top_i/pcie_7vx_i/pcie_bram_7vx_i/req_fifo/U0/RAMB18E1[0].u_fifo has an input control pin control_sub_i/dma_sub/pcie3_7x_1/inst/pcie_top_i/pcie_7vx_i/pcie_bram_7vx_i/req_fifo/U0/RAMB18E1[0].u_fifo/ADDRARDADDR[13] (net: control_sub_i/dma_sub/pcie3_7x_1/inst/pcie_top_i/pcie_7vx_i/pcie_bram_7vx_i/req_fifo/U0/raddr0_i[8]) which is driven by a register (control_sub_i/dma_sub/pcie3_7x_1/inst/pcie_top_i/pcie_init_ctrl_7vx_i/FSM_onehot_reg_state_reg[3]) that has an active asychronous set or reset. This may cause corruption of the memory contents and/or read values when the set/reset is asserted and is not analyzed by the default static timing analysis. It is suggested to eliminate the use of a set/reset to registers driving this RAMB pin or else use a synchronous reset in which the assertion of the reset is timed by default.
Related violations: <none>

REQP-1840#16 Warning
RAMB18 async control check  
The RAMB18E1 control_sub_i/dma_sub/pcie3_7x_1/inst/pcie_top_i/pcie_7vx_i/pcie_bram_7vx_i/req_fifo/U0/RAMB18E1[0].u_fifo has an input control pin control_sub_i/dma_sub/pcie3_7x_1/inst/pcie_top_i/pcie_7vx_i/pcie_bram_7vx_i/req_fifo/U0/RAMB18E1[0].u_fifo/ADDRARDADDR[13] (net: control_sub_i/dma_sub/pcie3_7x_1/inst/pcie_top_i/pcie_7vx_i/pcie_bram_7vx_i/req_fifo/U0/raddr0_i[8]) which is driven by a register (control_sub_i/dma_sub/pcie3_7x_1/inst/pcie_top_i/pcie_init_ctrl_7vx_i/FSM_onehot_reg_state_reg[7]) that has an active asychronous set or reset. This may cause corruption of the memory contents and/or read values when the set/reset is asserted and is not analyzed by the default static timing analysis. It is suggested to eliminate the use of a set/reset to registers driving this RAMB pin or else use a synchronous reset in which the assertion of the reset is timed by default.
Related violations: <none>

REQP-1840#17 Warning
RAMB18 async control check  
The RAMB18E1 control_sub_i/dma_sub/pcie3_7x_1/inst/pcie_top_i/pcie_7vx_i/pcie_bram_7vx_i/req_fifo/U0/RAMB18E1[0].u_fifo has an input control pin control_sub_i/dma_sub/pcie3_7x_1/inst/pcie_top_i/pcie_7vx_i/pcie_bram_7vx_i/req_fifo/U0/RAMB18E1[0].u_fifo/ADDRARDADDR[13] (net: control_sub_i/dma_sub/pcie3_7x_1/inst/pcie_top_i/pcie_7vx_i/pcie_bram_7vx_i/req_fifo/U0/raddr0_i[8]) which is driven by a register (control_sub_i/dma_sub/pcie3_7x_1/inst/pcie_top_i/pcie_tlp_tph_tbl_7vx_i/reg_cfg_tph_stt_read_data_valid_o_reg) that has an active asychronous set or reset. This may cause corruption of the memory contents and/or read values when the set/reset is asserted and is not analyzed by the default static timing analysis. It is suggested to eliminate the use of a set/reset to registers driving this RAMB pin or else use a synchronous reset in which the assertion of the reset is timed by default.
Related violations: <none>

REQP-1840#18 Warning
RAMB18 async control check  
The RAMB18E1 control_sub_i/dma_sub/pcie3_7x_1/inst/pcie_top_i/pcie_7vx_i/pcie_bram_7vx_i/req_fifo/U0/RAMB18E1[0].u_fifo has an input control pin control_sub_i/dma_sub/pcie3_7x_1/inst/pcie_top_i/pcie_7vx_i/pcie_bram_7vx_i/req_fifo/U0/RAMB18E1[0].u_fifo/ADDRARDADDR[9] (net: control_sub_i/dma_sub/pcie3_7x_1/inst/pcie_top_i/pcie_7vx_i/pcie_bram_7vx_i/req_fifo/U0/raddr0_i[4]) which is driven by a register (control_sub_i/dma_sub/pcie3_7x_1/inst/pcie_top_i/pcie_init_ctrl_7vx_i/FSM_onehot_reg_state_reg[2]) that has an active asychronous set or reset. This may cause corruption of the memory contents and/or read values when the set/reset is asserted and is not analyzed by the default static timing analysis. It is suggested to eliminate the use of a set/reset to registers driving this RAMB pin or else use a synchronous reset in which the assertion of the reset is timed by default.
Related violations: <none>

REQP-1840#19 Warning
RAMB18 async control check  
The RAMB18E1 control_sub_i/dma_sub/pcie3_7x_1/inst/pcie_top_i/pcie_7vx_i/pcie_bram_7vx_i/req_fifo/U0/RAMB18E1[0].u_fifo has an input control pin control_sub_i/dma_sub/pcie3_7x_1/inst/pcie_top_i/pcie_7vx_i/pcie_bram_7vx_i/req_fifo/U0/RAMB18E1[0].u_fifo/ADDRARDADDR[9] (net: control_sub_i/dma_sub/pcie3_7x_1/inst/pcie_top_i/pcie_7vx_i/pcie_bram_7vx_i/req_fifo/U0/raddr0_i[4]) which is driven by a register (control_sub_i/dma_sub/pcie3_7x_1/inst/pcie_top_i/pcie_init_ctrl_7vx_i/FSM_onehot_reg_state_reg[3]) that has an active asychronous set or reset. This may cause corruption of the memory contents and/or read values when the set/reset is asserted and is not analyzed by the default static timing analysis. It is suggested to eliminate the use of a set/reset to registers driving this RAMB pin or else use a synchronous reset in which the assertion of the reset is timed by default.
Related violations: <none>

REQP-1840#20 Warning
RAMB18 async control check  
The RAMB18E1 control_sub_i/dma_sub/pcie3_7x_1/inst/pcie_top_i/pcie_7vx_i/pcie_bram_7vx_i/req_fifo/U0/RAMB18E1[0].u_fifo has an input control pin control_sub_i/dma_sub/pcie3_7x_1/inst/pcie_top_i/pcie_7vx_i/pcie_bram_7vx_i/req_fifo/U0/RAMB18E1[0].u_fifo/ADDRARDADDR[9] (net: control_sub_i/dma_sub/pcie3_7x_1/inst/pcie_top_i/pcie_7vx_i/pcie_bram_7vx_i/req_fifo/U0/raddr0_i[4]) which is driven by a register (control_sub_i/dma_sub/pcie3_7x_1/inst/pcie_top_i/pcie_init_ctrl_7vx_i/FSM_onehot_reg_state_reg[7]) that has an active asychronous set or reset. This may cause corruption of the memory contents and/or read values when the set/reset is asserted and is not analyzed by the default static timing analysis. It is suggested to eliminate the use of a set/reset to registers driving this RAMB pin or else use a synchronous reset in which the assertion of the reset is timed by default.
Related violations: <none>

REQP-165#1 Advisory
writefirst  
Synchronous clocking is detected for BRAM (control_sub_i/dma_sub/pcie3_7x_1/inst/pcie_top_i/pcie_7vx_i/pcie_bram_7vx_i/req_fifo/U0/RAMB18E1[0].u_fifo) in SDP mode with WRITE_FIRST write-mode. This is the preferred mode for best power characteristics, however it may exhibit address collisions if the same address appears on both read and write ports resulting in unknown or corrupted read data. It is suggested to confirm via simulation that an address collision never occurs and if so it is suggested to try and avoid this situation. If address collisions cannot be avoided, the write-mode may be set to READ_FIRST which guarantees that the read data is the prior contents of the memory at the cost of additional power in the design. See the FPGA Memory Resources User Guide for additional information.
Related violations: <none>

REQP-165#2 Advisory
writefirst  
Synchronous clocking is detected for BRAM (control_sub_i/dma_sub/pcie3_7x_1/inst/pcie_top_i/pcie_7vx_i/pcie_bram_7vx_i/req_fifo/U0/RAMB18E1[1].u_fifo) in SDP mode with WRITE_FIRST write-mode. This is the preferred mode for best power characteristics, however it may exhibit address collisions if the same address appears on both read and write ports resulting in unknown or corrupted read data. It is suggested to confirm via simulation that an address collision never occurs and if so it is suggested to try and avoid this situation. If address collisions cannot be avoided, the write-mode may be set to READ_FIRST which guarantees that the read data is the prior contents of the memory at the cost of additional power in the design. See the FPGA Memory Resources User Guide for additional information.
Related violations: <none>

REQP-165#3 Advisory
writefirst  
Synchronous clocking is detected for BRAM (control_sub_i/dma_sub/pcie3_7x_1/inst/pcie_top_i/pcie_7vx_i/pcie_bram_7vx_i/req_fifo/U0/RAMB18E1[2].u_fifo) in SDP mode with WRITE_FIRST write-mode. This is the preferred mode for best power characteristics, however it may exhibit address collisions if the same address appears on both read and write ports resulting in unknown or corrupted read data. It is suggested to confirm via simulation that an address collision never occurs and if so it is suggested to try and avoid this situation. If address collisions cannot be avoided, the write-mode may be set to READ_FIRST which guarantees that the read data is the prior contents of the memory at the cost of additional power in the design. See the FPGA Memory Resources User Guide for additional information.
Related violations: <none>

REQP-165#4 Advisory
writefirst  
Synchronous clocking is detected for BRAM (control_sub_i/dma_sub/pcie3_7x_1/inst/pcie_top_i/pcie_7vx_i/pcie_bram_7vx_i/req_fifo/U0/RAMB18E1[3].u_fifo) in SDP mode with WRITE_FIRST write-mode. This is the preferred mode for best power characteristics, however it may exhibit address collisions if the same address appears on both read and write ports resulting in unknown or corrupted read data. It is suggested to confirm via simulation that an address collision never occurs and if so it is suggested to try and avoid this situation. If address collisions cannot be avoided, the write-mode may be set to READ_FIRST which guarantees that the read data is the prior contents of the memory at the cost of additional power in the design. See the FPGA Memory Resources User Guide for additional information.
Related violations: <none>

REQP-181#1 Advisory
writefirst  
Synchronous clocking is detected for BRAM (control_sub_i/dma_sub/nf_riffa_dma_1/inst/riffa/riffa_inst/channels[0].channel/channel/txPort/gate/fifo/mem/rRAM_reg_0) in SDP mode with WRITE_FIRST write-mode. This is the preferred mode for best power characteristics, however it may exhibit address collisions if the same address appears on both read and write ports resulting in unknown or corrupted read data. It is suggested to confirm via simulation that an address collision never occurs and if so it is suggested to try and avoid this situation. If address collisions cannot be avoided, the write-mode may be set to READ_FIRST which guarantees that the read data is the prior contents of the memory at the cost of additional power in the design. See the FPGA Memory Resources User Guide for additional information.
Related violations: <none>

REQP-181#2 Advisory
writefirst  
Synchronous clocking is detected for BRAM (control_sub_i/dma_sub/nf_riffa_dma_1/inst/riffa/riffa_inst/channels[0].channel/channel/txPort/gate/fifo/mem/rRAM_reg_1) in SDP mode with WRITE_FIRST write-mode. This is the preferred mode for best power characteristics, however it may exhibit address collisions if the same address appears on both read and write ports resulting in unknown or corrupted read data. It is suggested to confirm via simulation that an address collision never occurs and if so it is suggested to try and avoid this situation. If address collisions cannot be avoided, the write-mode may be set to READ_FIRST which guarantees that the read data is the prior contents of the memory at the cost of additional power in the design. See the FPGA Memory Resources User Guide for additional information.
Related violations: <none>

REQP-181#3 Advisory
writefirst  
Synchronous clocking is detected for BRAM (control_sub_i/dma_sub/nf_riffa_dma_1/inst/riffa/riffa_inst/channels[1].channel/channel/txPort/gate/fifo/mem/rRAM_reg_0) in SDP mode with WRITE_FIRST write-mode. This is the preferred mode for best power characteristics, however it may exhibit address collisions if the same address appears on both read and write ports resulting in unknown or corrupted read data. It is suggested to confirm via simulation that an address collision never occurs and if so it is suggested to try and avoid this situation. If address collisions cannot be avoided, the write-mode may be set to READ_FIRST which guarantees that the read data is the prior contents of the memory at the cost of additional power in the design. See the FPGA Memory Resources User Guide for additional information.
Related violations: <none>

REQP-181#4 Advisory
writefirst  
Synchronous clocking is detected for BRAM (control_sub_i/dma_sub/nf_riffa_dma_1/inst/riffa/riffa_inst/channels[1].channel/channel/txPort/gate/fifo/mem/rRAM_reg_1) in SDP mode with WRITE_FIRST write-mode. This is the preferred mode for best power characteristics, however it may exhibit address collisions if the same address appears on both read and write ports resulting in unknown or corrupted read data. It is suggested to confirm via simulation that an address collision never occurs and if so it is suggested to try and avoid this situation. If address collisions cannot be avoided, the write-mode may be set to READ_FIRST which guarantees that the read data is the prior contents of the memory at the cost of additional power in the design. See the FPGA Memory Resources User Guide for additional information.
Related violations: <none>

REQP-181#5 Advisory
writefirst  
Synchronous clocking is detected for BRAM (control_sub_i/dma_sub/pcie3_7x_1/inst/pcie_top_i/pcie_7vx_i/pcie_bram_7vx_i/cpl_fifo/genblk1.CPL_FIFO_16KB.U0/SPEED_250MHz.RAMB36E1[0].u_fifo) in SDP mode with WRITE_FIRST write-mode. This is the preferred mode for best power characteristics, however it may exhibit address collisions if the same address appears on both read and write ports resulting in unknown or corrupted read data. It is suggested to confirm via simulation that an address collision never occurs and if so it is suggested to try and avoid this situation. If address collisions cannot be avoided, the write-mode may be set to READ_FIRST which guarantees that the read data is the prior contents of the memory at the cost of additional power in the design. See the FPGA Memory Resources User Guide for additional information.
Related violations: <none>

REQP-181#6 Advisory
writefirst  
Synchronous clocking is detected for BRAM (control_sub_i/dma_sub/pcie3_7x_1/inst/pcie_top_i/pcie_7vx_i/pcie_bram_7vx_i/cpl_fifo/genblk1.CPL_FIFO_16KB.U0/SPEED_250MHz.RAMB36E1[1].u_fifo) in SDP mode with WRITE_FIRST write-mode. This is the preferred mode for best power characteristics, however it may exhibit address collisions if the same address appears on both read and write ports resulting in unknown or corrupted read data. It is suggested to confirm via simulation that an address collision never occurs and if so it is suggested to try and avoid this situation. If address collisions cannot be avoided, the write-mode may be set to READ_FIRST which guarantees that the read data is the prior contents of the memory at the cost of additional power in the design. See the FPGA Memory Resources User Guide for additional information.
Related violations: <none>

REQP-181#7 Advisory
writefirst  
Synchronous clocking is detected for BRAM (control_sub_i/dma_sub/pcie3_7x_1/inst/pcie_top_i/pcie_7vx_i/pcie_bram_7vx_i/cpl_fifo/genblk1.CPL_FIFO_16KB.U0/SPEED_250MHz.RAMB36E1[2].u_fifo) in SDP mode with WRITE_FIRST write-mode. This is the preferred mode for best power characteristics, however it may exhibit address collisions if the same address appears on both read and write ports resulting in unknown or corrupted read data. It is suggested to confirm via simulation that an address collision never occurs and if so it is suggested to try and avoid this situation. If address collisions cannot be avoided, the write-mode may be set to READ_FIRST which guarantees that the read data is the prior contents of the memory at the cost of additional power in the design. See the FPGA Memory Resources User Guide for additional information.
Related violations: <none>

REQP-181#8 Advisory
writefirst  
Synchronous clocking is detected for BRAM (control_sub_i/dma_sub/pcie3_7x_1/inst/pcie_top_i/pcie_7vx_i/pcie_bram_7vx_i/cpl_fifo/genblk1.CPL_FIFO_16KB.U0/SPEED_250MHz.RAMB36E1[3].u_fifo) in SDP mode with WRITE_FIRST write-mode. This is the preferred mode for best power characteristics, however it may exhibit address collisions if the same address appears on both read and write ports resulting in unknown or corrupted read data. It is suggested to confirm via simulation that an address collision never occurs and if so it is suggested to try and avoid this situation. If address collisions cannot be avoided, the write-mode may be set to READ_FIRST which guarantees that the read data is the prior contents of the memory at the cost of additional power in the design. See the FPGA Memory Resources User Guide for additional information.
Related violations: <none>


