Copyright 1986-2016 Xilinx, Inc. All Rights Reserved.
---------------------------------------------------------------------------------------------------
| Tool Version : Vivado v.2016.4 (lin64) Build 1756540 Mon Jan 23 19:11:19 MST 2017
| Date         : Fri Jul 27 15:28:17 2018
| Host         : sume running 64-bit Ubuntu 14.04.5 LTS
| Command      : report_drc -file top_drc_routed.rpt -pb top_drc_routed.pb -rpx top_drc_routed.rpx
| Design       : top
| Device       : xc7vx690tffg1761-3
| Speed File   : -3
| Design State : Routed
---------------------------------------------------------------------------------------------------

Report DRC

Table of Contents
-----------------
1. REPORT SUMMARY
2. REPORT DETAILS

1. REPORT SUMMARY
-----------------
            Netlist: netlist
          Floorplan: design_1
      Design limits: <entire design considered>
           Ruledeck: default
             Max violations: <unlimited>
             Violations found: 64
+-------------+----------+-------------------------------------------------------------+------------+
| Rule        | Severity | Description                                                 | Violations |
+-------------+----------+-------------------------------------------------------------+------------+
| CHECK-3     | Warning  | Report rule limit reached                                   | 2          |
| PDRC-153    | Warning  | Gated clock check                                           | 4          |
| PLCK-18     | Warning  | Clock Placer Checks                                         | 1          |
| PLHOLDVIO-2 | Warning  | Non-Optimal connections which could lead to hold violations | 4          |
| REQP-1839   | Warning  | RAMB36 async control check                                  | 20         |
| REQP-1840   | Warning  | RAMB18 async control check                                  | 20         |
| RTSTAT-10   | Warning  | No routable loads                                           | 1          |
| REQP-165    | Advisory | writefirst                                                  | 4          |
| REQP-181    | Advisory | writefirst                                                  | 8          |
+-------------+----------+-------------------------------------------------------------+------------+

2. REPORT DETAILS
-----------------
CHECK-3#1 Warning
Report rule limit reached  
REQP-1839 rule limit reached: 20 violations have been found.
Related violations: <none>

CHECK-3#2 Warning
Report rule limit reached  
REQP-1840 rule limit reached: 20 violations have been found.
Related violations: <none>

PDRC-153#1 Warning
Gated clock check  
Net control_sub_i/dma_sub/nf_riffa_dma_1/inst/riffa/riffa_inst/channels[0].channel/channel/rxPort/mainFifo/fifo/rdPtrEmpty/rDir_reg is a gated clock net sourced by a combinational pin control_sub_i/dma_sub/nf_riffa_dma_1/inst/riffa/riffa_inst/channels[0].channel/channel/rxPort/mainFifo/fifo/rdPtrEmpty/rDir_i_1/O, cell control_sub_i/dma_sub/nf_riffa_dma_1/inst/riffa/riffa_inst/channels[0].channel/channel/rxPort/mainFifo/fifo/rdPtrEmpty/rDir_i_1. This is not good design practice and will likely impact performance. For SLICE registers, for example, use the CE pin to control the loading of data.
Related violations: <none>

PDRC-153#2 Warning
Gated clock check  
Net control_sub_i/dma_sub/nf_riffa_dma_1/inst/riffa/riffa_inst/channels[0].channel/channel/txPort/gate/fifo/rdPtrEmpty/rDir_reg is a gated clock net sourced by a combinational pin control_sub_i/dma_sub/nf_riffa_dma_1/inst/riffa/riffa_inst/channels[0].channel/channel/txPort/gate/fifo/rdPtrEmpty/rDir_i_1__0/O, cell control_sub_i/dma_sub/nf_riffa_dma_1/inst/riffa/riffa_inst/channels[0].channel/channel/txPort/gate/fifo/rdPtrEmpty/rDir_i_1__0. This is not good design practice and will likely impact performance. For SLICE registers, for example, use the CE pin to control the loading of data.
Related violations: <none>

PDRC-153#3 Warning
Gated clock check  
Net control_sub_i/dma_sub/nf_riffa_dma_1/inst/riffa/riffa_inst/channels[1].channel/channel/rxPort/mainFifo/fifo/rdPtrEmpty/rDir_reg is a gated clock net sourced by a combinational pin control_sub_i/dma_sub/nf_riffa_dma_1/inst/riffa/riffa_inst/channels[1].channel/channel/rxPort/mainFifo/fifo/rdPtrEmpty/rDir_i_1__1/O, cell control_sub_i/dma_sub/nf_riffa_dma_1/inst/riffa/riffa_inst/channels[1].channel/channel/rxPort/mainFifo/fifo/rdPtrEmpty/rDir_i_1__1. This is not good design practice and will likely impact performance. For SLICE registers, for example, use the CE pin to control the loading of data.
Related violations: <none>

PDRC-153#4 Warning
Gated clock check  
Net control_sub_i/dma_sub/nf_riffa_dma_1/inst/riffa/riffa_inst/channels[1].channel/channel/txPort/gate/fifo/rdPtrEmpty/rDir_reg is a gated clock net sourced by a combinational pin control_sub_i/dma_sub/nf_riffa_dma_1/inst/riffa/riffa_inst/channels[1].channel/channel/txPort/gate/fifo/rdPtrEmpty/rDir_i_1__2/O, cell control_sub_i/dma_sub/nf_riffa_dma_1/inst/riffa/riffa_inst/channels[1].channel/channel/txPort/gate/fifo/rdPtrEmpty/rDir_i_1__2. This is not good design practice and will likely impact performance. For SLICE registers, for example, use the CE pin to control the loading of data.
Related violations: <none>

PLCK-18#1 Warning
Clock Placer Checks  
Unroutable Placement! A GT / MMCM component pair is not placed in a routable site pair. The GT component can use the dedicated path between the GT and the MMCM if both are placed in the same clock region. 
 This is normally an ERROR but the CLOCK_DEDICATED_ROUTE constraint is set to FALSE allowing your design to continue. The use of this override is highly discouraged as it may lead to very poor timing results. It is recommended that this error condition be corrected in the design.

	control_sub_i/dma_sub/pcie3_7x_1/inst/gt_top_i/pipe_wrapper_i/pipe_lane[0].gt_wrapper_i/gth_channel.gthe2_channel_i (GTHE2_CHANNEL.TXOUTCLK) is locked to GTHE2_CHANNEL_X1Y23
	control_sub_i/dma_sub/pcie3_7x_1/inst/gt_top_i/pipe_wrapper_i/pipe_clock_int.pipe_clock_i/mmcm_i (MMCME2_ADV.CLKIN1) is provisionally placed by clockplacer on MMCME2_ADV_X0Y0

Related violations: <none>

PLHOLDVIO-2#1 Warning
Non-Optimal connections which could lead to hold violations  
A LUT control_sub_i/dma_sub/nf_riffa_dma_1/inst/riffa/riffa_inst/channels[0].channel/channel/rxPort/mainFifo/fifo/rdPtrEmpty/rDir_i_1 is driving clock pin of 1 cells. This could lead to large hold time violations. First few involved cells are:
    control_sub_i/dma_sub/nf_riffa_dma_1/inst/riffa/riffa_inst/channels[0].channel/channel/rxPort/mainFifo/fifo/asyncCompare/rDir_reg {FDCE}

Related violations: <none>

PLHOLDVIO-2#2 Warning
Non-Optimal connections which could lead to hold violations  
A LUT control_sub_i/dma_sub/nf_riffa_dma_1/inst/riffa/riffa_inst/channels[0].channel/channel/txPort/gate/fifo/rdPtrEmpty/rDir_i_1__0 is driving clock pin of 1 cells. This could lead to large hold time violations. First few involved cells are:
    control_sub_i/dma_sub/nf_riffa_dma_1/inst/riffa/riffa_inst/channels[0].channel/channel/txPort/gate/fifo/asyncCompare/rDir_reg {FDCE}

Related violations: <none>

PLHOLDVIO-2#3 Warning
Non-Optimal connections which could lead to hold violations  
A LUT control_sub_i/dma_sub/nf_riffa_dma_1/inst/riffa/riffa_inst/channels[1].channel/channel/rxPort/mainFifo/fifo/rdPtrEmpty/rDir_i_1__1 is driving clock pin of 1 cells. This could lead to large hold time violations. First few involved cells are:
    control_sub_i/dma_sub/nf_riffa_dma_1/inst/riffa/riffa_inst/channels[1].channel/channel/rxPort/mainFifo/fifo/asyncCompare/rDir_reg {FDCE}

Related violations: <none>

PLHOLDVIO-2#4 Warning
Non-Optimal connections which could lead to hold violations  
A LUT control_sub_i/dma_sub/nf_riffa_dma_1/inst/riffa/riffa_inst/channels[1].channel/channel/txPort/gate/fifo/rdPtrEmpty/rDir_i_1__2 is driving clock pin of 1 cells. This could lead to large hold time violations. First few involved cells are:
    control_sub_i/dma_sub/nf_riffa_dma_1/inst/riffa/riffa_inst/channels[1].channel/channel/txPort/gate/fifo/asyncCompare/rDir_reg {FDCE}

Related violations: <none>

REQP-1839#1 Warning
RAMB36 async control check  
The RAMB36E1 control_sub_i/dma_sub/nf_riffa_dma_1/inst/riffa/engine_layer_inst/tx_engine_ultrascale_inst/txc_engine_inst/txc_engine_inst/tx_data_pipeline_inst/txdf_inst/gen_regs_fifos[0].fifo_inst_/mem/rMemory_reg has an input control pin control_sub_i/dma_sub/nf_riffa_dma_1/inst/riffa/engine_layer_inst/tx_engine_ultrascale_inst/txc_engine_inst/txc_engine_inst/tx_data_pipeline_inst/txdf_inst/gen_regs_fifos[0].fifo_inst_/mem/rMemory_reg/ENBWREN (net: control_sub_i/dma_sub/nf_riffa_dma_1/inst/riffa/engine_layer_inst/tx_engine_ultrascale_inst/txc_engine_inst/txc_engine_inst/tx_data_pipeline_inst/txdf_inst/gen_regs_fifos[0].fifo_inst_/mem/rMemory_reg_0[0]) which is driven by a register (control_sub_i/dma_sub/pcie3_7x_1/inst/pcie_top_i/pcie_init_ctrl_7vx_i/FSM_onehot_reg_state_reg[2]) that has an active asychronous set or reset. This may cause corruption of the memory contents and/or read values when the set/reset is asserted and is not analyzed by the default static timing analysis. It is suggested to eliminate the use of a set/reset to registers driving this RAMB pin or else use a synchronous reset in which the assertion of the reset is timed by default.
Related violations: <none>

REQP-1839#2 Warning
RAMB36 async control check  
The RAMB36E1 control_sub_i/dma_sub/nf_riffa_dma_1/inst/riffa/engine_layer_inst/tx_engine_ultrascale_inst/txc_engine_inst/txc_engine_inst/tx_data_pipeline_inst/txdf_inst/gen_regs_fifos[0].fifo_inst_/mem/rMemory_reg has an input control pin control_sub_i/dma_sub/nf_riffa_dma_1/inst/riffa/engine_layer_inst/tx_engine_ultrascale_inst/txc_engine_inst/txc_engine_inst/tx_data_pipeline_inst/txdf_inst/gen_regs_fifos[0].fifo_inst_/mem/rMemory_reg/ENBWREN (net: control_sub_i/dma_sub/nf_riffa_dma_1/inst/riffa/engine_layer_inst/tx_engine_ultrascale_inst/txc_engine_inst/txc_engine_inst/tx_data_pipeline_inst/txdf_inst/gen_regs_fifos[0].fifo_inst_/mem/rMemory_reg_0[0]) which is driven by a register (control_sub_i/dma_sub/pcie3_7x_1/inst/pcie_top_i/pcie_init_ctrl_7vx_i/FSM_onehot_reg_state_reg[3]) that has an active asychronous set or reset. This may cause corruption of the memory contents and/or read values when the set/reset is asserted and is not analyzed by the default static timing analysis. It is suggested to eliminate the use of a set/reset to registers driving this RAMB pin or else use a synchronous reset in which the assertion of the reset is timed by default.
Related violations: <none>

REQP-1839#3 Warning
RAMB36 async control check  
The RAMB36E1 control_sub_i/dma_sub/nf_riffa_dma_1/inst/riffa/engine_layer_inst/tx_engine_ultrascale_inst/txc_engine_inst/txc_engine_inst/tx_data_pipeline_inst/txdf_inst/gen_regs_fifos[0].fifo_inst_/mem/rMemory_reg has an input control pin control_sub_i/dma_sub/nf_riffa_dma_1/inst/riffa/engine_layer_inst/tx_engine_ultrascale_inst/txc_engine_inst/txc_engine_inst/tx_data_pipeline_inst/txdf_inst/gen_regs_fifos[0].fifo_inst_/mem/rMemory_reg/ENBWREN (net: control_sub_i/dma_sub/nf_riffa_dma_1/inst/riffa/engine_layer_inst/tx_engine_ultrascale_inst/txc_engine_inst/txc_engine_inst/tx_data_pipeline_inst/txdf_inst/gen_regs_fifos[0].fifo_inst_/mem/rMemory_reg_0[0]) which is driven by a register (control_sub_i/dma_sub/pcie3_7x_1/inst/pcie_top_i/pcie_init_ctrl_7vx_i/FSM_onehot_reg_state_reg[7]) that has an active asychronous set or reset. This may cause corruption of the memory contents and/or read values when the set/reset is asserted and is not analyzed by the default static timing analysis. It is suggested to eliminate the use of a set/reset to registers driving this RAMB pin or else use a synchronous reset in which the assertion of the reset is timed by default.
Related violations: <none>

REQP-1839#4 Warning
RAMB36 async control check  
The RAMB36E1 control_sub_i/dma_sub/nf_riffa_dma_1/inst/riffa/engine_layer_inst/tx_engine_ultrascale_inst/txc_engine_inst/txc_engine_inst/tx_data_pipeline_inst/txdf_inst/gen_regs_fifos[0].fifo_inst_/mem/rMemory_reg has an input control pin control_sub_i/dma_sub/nf_riffa_dma_1/inst/riffa/engine_layer_inst/tx_engine_ultrascale_inst/txc_engine_inst/txc_engine_inst/tx_data_pipeline_inst/txdf_inst/gen_regs_fifos[0].fifo_inst_/mem/rMemory_reg/ENBWREN (net: control_sub_i/dma_sub/nf_riffa_dma_1/inst/riffa/engine_layer_inst/tx_engine_ultrascale_inst/txc_engine_inst/txc_engine_inst/tx_data_pipeline_inst/txdf_inst/gen_regs_fifos[0].fifo_inst_/mem/rMemory_reg_0[0]) which is driven by a register (control_sub_i/dma_sub/pcie3_7x_1/inst/pcie_top_i/pcie_tlp_tph_tbl_7vx_i/reg_cfg_tph_stt_read_data_valid_o_reg) that has an active asychronous set or reset. This may cause corruption of the memory contents and/or read values when the set/reset is asserted and is not analyzed by the default static timing analysis. It is suggested to eliminate the use of a set/reset to registers driving this RAMB pin or else use a synchronous reset in which the assertion of the reset is timed by default.
Related violations: <none>

REQP-1839#5 Warning
RAMB36 async control check  
The RAMB36E1 control_sub_i/dma_sub/nf_riffa_dma_1/inst/riffa/engine_layer_inst/tx_engine_ultrascale_inst/txc_engine_inst/txc_engine_inst/tx_data_pipeline_inst/txdf_inst/gen_regs_fifos[1].fifo_inst_/mem/rMemory_reg has an input control pin control_sub_i/dma_sub/nf_riffa_dma_1/inst/riffa/engine_layer_inst/tx_engine_ultrascale_inst/txc_engine_inst/txc_engine_inst/tx_data_pipeline_inst/txdf_inst/gen_regs_fifos[1].fifo_inst_/mem/rMemory_reg/ENBWREN (net: control_sub_i/dma_sub/nf_riffa_dma_1/inst/riffa/engine_layer_inst/tx_engine_ultrascale_inst/txc_engine_inst/txc_engine_inst/tx_data_pipeline_inst/txdf_inst/gen_regs_fifos[1].fifo_inst_/mem/E[0]) which is driven by a register (control_sub_i/dma_sub/pcie3_7x_1/inst/pcie_top_i/pcie_init_ctrl_7vx_i/FSM_onehot_reg_state_reg[2]) that has an active asychronous set or reset. This may cause corruption of the memory contents and/or read values when the set/reset is asserted and is not analyzed by the default static timing analysis. It is suggested to eliminate the use of a set/reset to registers driving this RAMB pin or else use a synchronous reset in which the assertion of the reset is timed by default.
Related violations: <none>

REQP-1839#6 Warning
RAMB36 async control check  
The RAMB36E1 control_sub_i/dma_sub/nf_riffa_dma_1/inst/riffa/engine_layer_inst/tx_engine_ultrascale_inst/txc_engine_inst/txc_engine_inst/tx_data_pipeline_inst/txdf_inst/gen_regs_fifos[1].fifo_inst_/mem/rMemory_reg has an input control pin control_sub_i/dma_sub/nf_riffa_dma_1/inst/riffa/engine_layer_inst/tx_engine_ultrascale_inst/txc_engine_inst/txc_engine_inst/tx_data_pipeline_inst/txdf_inst/gen_regs_fifos[1].fifo_inst_/mem/rMemory_reg/ENBWREN (net: control_sub_i/dma_sub/nf_riffa_dma_1/inst/riffa/engine_layer_inst/tx_engine_ultrascale_inst/txc_engine_inst/txc_engine_inst/tx_data_pipeline_inst/txdf_inst/gen_regs_fifos[1].fifo_inst_/mem/E[0]) which is driven by a register (control_sub_i/dma_sub/pcie3_7x_1/inst/pcie_top_i/pcie_init_ctrl_7vx_i/FSM_onehot_reg_state_reg[3]) that has an active asychronous set or reset. This may cause corruption of the memory contents and/or read values when the set/reset is asserted and is not analyzed by the default static timing analysis. It is suggested to eliminate the use of a set/reset to registers driving this RAMB pin or else use a synchronous reset in which the assertion of the reset is timed by default.
Related violations: <none>

REQP-1839#7 Warning
RAMB36 async control check  
The RAMB36E1 control_sub_i/dma_sub/nf_riffa_dma_1/inst/riffa/engine_layer_inst/tx_engine_ultrascale_inst/txc_engine_inst/txc_engine_inst/tx_data_pipeline_inst/txdf_inst/gen_regs_fifos[1].fifo_inst_/mem/rMemory_reg has an input control pin control_sub_i/dma_sub/nf_riffa_dma_1/inst/riffa/engine_layer_inst/tx_engine_ultrascale_inst/txc_engine_inst/txc_engine_inst/tx_data_pipeline_inst/txdf_inst/gen_regs_fifos[1].fifo_inst_/mem/rMemory_reg/ENBWREN (net: control_sub_i/dma_sub/nf_riffa_dma_1/inst/riffa/engine_layer_inst/tx_engine_ultrascale_inst/txc_engine_inst/txc_engine_inst/tx_data_pipeline_inst/txdf_inst/gen_regs_fifos[1].fifo_inst_/mem/E[0]) which is driven by a register (control_sub_i/dma_sub/pcie3_7x_1/inst/pcie_top_i/pcie_init_ctrl_7vx_i/FSM_onehot_reg_state_reg[7]) that has an active asychronous set or reset. This may cause corruption of the memory contents and/or read values when the set/reset is asserted and is not analyzed by the default static timing analysis. It is suggested to eliminate the use of a set/reset to registers driving this RAMB pin or else use a synchronous reset in which the assertion of the reset is timed by default.
Related violations: <none>

REQP-1839#8 Warning
RAMB36 async control check  
The RAMB36E1 control_sub_i/dma_sub/nf_riffa_dma_1/inst/riffa/engine_layer_inst/tx_engine_ultrascale_inst/txc_engine_inst/txc_engine_inst/tx_data_pipeline_inst/txdf_inst/gen_regs_fifos[1].fifo_inst_/mem/rMemory_reg has an input control pin control_sub_i/dma_sub/nf_riffa_dma_1/inst/riffa/engine_layer_inst/tx_engine_ultrascale_inst/txc_engine_inst/txc_engine_inst/tx_data_pipeline_inst/txdf_inst/gen_regs_fifos[1].fifo_inst_/mem/rMemory_reg/ENBWREN (net: control_sub_i/dma_sub/nf_riffa_dma_1/inst/riffa/engine_layer_inst/tx_engine_ultrascale_inst/txc_engine_inst/txc_engine_inst/tx_data_pipeline_inst/txdf_inst/gen_regs_fifos[1].fifo_inst_/mem/E[0]) which is driven by a register (control_sub_i/dma_sub/pcie3_7x_1/inst/pcie_top_i/pcie_tlp_tph_tbl_7vx_i/reg_cfg_tph_stt_read_data_valid_o_reg) that has an active asychronous set or reset. This may cause corruption of the memory contents and/or read values when the set/reset is asserted and is not analyzed by the default static timing analysis. It is suggested to eliminate the use of a set/reset to registers driving this RAMB pin or else use a synchronous reset in which the assertion of the reset is timed by default.
Related violations: <none>

REQP-1839#9 Warning
RAMB36 async control check  
The RAMB36E1 control_sub_i/dma_sub/nf_riffa_dma_1/inst/riffa/engine_layer_inst/tx_engine_ultrascale_inst/txc_engine_inst/txc_engine_inst/tx_data_pipeline_inst/txdf_inst/gen_regs_fifos[2].fifo_inst_/mem/rMemory_reg has an input control pin control_sub_i/dma_sub/nf_riffa_dma_1/inst/riffa/engine_layer_inst/tx_engine_ultrascale_inst/txc_engine_inst/txc_engine_inst/tx_data_pipeline_inst/txdf_inst/gen_regs_fifos[2].fifo_inst_/mem/rMemory_reg/ENBWREN (net: control_sub_i/dma_sub/nf_riffa_dma_1/inst/riffa/engine_layer_inst/tx_engine_ultrascale_inst/txc_engine_inst/txc_engine_inst/tx_data_pipeline_inst/txdf_inst/gen_regs_fifos[2].fifo_inst_/mem/E[0]) which is driven by a register (control_sub_i/dma_sub/pcie3_7x_1/inst/pcie_top_i/pcie_init_ctrl_7vx_i/FSM_onehot_reg_state_reg[2]) that has an active asychronous set or reset. This may cause corruption of the memory contents and/or read values when the set/reset is asserted and is not analyzed by the default static timing analysis. It is suggested to eliminate the use of a set/reset to registers driving this RAMB pin or else use a synchronous reset in which the assertion of the reset is timed by default.
Related violations: <none>

REQP-1839#10 Warning
RAMB36 async control check  
The RAMB36E1 control_sub_i/dma_sub/nf_riffa_dma_1/inst/riffa/engine_layer_inst/tx_engine_ultrascale_inst/txc_engine_inst/txc_engine_inst/tx_data_pipeline_inst/txdf_inst/gen_regs_fifos[2].fifo_inst_/mem/rMemory_reg has an input control pin control_sub_i/dma_sub/nf_riffa_dma_1/inst/riffa/engine_layer_inst/tx_engine_ultrascale_inst/txc_engine_inst/txc_engine_inst/tx_data_pipeline_inst/txdf_inst/gen_regs_fifos[2].fifo_inst_/mem/rMemory_reg/ENBWREN (net: control_sub_i/dma_sub/nf_riffa_dma_1/inst/riffa/engine_layer_inst/tx_engine_ultrascale_inst/txc_engine_inst/txc_engine_inst/tx_data_pipeline_inst/txdf_inst/gen_regs_fifos[2].fifo_inst_/mem/E[0]) which is driven by a register (control_sub_i/dma_sub/pcie3_7x_1/inst/pcie_top_i/pcie_init_ctrl_7vx_i/FSM_onehot_reg_state_reg[3]) that has an active asychronous set or reset. This may cause corruption of the memory contents and/or read values when the set/reset is asserted and is not analyzed by the default static timing analysis. It is suggested to eliminate the use of a set/reset to registers driving this RAMB pin or else use a synchronous reset in which the assertion of the reset is timed by default.
Related violations: <none>

REQP-1839#11 Warning
RAMB36 async control check  
The RAMB36E1 control_sub_i/dma_sub/nf_riffa_dma_1/inst/riffa/engine_layer_inst/tx_engine_ultrascale_inst/txc_engine_inst/txc_engine_inst/tx_data_pipeline_inst/txdf_inst/gen_regs_fifos[2].fifo_inst_/mem/rMemory_reg has an input control pin control_sub_i/dma_sub/nf_riffa_dma_1/inst/riffa/engine_layer_inst/tx_engine_ultrascale_inst/txc_engine_inst/txc_engine_inst/tx_data_pipeline_inst/txdf_inst/gen_regs_fifos[2].fifo_inst_/mem/rMemory_reg/ENBWREN (net: control_sub_i/dma_sub/nf_riffa_dma_1/inst/riffa/engine_layer_inst/tx_engine_ultrascale_inst/txc_engine_inst/txc_engine_inst/tx_data_pipeline_inst/txdf_inst/gen_regs_fifos[2].fifo_inst_/mem/E[0]) which is driven by a register (control_sub_i/dma_sub/pcie3_7x_1/inst/pcie_top_i/pcie_init_ctrl_7vx_i/FSM_onehot_reg_state_reg[7]) that has an active asychronous set or reset. This may cause corruption of the memory contents and/or read values when the set/reset is asserted and is not analyzed by the default static timing analysis. It is suggested to eliminate the use of a set/reset to registers driving this RAMB pin or else use a synchronous reset in which the assertion of the reset is timed by default.
Related violations: <none>

REQP-1839#12 Warning
RAMB36 async control check  
The RAMB36E1 control_sub_i/dma_sub/nf_riffa_dma_1/inst/riffa/engine_layer_inst/tx_engine_ultrascale_inst/txc_engine_inst/txc_engine_inst/tx_data_pipeline_inst/txdf_inst/gen_regs_fifos[2].fifo_inst_/mem/rMemory_reg has an input control pin control_sub_i/dma_sub/nf_riffa_dma_1/inst/riffa/engine_layer_inst/tx_engine_ultrascale_inst/txc_engine_inst/txc_engine_inst/tx_data_pipeline_inst/txdf_inst/gen_regs_fifos[2].fifo_inst_/mem/rMemory_reg/ENBWREN (net: control_sub_i/dma_sub/nf_riffa_dma_1/inst/riffa/engine_layer_inst/tx_engine_ultrascale_inst/txc_engine_inst/txc_engine_inst/tx_data_pipeline_inst/txdf_inst/gen_regs_fifos[2].fifo_inst_/mem/E[0]) which is driven by a register (control_sub_i/dma_sub/pcie3_7x_1/inst/pcie_top_i/pcie_tlp_tph_tbl_7vx_i/reg_cfg_tph_stt_read_data_valid_o_reg) that has an active asychronous set or reset. This may cause corruption of the memory contents and/or read values when the set/reset is asserted and is not analyzed by the default static timing analysis. It is suggested to eliminate the use of a set/reset to registers driving this RAMB pin or else use a synchronous reset in which the assertion of the reset is timed by default.
Related violations: <none>

REQP-1839#13 Warning
RAMB36 async control check  
The RAMB36E1 control_sub_i/dma_sub/nf_riffa_dma_1/inst/riffa/engine_layer_inst/tx_engine_ultrascale_inst/txc_engine_inst/txc_engine_inst/tx_data_pipeline_inst/txdf_inst/gen_regs_fifos[3].fifo_inst_/mem/rMemory_reg has an input control pin control_sub_i/dma_sub/nf_riffa_dma_1/inst/riffa/engine_layer_inst/tx_engine_ultrascale_inst/txc_engine_inst/txc_engine_inst/tx_data_pipeline_inst/txdf_inst/gen_regs_fifos[3].fifo_inst_/mem/rMemory_reg/ENBWREN (net: control_sub_i/dma_sub/nf_riffa_dma_1/inst/riffa/engine_layer_inst/tx_engine_ultrascale_inst/txc_engine_inst/txc_engine_inst/tx_data_pipeline_inst/txdf_inst/gen_regs_fifos[3].fifo_inst_/mem/E[0]) which is driven by a register (control_sub_i/dma_sub/pcie3_7x_1/inst/pcie_top_i/pcie_init_ctrl_7vx_i/FSM_onehot_reg_state_reg[2]) that has an active asychronous set or reset. This may cause corruption of the memory contents and/or read values when the set/reset is asserted and is not analyzed by the default static timing analysis. It is suggested to eliminate the use of a set/reset to registers driving this RAMB pin or else use a synchronous reset in which the assertion of the reset is timed by default.
Related violations: <none>

REQP-1839#14 Warning
RAMB36 async control check  
The RAMB36E1 control_sub_i/dma_sub/nf_riffa_dma_1/inst/riffa/engine_layer_inst/tx_engine_ultrascale_inst/txc_engine_inst/txc_engine_inst/tx_data_pipeline_inst/txdf_inst/gen_regs_fifos[3].fifo_inst_/mem/rMemory_reg has an input control pin control_sub_i/dma_sub/nf_riffa_dma_1/inst/riffa/engine_layer_inst/tx_engine_ultrascale_inst/txc_engine_inst/txc_engine_inst/tx_data_pipeline_inst/txdf_inst/gen_regs_fifos[3].fifo_inst_/mem/rMemory_reg/ENBWREN (net: control_sub_i/dma_sub/nf_riffa_dma_1/inst/riffa/engine_layer_inst/tx_engine_ultrascale_inst/txc_engine_inst/txc_engine_inst/tx_data_pipeline_inst/txdf_inst/gen_regs_fifos[3].fifo_inst_/mem/E[0]) which is driven by a register (control_sub_i/dma_sub/pcie3_7x_1/inst/pcie_top_i/pcie_init_ctrl_7vx_i/FSM_onehot_reg_state_reg[3]) that has an active asychronous set or reset. This may cause corruption of the memory contents and/or read values when the set/reset is asserted and is not analyzed by the default static timing analysis. It is suggested to eliminate the use of a set/reset to registers driving this RAMB pin or else use a synchronous reset in which the assertion of the reset is timed by default.
Related violations: <none>

REQP-1839#15 Warning
RAMB36 async control check  
The RAMB36E1 control_sub_i/dma_sub/nf_riffa_dma_1/inst/riffa/engine_layer_inst/tx_engine_ultrascale_inst/txc_engine_inst/txc_engine_inst/tx_data_pipeline_inst/txdf_inst/gen_regs_fifos[3].fifo_inst_/mem/rMemory_reg has an input control pin control_sub_i/dma_sub/nf_riffa_dma_1/inst/riffa/engine_layer_inst/tx_engine_ultrascale_inst/txc_engine_inst/txc_engine_inst/tx_data_pipeline_inst/txdf_inst/gen_regs_fifos[3].fifo_inst_/mem/rMemory_reg/ENBWREN (net: control_sub_i/dma_sub/nf_riffa_dma_1/inst/riffa/engine_layer_inst/tx_engine_ultrascale_inst/txc_engine_inst/txc_engine_inst/tx_data_pipeline_inst/txdf_inst/gen_regs_fifos[3].fifo_inst_/mem/E[0]) which is driven by a register (control_sub_i/dma_sub/pcie3_7x_1/inst/pcie_top_i/pcie_init_ctrl_7vx_i/FSM_onehot_reg_state_reg[7]) that has an active asychronous set or reset. This may cause corruption of the memory contents and/or read values when the set/reset is asserted and is not analyzed by the default static timing analysis. It is suggested to eliminate the use of a set/reset to registers driving this RAMB pin or else use a synchronous reset in which the assertion of the reset is timed by default.
Related violations: <none>

REQP-1839#16 Warning
RAMB36 async control check  
The RAMB36E1 control_sub_i/dma_sub/nf_riffa_dma_1/inst/riffa/engine_layer_inst/tx_engine_ultrascale_inst/txc_engine_inst/txc_engine_inst/tx_data_pipeline_inst/txdf_inst/gen_regs_fifos[3].fifo_inst_/mem/rMemory_reg has an input control pin control_sub_i/dma_sub/nf_riffa_dma_1/inst/riffa/engine_layer_inst/tx_engine_ultrascale_inst/txc_engine_inst/txc_engine_inst/tx_data_pipeline_inst/txdf_inst/gen_regs_fifos[3].fifo_inst_/mem/rMemory_reg/ENBWREN (net: control_sub_i/dma_sub/nf_riffa_dma_1/inst/riffa/engine_layer_inst/tx_engine_ultrascale_inst/txc_engine_inst/txc_engine_inst/tx_data_pipeline_inst/txdf_inst/gen_regs_fifos[3].fifo_inst_/mem/E[0]) which is driven by a register (control_sub_i/dma_sub/pcie3_7x_1/inst/pcie_top_i/pcie_tlp_tph_tbl_7vx_i/reg_cfg_tph_stt_read_data_valid_o_reg) that has an active asychronous set or reset. This may cause corruption of the memory contents and/or read values when the set/reset is asserted and is not analyzed by the default static timing analysis. It is suggested to eliminate the use of a set/reset to registers driving this RAMB pin or else use a synchronous reset in which the assertion of the reset is timed by default.
Related violations: <none>

REQP-1839#17 Warning
RAMB36 async control check  
The RAMB36E1 control_sub_i/dma_sub/nf_riffa_dma_1/inst/riffa/engine_layer_inst/tx_engine_ultrascale_inst/txr_engine_inst/txr_engine_inst/tx_data_pipeline_inst/txdf_inst/gen_regs_fifos[0].fifo_inst_/mem/rMemory_reg has an input control pin control_sub_i/dma_sub/nf_riffa_dma_1/inst/riffa/engine_layer_inst/tx_engine_ultrascale_inst/txr_engine_inst/txr_engine_inst/tx_data_pipeline_inst/txdf_inst/gen_regs_fifos[0].fifo_inst_/mem/rMemory_reg/ENBWREN (net: control_sub_i/dma_sub/nf_riffa_dma_1/inst/riffa/engine_layer_inst/tx_engine_ultrascale_inst/txr_engine_inst/txr_engine_inst/tx_data_pipeline_inst/txdf_inst/gen_regs_fifos[0].fifo_inst_/mem/rMemory_reg_0[0]) which is driven by a register (control_sub_i/dma_sub/pcie3_7x_1/inst/pcie_top_i/pcie_init_ctrl_7vx_i/FSM_onehot_reg_state_reg[2]) that has an active asychronous set or reset. This may cause corruption of the memory contents and/or read values when the set/reset is asserted and is not analyzed by the default static timing analysis. It is suggested to eliminate the use of a set/reset to registers driving this RAMB pin or else use a synchronous reset in which the assertion of the reset is timed by default.
Related violations: <none>

REQP-1839#18 Warning
RAMB36 async control check  
The RAMB36E1 control_sub_i/dma_sub/nf_riffa_dma_1/inst/riffa/engine_layer_inst/tx_engine_ultrascale_inst/txr_engine_inst/txr_engine_inst/tx_data_pipeline_inst/txdf_inst/gen_regs_fifos[0].fifo_inst_/mem/rMemory_reg has an input control pin control_sub_i/dma_sub/nf_riffa_dma_1/inst/riffa/engine_layer_inst/tx_engine_ultrascale_inst/txr_engine_inst/txr_engine_inst/tx_data_pipeline_inst/txdf_inst/gen_regs_fifos[0].fifo_inst_/mem/rMemory_reg/ENBWREN (net: control_sub_i/dma_sub/nf_riffa_dma_1/inst/riffa/engine_layer_inst/tx_engine_ultrascale_inst/txr_engine_inst/txr_engine_inst/tx_data_pipeline_inst/txdf_inst/gen_regs_fifos[0].fifo_inst_/mem/rMemory_reg_0[0]) which is driven by a register (control_sub_i/dma_sub/pcie3_7x_1/inst/pcie_top_i/pcie_init_ctrl_7vx_i/FSM_onehot_reg_state_reg[3]) that has an active asychronous set or reset. This may cause corruption of the memory contents and/or read values when the set/reset is asserted and is not analyzed by the default static timing analysis. It is suggested to eliminate the use of a set/reset to registers driving this RAMB pin or else use a synchronous reset in which the assertion of the reset is timed by default.
Related violations: <none>

REQP-1839#19 Warning
RAMB36 async control check  
The RAMB36E1 control_sub_i/dma_sub/nf_riffa_dma_1/inst/riffa/engine_layer_inst/tx_engine_ultrascale_inst/txr_engine_inst/txr_engine_inst/tx_data_pipeline_inst/txdf_inst/gen_regs_fifos[0].fifo_inst_/mem/rMemory_reg has an input control pin control_sub_i/dma_sub/nf_riffa_dma_1/inst/riffa/engine_layer_inst/tx_engine_ultrascale_inst/txr_engine_inst/txr_engine_inst/tx_data_pipeline_inst/txdf_inst/gen_regs_fifos[0].fifo_inst_/mem/rMemory_reg/ENBWREN (net: control_sub_i/dma_sub/nf_riffa_dma_1/inst/riffa/engine_layer_inst/tx_engine_ultrascale_inst/txr_engine_inst/txr_engine_inst/tx_data_pipeline_inst/txdf_inst/gen_regs_fifos[0].fifo_inst_/mem/rMemory_reg_0[0]) which is driven by a register (control_sub_i/dma_sub/pcie3_7x_1/inst/pcie_top_i/pcie_init_ctrl_7vx_i/FSM_onehot_reg_state_reg[7]) that has an active asychronous set or reset. This may cause corruption of the memory contents and/or read values when the set/reset is asserted and is not analyzed by the default static timing analysis. It is suggested to eliminate the use of a set/reset to registers driving this RAMB pin or else use a synchronous reset in which the assertion of the reset is timed by default.
Related violations: <none>

REQP-1839#20 Warning
RAMB36 async control check  
The RAMB36E1 control_sub_i/dma_sub/nf_riffa_dma_1/inst/riffa/engine_layer_inst/tx_engine_ultrascale_inst/txr_engine_inst/txr_engine_inst/tx_data_pipeline_inst/txdf_inst/gen_regs_fifos[0].fifo_inst_/mem/rMemory_reg has an input control pin control_sub_i/dma_sub/nf_riffa_dma_1/inst/riffa/engine_layer_inst/tx_engine_ultrascale_inst/txr_engine_inst/txr_engine_inst/tx_data_pipeline_inst/txdf_inst/gen_regs_fifos[0].fifo_inst_/mem/rMemory_reg/ENBWREN (net: control_sub_i/dma_sub/nf_riffa_dma_1/inst/riffa/engine_layer_inst/tx_engine_ultrascale_inst/txr_engine_inst/txr_engine_inst/tx_data_pipeline_inst/txdf_inst/gen_regs_fifos[0].fifo_inst_/mem/rMemory_reg_0[0]) which is driven by a register (control_sub_i/dma_sub/pcie3_7x_1/inst/pcie_top_i/pcie_tlp_tph_tbl_7vx_i/reg_cfg_tph_stt_read_data_valid_o_reg) that has an active asychronous set or reset. This may cause corruption of the memory contents and/or read values when the set/reset is asserted and is not analyzed by the default static timing analysis. It is suggested to eliminate the use of a set/reset to registers driving this RAMB pin or else use a synchronous reset in which the assertion of the reset is timed by default.
Related violations: <none>

REQP-1840#1 Warning
RAMB18 async control check  
The RAMB18E1 control_sub_i/dma_sub/nf_riffa_dma_1/inst/riffa_axis_attachment/axis_to_riffa_conv/rx_riffa_fifo/fifo/queue_reg_7 has an input control pin control_sub_i/dma_sub/nf_riffa_dma_1/inst/riffa_axis_attachment/axis_to_riffa_conv/rx_riffa_fifo/fifo/queue_reg_7/ENARDEN (net: control_sub_i/dma_sub/nf_riffa_dma_1/inst/riffa_axis_attachment/axis_to_riffa_conv/rx_riffa_fifo/fifo/queue_reg_0_i_1__0_n_0) which is driven by a register (control_sub_i/dma_sub/axis_fifo_10g_rx/inst/gen_fifo_generator.fifo_generator_inst/inst_fifo_gen/gaxis_fifo.gaxisf.axisf/grf.rf/gntv_or_sync_fifo.gl0.rd/gr1.gr1_int.rfwft/empty_fwft_i_reg) that has an active asychronous set or reset. This may cause corruption of the memory contents and/or read values when the set/reset is asserted and is not analyzed by the default static timing analysis. It is suggested to eliminate the use of a set/reset to registers driving this RAMB pin or else use a synchronous reset in which the assertion of the reset is timed by default.
Related violations: <none>

REQP-1840#2 Warning
RAMB18 async control check  
The RAMB18E1 control_sub_i/dma_sub/pcie3_7x_1/inst/pcie_top_i/pcie_7vx_i/pcie_bram_7vx_i/req_fifo/U0/RAMB18E1[0].u_fifo has an input control pin control_sub_i/dma_sub/pcie3_7x_1/inst/pcie_top_i/pcie_7vx_i/pcie_bram_7vx_i/req_fifo/U0/RAMB18E1[0].u_fifo/ADDRARDADDR[10] (net: control_sub_i/dma_sub/pcie3_7x_1/inst/pcie_top_i/pcie_7vx_i/pcie_bram_7vx_i/req_fifo/U0/raddr0_i[5]) which is driven by a register (control_sub_i/dma_sub/pcie3_7x_1/inst/pcie_top_i/pcie_init_ctrl_7vx_i/FSM_onehot_reg_state_reg[2]) that has an active asychronous set or reset. This may cause corruption of the memory contents and/or read values when the set/reset is asserted and is not analyzed by the default static timing analysis. It is suggested to eliminate the use of a set/reset to registers driving this RAMB pin or else use a synchronous reset in which the assertion of the reset is timed by default.
Related violations: <none>

REQP-1840#3 Warning
RAMB18 async control check  
The RAMB18E1 control_sub_i/dma_sub/pcie3_7x_1/inst/pcie_top_i/pcie_7vx_i/pcie_bram_7vx_i/req_fifo/U0/RAMB18E1[0].u_fifo has an input control pin control_sub_i/dma_sub/pcie3_7x_1/inst/pcie_top_i/pcie_7vx_i/pcie_bram_7vx_i/req_fifo/U0/RAMB18E1[0].u_fifo/ADDRARDADDR[10] (net: control_sub_i/dma_sub/pcie3_7x_1/inst/pcie_top_i/pcie_7vx_i/pcie_bram_7vx_i/req_fifo/U0/raddr0_i[5]) which is driven by a register (control_sub_i/dma_sub/pcie3_7x_1/inst/pcie_top_i/pcie_init_ctrl_7vx_i/FSM_onehot_reg_state_reg[3]) that has an active asychronous set or reset. This may cause corruption of the memory contents and/or read values when the set/reset is asserted and is not analyzed by the default static timing analysis. It is suggested to eliminate the use of a set/reset to registers driving this RAMB pin or else use a synchronous reset in which the assertion of the reset is timed by default.
Related violations: <none>

REQP-1840#4 Warning
RAMB18 async control check  
The RAMB18E1 control_sub_i/dma_sub/pcie3_7x_1/inst/pcie_top_i/pcie_7vx_i/pcie_bram_7vx_i/req_fifo/U0/RAMB18E1[0].u_fifo has an input control pin control_sub_i/dma_sub/pcie3_7x_1/inst/pcie_top_i/pcie_7vx_i/pcie_bram_7vx_i/req_fifo/U0/RAMB18E1[0].u_fifo/ADDRARDADDR[10] (net: control_sub_i/dma_sub/pcie3_7x_1/inst/pcie_top_i/pcie_7vx_i/pcie_bram_7vx_i/req_fifo/U0/raddr0_i[5]) which is driven by a register (control_sub_i/dma_sub/pcie3_7x_1/inst/pcie_top_i/pcie_init_ctrl_7vx_i/FSM_onehot_reg_state_reg[7]) that has an active asychronous set or reset. This may cause corruption of the memory contents and/or read values when the set/reset is asserted and is not analyzed by the default static timing analysis. It is suggested to eliminate the use of a set/reset to registers driving this RAMB pin or else use a synchronous reset in which the assertion of the reset is timed by default.
Related violations: <none>

REQP-1840#5 Warning
RAMB18 async control check  
The RAMB18E1 control_sub_i/dma_sub/pcie3_7x_1/inst/pcie_top_i/pcie_7vx_i/pcie_bram_7vx_i/req_fifo/U0/RAMB18E1[0].u_fifo has an input control pin control_sub_i/dma_sub/pcie3_7x_1/inst/pcie_top_i/pcie_7vx_i/pcie_bram_7vx_i/req_fifo/U0/RAMB18E1[0].u_fifo/ADDRARDADDR[10] (net: control_sub_i/dma_sub/pcie3_7x_1/inst/pcie_top_i/pcie_7vx_i/pcie_bram_7vx_i/req_fifo/U0/raddr0_i[5]) which is driven by a register (control_sub_i/dma_sub/pcie3_7x_1/inst/pcie_top_i/pcie_tlp_tph_tbl_7vx_i/reg_cfg_tph_stt_read_data_valid_o_reg) that has an active asychronous set or reset. This may cause corruption of the memory contents and/or read values when the set/reset is asserted and is not analyzed by the default static timing analysis. It is suggested to eliminate the use of a set/reset to registers driving this RAMB pin or else use a synchronous reset in which the assertion of the reset is timed by default.
Related violations: <none>

REQP-1840#6 Warning
RAMB18 async control check  
The RAMB18E1 control_sub_i/dma_sub/pcie3_7x_1/inst/pcie_top_i/pcie_7vx_i/pcie_bram_7vx_i/req_fifo/U0/RAMB18E1[0].u_fifo has an input control pin control_sub_i/dma_sub/pcie3_7x_1/inst/pcie_top_i/pcie_7vx_i/pcie_bram_7vx_i/req_fifo/U0/RAMB18E1[0].u_fifo/ADDRARDADDR[11] (net: control_sub_i/dma_sub/pcie3_7x_1/inst/pcie_top_i/pcie_7vx_i/pcie_bram_7vx_i/req_fifo/U0/raddr0_i[6]) which is driven by a register (control_sub_i/dma_sub/pcie3_7x_1/inst/pcie_top_i/pcie_init_ctrl_7vx_i/FSM_onehot_reg_state_reg[2]) that has an active asychronous set or reset. This may cause corruption of the memory contents and/or read values when the set/reset is asserted and is not analyzed by the default static timing analysis. It is suggested to eliminate the use of a set/reset to registers driving this RAMB pin or else use a synchronous reset in which the assertion of the reset is timed by default.
Related violations: <none>

REQP-1840#7 Warning
RAMB18 async control check  
The RAMB18E1 control_sub_i/dma_sub/pcie3_7x_1/inst/pcie_top_i/pcie_7vx_i/pcie_bram_7vx_i/req_fifo/U0/RAMB18E1[0].u_fifo has an input control pin control_sub_i/dma_sub/pcie3_7x_1/inst/pcie_top_i/pcie_7vx_i/pcie_bram_7vx_i/req_fifo/U0/RAMB18E1[0].u_fifo/ADDRARDADDR[11] (net: control_sub_i/dma_sub/pcie3_7x_1/inst/pcie_top_i/pcie_7vx_i/pcie_bram_7vx_i/req_fifo/U0/raddr0_i[6]) which is driven by a register (control_sub_i/dma_sub/pcie3_7x_1/inst/pcie_top_i/pcie_init_ctrl_7vx_i/FSM_onehot_reg_state_reg[3]) that has an active asychronous set or reset. This may cause corruption of the memory contents and/or read values when the set/reset is asserted and is not analyzed by the default static timing analysis. It is suggested to eliminate the use of a set/reset to registers driving this RAMB pin or else use a synchronous reset in which the assertion of the reset is timed by default.
Related violations: <none>

REQP-1840#8 Warning
RAMB18 async control check  
The RAMB18E1 control_sub_i/dma_sub/pcie3_7x_1/inst/pcie_top_i/pcie_7vx_i/pcie_bram_7vx_i/req_fifo/U0/RAMB18E1[0].u_fifo has an input control pin control_sub_i/dma_sub/pcie3_7x_1/inst/pcie_top_i/pcie_7vx_i/pcie_bram_7vx_i/req_fifo/U0/RAMB18E1[0].u_fifo/ADDRARDADDR[11] (net: control_sub_i/dma_sub/pcie3_7x_1/inst/pcie_top_i/pcie_7vx_i/pcie_bram_7vx_i/req_fifo/U0/raddr0_i[6]) which is driven by a register (control_sub_i/dma_sub/pcie3_7x_1/inst/pcie_top_i/pcie_init_ctrl_7vx_i/FSM_onehot_reg_state_reg[7]) that has an active asychronous set or reset. This may cause corruption of the memory contents and/or read values when the set/reset is asserted and is not analyzed by the default static timing analysis. It is suggested to eliminate the use of a set/reset to registers driving this RAMB pin or else use a synchronous reset in which the assertion of the reset is timed by default.
Related violations: <none>

REQP-1840#9 Warning
RAMB18 async control check  
The RAMB18E1 control_sub_i/dma_sub/pcie3_7x_1/inst/pcie_top_i/pcie_7vx_i/pcie_bram_7vx_i/req_fifo/U0/RAMB18E1[0].u_fifo has an input control pin control_sub_i/dma_sub/pcie3_7x_1/inst/pcie_top_i/pcie_7vx_i/pcie_bram_7vx_i/req_fifo/U0/RAMB18E1[0].u_fifo/ADDRARDADDR[11] (net: control_sub_i/dma_sub/pcie3_7x_1/inst/pcie_top_i/pcie_7vx_i/pcie_bram_7vx_i/req_fifo/U0/raddr0_i[6]) which is driven by a register (control_sub_i/dma_sub/pcie3_7x_1/inst/pcie_top_i/pcie_tlp_tph_tbl_7vx_i/reg_cfg_tph_stt_read_data_valid_o_reg) that has an active asychronous set or reset. This may cause corruption of the memory contents and/or read values when the set/reset is asserted and is not analyzed by the default static timing analysis. It is suggested to eliminate the use of a set/reset to registers driving this RAMB pin or else use a synchronous reset in which the assertion of the reset is timed by default.
Related violations: <none>

REQP-1840#10 Warning
RAMB18 async control check  
The RAMB18E1 control_sub_i/dma_sub/pcie3_7x_1/inst/pcie_top_i/pcie_7vx_i/pcie_bram_7vx_i/req_fifo/U0/RAMB18E1[0].u_fifo has an input control pin control_sub_i/dma_sub/pcie3_7x_1/inst/pcie_top_i/pcie_7vx_i/pcie_bram_7vx_i/req_fifo/U0/RAMB18E1[0].u_fifo/ADDRARDADDR[12] (net: control_sub_i/dma_sub/pcie3_7x_1/inst/pcie_top_i/pcie_7vx_i/pcie_bram_7vx_i/req_fifo/U0/raddr0_i[7]) which is driven by a register (control_sub_i/dma_sub/pcie3_7x_1/inst/pcie_top_i/pcie_init_ctrl_7vx_i/FSM_onehot_reg_state_reg[2]) that has an active asychronous set or reset. This may cause corruption of the memory contents and/or read values when the set/reset is asserted and is not analyzed by the default static timing analysis. It is suggested to eliminate the use of a set/reset to registers driving this RAMB pin or else use a synchronous reset in which the assertion of the reset is timed by default.
Related violations: <none>

REQP-1840#11 Warning
RAMB18 async control check  
The RAMB18E1 control_sub_i/dma_sub/pcie3_7x_1/inst/pcie_top_i/pcie_7vx_i/pcie_bram_7vx_i/req_fifo/U0/RAMB18E1[0].u_fifo has an input control pin control_sub_i/dma_sub/pcie3_7x_1/inst/pcie_top_i/pcie_7vx_i/pcie_bram_7vx_i/req_fifo/U0/RAMB18E1[0].u_fifo/ADDRARDADDR[12] (net: control_sub_i/dma_sub/pcie3_7x_1/inst/pcie_top_i/pcie_7vx_i/pcie_bram_7vx_i/req_fifo/U0/raddr0_i[7]) which is driven by a register (control_sub_i/dma_sub/pcie3_7x_1/inst/pcie_top_i/pcie_init_ctrl_7vx_i/FSM_onehot_reg_state_reg[3]) that has an active asychronous set or reset. This may cause corruption of the memory contents and/or read values when the set/reset is asserted and is not analyzed by the default static timing analysis. It is suggested to eliminate the use of a set/reset to registers driving this RAMB pin or else use a synchronous reset in which the assertion of the reset is timed by default.
Related violations: <none>

REQP-1840#12 Warning
RAMB18 async control check  
The RAMB18E1 control_sub_i/dma_sub/pcie3_7x_1/inst/pcie_top_i/pcie_7vx_i/pcie_bram_7vx_i/req_fifo/U0/RAMB18E1[0].u_fifo has an input control pin control_sub_i/dma_sub/pcie3_7x_1/inst/pcie_top_i/pcie_7vx_i/pcie_bram_7vx_i/req_fifo/U0/RAMB18E1[0].u_fifo/ADDRARDADDR[12] (net: control_sub_i/dma_sub/pcie3_7x_1/inst/pcie_top_i/pcie_7vx_i/pcie_bram_7vx_i/req_fifo/U0/raddr0_i[7]) which is driven by a register (control_sub_i/dma_sub/pcie3_7x_1/inst/pcie_top_i/pcie_init_ctrl_7vx_i/FSM_onehot_reg_state_reg[7]) that has an active asychronous set or reset. This may cause corruption of the memory contents and/or read values when the set/reset is asserted and is not analyzed by the default static timing analysis. It is suggested to eliminate the use of a set/reset to registers driving this RAMB pin or else use a synchronous reset in which the assertion of the reset is timed by default.
Related violations: <none>

REQP-1840#13 Warning
RAMB18 async control check  
The RAMB18E1 control_sub_i/dma_sub/pcie3_7x_1/inst/pcie_top_i/pcie_7vx_i/pcie_bram_7vx_i/req_fifo/U0/RAMB18E1[0].u_fifo has an input control pin control_sub_i/dma_sub/pcie3_7x_1/inst/pcie_top_i/pcie_7vx_i/pcie_bram_7vx_i/req_fifo/U0/RAMB18E1[0].u_fifo/ADDRARDADDR[12] (net: control_sub_i/dma_sub/pcie3_7x_1/inst/pcie_top_i/pcie_7vx_i/pcie_bram_7vx_i/req_fifo/U0/raddr0_i[7]) which is driven by a register (control_sub_i/dma_sub/pcie3_7x_1/inst/pcie_top_i/pcie_tlp_tph_tbl_7vx_i/reg_cfg_tph_stt_read_data_valid_o_reg) that has an active asychronous set or reset. This may cause corruption of the memory contents and/or read values when the set/reset is asserted and is not analyzed by the default static timing analysis. It is suggested to eliminate the use of a set/reset to registers driving this RAMB pin or else use a synchronous reset in which the assertion of the reset is timed by default.
Related violations: <none>

REQP-1840#14 Warning
RAMB18 async control check  
The RAMB18E1 control_sub_i/dma_sub/pcie3_7x_1/inst/pcie_top_i/pcie_7vx_i/pcie_bram_7vx_i/req_fifo/U0/RAMB18E1[0].u_fifo has an input control pin control_sub_i/dma_sub/pcie3_7x_1/inst/pcie_top_i/pcie_7vx_i/pcie_bram_7vx_i/req_fifo/U0/RAMB18E1[0].u_fifo/ADDRARDADDR[13] (net: control_sub_i/dma_sub/pcie3_7x_1/inst/pcie_top_i/pcie_7vx_i/pcie_bram_7vx_i/req_fifo/U0/raddr0_i[8]) which is driven by a register (control_sub_i/dma_sub/pcie3_7x_1/inst/pcie_top_i/pcie_init_ctrl_7vx_i/FSM_onehot_reg_state_reg[2]) that has an active asychronous set or reset. This may cause corruption of the memory contents and/or read values when the set/reset is asserted and is not analyzed by the default static timing analysis. It is suggested to eliminate the use of a set/reset to registers driving this RAMB pin or else use a synchronous reset in which the assertion of the reset is timed by default.
Related violations: <none>

REQP-1840#15 Warning
RAMB18 async control check  
The RAMB18E1 control_sub_i/dma_sub/pcie3_7x_1/inst/pcie_top_i/pcie_7vx_i/pcie_bram_7vx_i/req_fifo/U0/RAMB18E1[0].u_fifo has an input control pin control_sub_i/dma_sub/pcie3_7x_1/inst/pcie_top_i/pcie_7vx_i/pcie_bram_7vx_i/req_fifo/U0/RAMB18E1[0].u_fifo/ADDRARDADDR[13] (net: control_sub_i/dma_sub/pcie3_7x_1/inst/pcie_top_i/pcie_7vx_i/pcie_bram_7vx_i/req_fifo/U0/raddr0_i[8]) which is driven by a register (control_sub_i/dma_sub/pcie3_7x_1/inst/pcie_top_i/pcie_init_ctrl_7vx_i/FSM_onehot_reg_state_reg[3]) that has an active asychronous set or reset. This may cause corruption of the memory contents and/or read values when the set/reset is asserted and is not analyzed by the default static timing analysis. It is suggested to eliminate the use of a set/reset to registers driving this RAMB pin or else use a synchronous reset in which the assertion of the reset is timed by default.
Related violations: <none>

REQP-1840#16 Warning
RAMB18 async control check  
The RAMB18E1 control_sub_i/dma_sub/pcie3_7x_1/inst/pcie_top_i/pcie_7vx_i/pcie_bram_7vx_i/req_fifo/U0/RAMB18E1[0].u_fifo has an input control pin control_sub_i/dma_sub/pcie3_7x_1/inst/pcie_top_i/pcie_7vx_i/pcie_bram_7vx_i/req_fifo/U0/RAMB18E1[0].u_fifo/ADDRARDADDR[13] (net: control_sub_i/dma_sub/pcie3_7x_1/inst/pcie_top_i/pcie_7vx_i/pcie_bram_7vx_i/req_fifo/U0/raddr0_i[8]) which is driven by a register (control_sub_i/dma_sub/pcie3_7x_1/inst/pcie_top_i/pcie_init_ctrl_7vx_i/FSM_onehot_reg_state_reg[7]) that has an active asychronous set or reset. This may cause corruption of the memory contents and/or read values when the set/reset is asserted and is not analyzed by the default static timing analysis. It is suggested to eliminate the use of a set/reset to registers driving this RAMB pin or else use a synchronous reset in which the assertion of the reset is timed by default.
Related violations: <none>

REQP-1840#17 Warning
RAMB18 async control check  
The RAMB18E1 control_sub_i/dma_sub/pcie3_7x_1/inst/pcie_top_i/pcie_7vx_i/pcie_bram_7vx_i/req_fifo/U0/RAMB18E1[0].u_fifo has an input control pin control_sub_i/dma_sub/pcie3_7x_1/inst/pcie_top_i/pcie_7vx_i/pcie_bram_7vx_i/req_fifo/U0/RAMB18E1[0].u_fifo/ADDRARDADDR[13] (net: control_sub_i/dma_sub/pcie3_7x_1/inst/pcie_top_i/pcie_7vx_i/pcie_bram_7vx_i/req_fifo/U0/raddr0_i[8]) which is driven by a register (control_sub_i/dma_sub/pcie3_7x_1/inst/pcie_top_i/pcie_tlp_tph_tbl_7vx_i/reg_cfg_tph_stt_read_data_valid_o_reg) that has an active asychronous set or reset. This may cause corruption of the memory contents and/or read values when the set/reset is asserted and is not analyzed by the default static timing analysis. It is suggested to eliminate the use of a set/reset to registers driving this RAMB pin or else use a synchronous reset in which the assertion of the reset is timed by default.
Related violations: <none>

REQP-1840#18 Warning
RAMB18 async control check  
The RAMB18E1 control_sub_i/dma_sub/pcie3_7x_1/inst/pcie_top_i/pcie_7vx_i/pcie_bram_7vx_i/req_fifo/U0/RAMB18E1[0].u_fifo has an input control pin control_sub_i/dma_sub/pcie3_7x_1/inst/pcie_top_i/pcie_7vx_i/pcie_bram_7vx_i/req_fifo/U0/RAMB18E1[0].u_fifo/ADDRARDADDR[9] (net: control_sub_i/dma_sub/pcie3_7x_1/inst/pcie_top_i/pcie_7vx_i/pcie_bram_7vx_i/req_fifo/U0/raddr0_i[4]) which is driven by a register (control_sub_i/dma_sub/pcie3_7x_1/inst/pcie_top_i/pcie_init_ctrl_7vx_i/FSM_onehot_reg_state_reg[2]) that has an active asychronous set or reset. This may cause corruption of the memory contents and/or read values when the set/reset is asserted and is not analyzed by the default static timing analysis. It is suggested to eliminate the use of a set/reset to registers driving this RAMB pin or else use a synchronous reset in which the assertion of the reset is timed by default.
Related violations: <none>

REQP-1840#19 Warning
RAMB18 async control check  
The RAMB18E1 control_sub_i/dma_sub/pcie3_7x_1/inst/pcie_top_i/pcie_7vx_i/pcie_bram_7vx_i/req_fifo/U0/RAMB18E1[0].u_fifo has an input control pin control_sub_i/dma_sub/pcie3_7x_1/inst/pcie_top_i/pcie_7vx_i/pcie_bram_7vx_i/req_fifo/U0/RAMB18E1[0].u_fifo/ADDRARDADDR[9] (net: control_sub_i/dma_sub/pcie3_7x_1/inst/pcie_top_i/pcie_7vx_i/pcie_bram_7vx_i/req_fifo/U0/raddr0_i[4]) which is driven by a register (control_sub_i/dma_sub/pcie3_7x_1/inst/pcie_top_i/pcie_init_ctrl_7vx_i/FSM_onehot_reg_state_reg[3]) that has an active asychronous set or reset. This may cause corruption of the memory contents and/or read values when the set/reset is asserted and is not analyzed by the default static timing analysis. It is suggested to eliminate the use of a set/reset to registers driving this RAMB pin or else use a synchronous reset in which the assertion of the reset is timed by default.
Related violations: <none>

REQP-1840#20 Warning
RAMB18 async control check  
The RAMB18E1 control_sub_i/dma_sub/pcie3_7x_1/inst/pcie_top_i/pcie_7vx_i/pcie_bram_7vx_i/req_fifo/U0/RAMB18E1[0].u_fifo has an input control pin control_sub_i/dma_sub/pcie3_7x_1/inst/pcie_top_i/pcie_7vx_i/pcie_bram_7vx_i/req_fifo/U0/RAMB18E1[0].u_fifo/ADDRARDADDR[9] (net: control_sub_i/dma_sub/pcie3_7x_1/inst/pcie_top_i/pcie_7vx_i/pcie_bram_7vx_i/req_fifo/U0/raddr0_i[4]) which is driven by a register (control_sub_i/dma_sub/pcie3_7x_1/inst/pcie_top_i/pcie_init_ctrl_7vx_i/FSM_onehot_reg_state_reg[7]) that has an active asychronous set or reset. This may cause corruption of the memory contents and/or read values when the set/reset is asserted and is not analyzed by the default static timing analysis. It is suggested to eliminate the use of a set/reset to registers driving this RAMB pin or else use a synchronous reset in which the assertion of the reset is timed by default.
Related violations: <none>

RTSTAT-10#1 Warning
No routable loads  
358 net(s) have no routable loads. The problem bus(es) and/or net(s) are nf_10g_interface_1/inst/nf_10g_interface_block_i/xge_attachment/rx_fifo_intf/rx_info_fifo/U0/inst_fifo_gen/gconvfifo.rf/grf.rf/gntv_or_sync_fifo.gl0.rd/gr1.gr1_int.rfwft/aempty_fwft_i, nf_10g_interface_0/inst/nf_10g_interface_shared_i/xge_attachment/rx_fifo_intf/rx_info_fifo/U0/inst_fifo_gen/gconvfifo.rf/grf.rf/gntv_or_sync_fifo.gl0.rd/gr1.gr1_int.rfwft/aempty_fwft_i, nf_10g_interface_0/inst/nf_10g_interface_shared_i/fifo_generator_shared_status_i/U0/inst_fifo_gen/gconvfifo.rf/grf.rf/gntv_or_sync_fifo.gl0.rd/gr1.gr1_int.rfwft/aempty_fwft_i, nf_10g_interface_2/inst/nf_10g_interface_block_i/xge_attachment/tx_fifo_intf/tx_info_fifo/U0/inst_fifo_gen/gconvfifo.rf/grf.rf/gntv_or_sync_fifo.gl0.rd/gr1.gr1_int.rfwft/aempty_fwft_i, nf_10g_interface_0/inst/nf_10g_interface_shared_i/xge_attachment/tx_fifo_intf/tx_info_fifo/U0/inst_fifo_gen/gconvfifo.rf/grf.rf/gntv_or_sync_fifo.gl0.rd/gr1.gr1_int.rfwft/aempty_fwft_i, control_sub_i/dma_sub/nf_riffa_dma_1/inst/riffa_axi_lite_attachment/ar_fifo/U0/inst_fifo_gen/gaxis_fifo.gaxisf.axisf/grf.rf/gntv_or_sync_fifo.gl0.rd/gr1.gr1_int.rfwft/aempty_fwft_i, nf_10g_interface_2/inst/nf_10g_interface_block_i/xge_attachment/rx_fifo_intf/rx_info_fifo/U0/inst_fifo_gen/gconvfifo.rf/grf.rf/gntv_or_sync_fifo.gl0.rd/gr1.gr1_int.rfwft/aempty_fwft_i, nf_10g_interface_2/inst/nf_10g_interface_block_i/fifo_generator_nonshared_status_i/U0/inst_fifo_gen/gconvfifo.rf/grf.rf/gntv_or_sync_fifo.gl0.rd/gr1.gr1_int.rfwft/aempty_fwft_i, nf_10g_interface_1/inst/nf_10g_interface_block_i/xge_attachment/tx_fifo_intf/tx_info_fifo/U0/inst_fifo_gen/gconvfifo.rf/grf.rf/gntv_or_sync_fifo.gl0.rd/gr1.gr1_int.rfwft/aempty_fwft_i, control_sub_i/dma_sub/nf_riffa_dma_1/inst/riffa_axi_lite_attachment/aw_fifo/U0/inst_fifo_gen/gaxis_fifo.gaxisf.axisf/grf.rf/gntv_or_sync_fifo.gl0.rd/gr1.gr1_int.rfwft/aempty_fwft_i, control_sub_i/dma_sub/nf_riffa_dma_1/inst/riffa_axi_lite_attachment/r_fifo/U0/inst_fifo_gen/gaxis_fifo.gaxisf.axisf/grf.rf/gntv_or_sync_fifo.gl0.rd/gr1.gr1_int.rfwft/aempty_fwft_i, nf_10g_interface_1/inst/nf_10g_interface_block_i/fifo_generator_nonshared_status_i/U0/inst_fifo_gen/gconvfifo.rf/grf.rf/gntv_or_sync_fifo.gl0.rd/gr1.gr1_int.rfwft/aempty_fwft_i, nf_10g_interface_3/inst/nf_10g_interface_block_i/xge_attachment/tx_fifo_intf/tx_info_fifo/U0/inst_fifo_gen/gconvfifo.rf/grf.rf/gntv_or_sync_fifo.gl0.rd/gr1.gr1_int.rfwft/aempty_fwft_i, control_sub_i/dma_sub/axis_fifo_10g_rx/inst/gen_fifo_generator.fifo_generator_inst/inst_fifo_gen/gaxis_fifo.gaxisf.axisf/grf.rf/gntv_or_sync_fifo.gl0.rd/gr1.gr1_int.rfwft/aempty_fwft_i, control_sub_i/dma_sub/nf_riffa_dma_1/inst/riffa_axi_lite_attachment/tag_fifo/U0/inst_fifo_gen/gaxis_fifo.gaxisf.axisf/grf.rf/gntv_or_sync_fifo.gl0.rd/gr1.gr1_int.rfwft/aempty_fwft_i (the first 15 of 78 listed).
Related violations: <none>

REQP-165#1 Advisory
writefirst  
Synchronous clocking is detected for BRAM (control_sub_i/dma_sub/pcie3_7x_1/inst/pcie_top_i/pcie_7vx_i/pcie_bram_7vx_i/req_fifo/U0/RAMB18E1[0].u_fifo) in SDP mode with WRITE_FIRST write-mode. This is the preferred mode for best power characteristics, however it may exhibit address collisions if the same address appears on both read and write ports resulting in unknown or corrupted read data. It is suggested to confirm via simulation that an address collision never occurs and if so it is suggested to try and avoid this situation. If address collisions cannot be avoided, the write-mode may be set to READ_FIRST which guarantees that the read data is the prior contents of the memory at the cost of additional power in the design. See the FPGA Memory Resources User Guide for additional information.
Related violations: <none>

REQP-165#2 Advisory
writefirst  
Synchronous clocking is detected for BRAM (control_sub_i/dma_sub/pcie3_7x_1/inst/pcie_top_i/pcie_7vx_i/pcie_bram_7vx_i/req_fifo/U0/RAMB18E1[1].u_fifo) in SDP mode with WRITE_FIRST write-mode. This is the preferred mode for best power characteristics, however it may exhibit address collisions if the same address appears on both read and write ports resulting in unknown or corrupted read data. It is suggested to confirm via simulation that an address collision never occurs and if so it is suggested to try and avoid this situation. If address collisions cannot be avoided, the write-mode may be set to READ_FIRST which guarantees that the read data is the prior contents of the memory at the cost of additional power in the design. See the FPGA Memory Resources User Guide for additional information.
Related violations: <none>

REQP-165#3 Advisory
writefirst  
Synchronous clocking is detected for BRAM (control_sub_i/dma_sub/pcie3_7x_1/inst/pcie_top_i/pcie_7vx_i/pcie_bram_7vx_i/req_fifo/U0/RAMB18E1[2].u_fifo) in SDP mode with WRITE_FIRST write-mode. This is the preferred mode for best power characteristics, however it may exhibit address collisions if the same address appears on both read and write ports resulting in unknown or corrupted read data. It is suggested to confirm via simulation that an address collision never occurs and if so it is suggested to try and avoid this situation. If address collisions cannot be avoided, the write-mode may be set to READ_FIRST which guarantees that the read data is the prior contents of the memory at the cost of additional power in the design. See the FPGA Memory Resources User Guide for additional information.
Related violations: <none>

REQP-165#4 Advisory
writefirst  
Synchronous clocking is detected for BRAM (control_sub_i/dma_sub/pcie3_7x_1/inst/pcie_top_i/pcie_7vx_i/pcie_bram_7vx_i/req_fifo/U0/RAMB18E1[3].u_fifo) in SDP mode with WRITE_FIRST write-mode. This is the preferred mode for best power characteristics, however it may exhibit address collisions if the same address appears on both read and write ports resulting in unknown or corrupted read data. It is suggested to confirm via simulation that an address collision never occurs and if so it is suggested to try and avoid this situation. If address collisions cannot be avoided, the write-mode may be set to READ_FIRST which guarantees that the read data is the prior contents of the memory at the cost of additional power in the design. See the FPGA Memory Resources User Guide for additional information.
Related violations: <none>

REQP-181#1 Advisory
writefirst  
Synchronous clocking is detected for BRAM (control_sub_i/dma_sub/nf_riffa_dma_1/inst/riffa/riffa_inst/channels[0].channel/channel/txPort/gate/fifo/mem/rRAM_reg_0) in SDP mode with WRITE_FIRST write-mode. This is the preferred mode for best power characteristics, however it may exhibit address collisions if the same address appears on both read and write ports resulting in unknown or corrupted read data. It is suggested to confirm via simulation that an address collision never occurs and if so it is suggested to try and avoid this situation. If address collisions cannot be avoided, the write-mode may be set to READ_FIRST which guarantees that the read data is the prior contents of the memory at the cost of additional power in the design. See the FPGA Memory Resources User Guide for additional information.
Related violations: <none>

REQP-181#2 Advisory
writefirst  
Synchronous clocking is detected for BRAM (control_sub_i/dma_sub/nf_riffa_dma_1/inst/riffa/riffa_inst/channels[0].channel/channel/txPort/gate/fifo/mem/rRAM_reg_1) in SDP mode with WRITE_FIRST write-mode. This is the preferred mode for best power characteristics, however it may exhibit address collisions if the same address appears on both read and write ports resulting in unknown or corrupted read data. It is suggested to confirm via simulation that an address collision never occurs and if so it is suggested to try and avoid this situation. If address collisions cannot be avoided, the write-mode may be set to READ_FIRST which guarantees that the read data is the prior contents of the memory at the cost of additional power in the design. See the FPGA Memory Resources User Guide for additional information.
Related violations: <none>

REQP-181#3 Advisory
writefirst  
Synchronous clocking is detected for BRAM (control_sub_i/dma_sub/nf_riffa_dma_1/inst/riffa/riffa_inst/channels[1].channel/channel/txPort/gate/fifo/mem/rRAM_reg_0) in SDP mode with WRITE_FIRST write-mode. This is the preferred mode for best power characteristics, however it may exhibit address collisions if the same address appears on both read and write ports resulting in unknown or corrupted read data. It is suggested to confirm via simulation that an address collision never occurs and if so it is suggested to try and avoid this situation. If address collisions cannot be avoided, the write-mode may be set to READ_FIRST which guarantees that the read data is the prior contents of the memory at the cost of additional power in the design. See the FPGA Memory Resources User Guide for additional information.
Related violations: <none>

REQP-181#4 Advisory
writefirst  
Synchronous clocking is detected for BRAM (control_sub_i/dma_sub/nf_riffa_dma_1/inst/riffa/riffa_inst/channels[1].channel/channel/txPort/gate/fifo/mem/rRAM_reg_1) in SDP mode with WRITE_FIRST write-mode. This is the preferred mode for best power characteristics, however it may exhibit address collisions if the same address appears on both read and write ports resulting in unknown or corrupted read data. It is suggested to confirm via simulation that an address collision never occurs and if so it is suggested to try and avoid this situation. If address collisions cannot be avoided, the write-mode may be set to READ_FIRST which guarantees that the read data is the prior contents of the memory at the cost of additional power in the design. See the FPGA Memory Resources User Guide for additional information.
Related violations: <none>

REQP-181#5 Advisory
writefirst  
Synchronous clocking is detected for BRAM (control_sub_i/dma_sub/pcie3_7x_1/inst/pcie_top_i/pcie_7vx_i/pcie_bram_7vx_i/cpl_fifo/genblk1.CPL_FIFO_16KB.U0/SPEED_250MHz.RAMB36E1[0].u_fifo) in SDP mode with WRITE_FIRST write-mode. This is the preferred mode for best power characteristics, however it may exhibit address collisions if the same address appears on both read and write ports resulting in unknown or corrupted read data. It is suggested to confirm via simulation that an address collision never occurs and if so it is suggested to try and avoid this situation. If address collisions cannot be avoided, the write-mode may be set to READ_FIRST which guarantees that the read data is the prior contents of the memory at the cost of additional power in the design. See the FPGA Memory Resources User Guide for additional information.
Related violations: <none>

REQP-181#6 Advisory
writefirst  
Synchronous clocking is detected for BRAM (control_sub_i/dma_sub/pcie3_7x_1/inst/pcie_top_i/pcie_7vx_i/pcie_bram_7vx_i/cpl_fifo/genblk1.CPL_FIFO_16KB.U0/SPEED_250MHz.RAMB36E1[1].u_fifo) in SDP mode with WRITE_FIRST write-mode. This is the preferred mode for best power characteristics, however it may exhibit address collisions if the same address appears on both read and write ports resulting in unknown or corrupted read data. It is suggested to confirm via simulation that an address collision never occurs and if so it is suggested to try and avoid this situation. If address collisions cannot be avoided, the write-mode may be set to READ_FIRST which guarantees that the read data is the prior contents of the memory at the cost of additional power in the design. See the FPGA Memory Resources User Guide for additional information.
Related violations: <none>

REQP-181#7 Advisory
writefirst  
Synchronous clocking is detected for BRAM (control_sub_i/dma_sub/pcie3_7x_1/inst/pcie_top_i/pcie_7vx_i/pcie_bram_7vx_i/cpl_fifo/genblk1.CPL_FIFO_16KB.U0/SPEED_250MHz.RAMB36E1[2].u_fifo) in SDP mode with WRITE_FIRST write-mode. This is the preferred mode for best power characteristics, however it may exhibit address collisions if the same address appears on both read and write ports resulting in unknown or corrupted read data. It is suggested to confirm via simulation that an address collision never occurs and if so it is suggested to try and avoid this situation. If address collisions cannot be avoided, the write-mode may be set to READ_FIRST which guarantees that the read data is the prior contents of the memory at the cost of additional power in the design. See the FPGA Memory Resources User Guide for additional information.
Related violations: <none>

REQP-181#8 Advisory
writefirst  
Synchronous clocking is detected for BRAM (control_sub_i/dma_sub/pcie3_7x_1/inst/pcie_top_i/pcie_7vx_i/pcie_bram_7vx_i/cpl_fifo/genblk1.CPL_FIFO_16KB.U0/SPEED_250MHz.RAMB36E1[3].u_fifo) in SDP mode with WRITE_FIRST write-mode. This is the preferred mode for best power characteristics, however it may exhibit address collisions if the same address appears on both read and write ports resulting in unknown or corrupted read data. It is suggested to confirm via simulation that an address collision never occurs and if so it is suggested to try and avoid this situation. If address collisions cannot be avoided, the write-mode may be set to READ_FIRST which guarantees that the read data is the prior contents of the memory at the cost of additional power in the design. See the FPGA Memory Resources User Guide for additional information.
Related violations: <none>


