
*** Running vivado
    with args -log control_sub_auto_cc_0.vds -m64 -product Vivado -mode batch -messageDb vivado.pb -notrace -source control_sub_auto_cc_0.tcl


****** Vivado v2016.4 (64-bit)
  **** SW Build 1756540 on Mon Jan 23 19:11:19 MST 2017
  **** IP Build 1755317 on Mon Jan 23 20:30:07 MST 2017
    ** Copyright 1986-2016 Xilinx, Inc. All Rights Reserved.

source control_sub_auto_cc_0.tcl -notrace
Starting RTL Elaboration : Time (s): cpu = 00:00:12 ; elapsed = 00:01:32 . Memory (MB): peak = 1162.418 ; gain = 233.973 ; free physical = 1136 ; free virtual = 8721
INFO: [Synth 8-638] synthesizing module 'control_sub_auto_cc_0' [/home/zhs/NetFPGA-SUME-live-master/projects/reference_switch/hw/project/reference_switch.srcs/sources_1/bd/control_sub/ip/control_sub_auto_cc_0/synth/control_sub_auto_cc_0.v:58]
INFO: [Synth 8-638] synthesizing module 'axi_clock_converter_v2_1_10_axi_clock_converter' [/home/zhs/NetFPGA-SUME-live-master/projects/reference_switch/hw/project/reference_switch.srcs/sources_1/bd/control_sub/ipshared/8479/hdl/axi_clock_converter_v2_1_vl_rfs.v:642]
INFO: [Synth 8-638] synthesizing module 'axi_infrastructure_v1_1_0_axi2vector' [/home/zhs/NetFPGA-SUME-live-master/projects/reference_switch/hw/project/reference_switch.srcs/sources_1/bd/control_sub/ipshared/7e3a/hdl/axi_infrastructure_v1_1_vl_rfs.v:60]
INFO: [Synth 8-256] done synthesizing module 'axi_infrastructure_v1_1_0_axi2vector' (1#1) [/home/zhs/NetFPGA-SUME-live-master/projects/reference_switch/hw/project/reference_switch.srcs/sources_1/bd/control_sub/ipshared/7e3a/hdl/axi_infrastructure_v1_1_vl_rfs.v:60]
INFO: [Synth 8-638] synthesizing module 'axi_clock_converter_v2_1_10_lite_async' [/home/zhs/NetFPGA-SUME-live-master/projects/reference_switch/hw/project/reference_switch.srcs/sources_1/bd/control_sub/ipshared/8479/hdl/axi_clock_converter_v2_1_vl_rfs.v:514]
INFO: [Synth 8-638] synthesizing module 'xpm_cdc_handshake' [/opt/Xilinx/Vivado/2016.4/data/ip/xpm/xpm_cdc/hdl/xpm_cdc.sv:352]
INFO: [Synth 8-638] synthesizing module 'xpm_cdc_single' [/opt/Xilinx/Vivado/2016.4/data/ip/xpm/xpm_cdc/hdl/xpm_cdc.sv:99]
INFO: [Synth 8-256] done synthesizing module 'xpm_cdc_single' (2#1) [/opt/Xilinx/Vivado/2016.4/data/ip/xpm/xpm_cdc/hdl/xpm_cdc.sv:99]
INFO: [Synth 8-256] done synthesizing module 'xpm_cdc_handshake' (3#1) [/opt/Xilinx/Vivado/2016.4/data/ip/xpm/xpm_cdc/hdl/xpm_cdc.sv:352]
INFO: [Synth 8-256] done synthesizing module 'axi_clock_converter_v2_1_10_lite_async' (4#1) [/home/zhs/NetFPGA-SUME-live-master/projects/reference_switch/hw/project/reference_switch.srcs/sources_1/bd/control_sub/ipshared/8479/hdl/axi_clock_converter_v2_1_vl_rfs.v:514]
INFO: [Synth 8-638] synthesizing module 'axi_clock_converter_v2_1_10_lite_async__parameterized0' [/home/zhs/NetFPGA-SUME-live-master/projects/reference_switch/hw/project/reference_switch.srcs/sources_1/bd/control_sub/ipshared/8479/hdl/axi_clock_converter_v2_1_vl_rfs.v:514]
INFO: [Synth 8-638] synthesizing module 'xpm_cdc_handshake__parameterized0' [/opt/Xilinx/Vivado/2016.4/data/ip/xpm/xpm_cdc/hdl/xpm_cdc.sv:352]
INFO: [Synth 8-256] done synthesizing module 'xpm_cdc_handshake__parameterized0' (4#1) [/opt/Xilinx/Vivado/2016.4/data/ip/xpm/xpm_cdc/hdl/xpm_cdc.sv:352]
INFO: [Synth 8-256] done synthesizing module 'axi_clock_converter_v2_1_10_lite_async__parameterized0' (4#1) [/home/zhs/NetFPGA-SUME-live-master/projects/reference_switch/hw/project/reference_switch.srcs/sources_1/bd/control_sub/ipshared/8479/hdl/axi_clock_converter_v2_1_vl_rfs.v:514]
INFO: [Synth 8-638] synthesizing module 'axi_clock_converter_v2_1_10_lite_async__parameterized1' [/home/zhs/NetFPGA-SUME-live-master/projects/reference_switch/hw/project/reference_switch.srcs/sources_1/bd/control_sub/ipshared/8479/hdl/axi_clock_converter_v2_1_vl_rfs.v:514]
INFO: [Synth 8-638] synthesizing module 'xpm_cdc_handshake__parameterized1' [/opt/Xilinx/Vivado/2016.4/data/ip/xpm/xpm_cdc/hdl/xpm_cdc.sv:352]
INFO: [Synth 8-256] done synthesizing module 'xpm_cdc_handshake__parameterized1' (4#1) [/opt/Xilinx/Vivado/2016.4/data/ip/xpm/xpm_cdc/hdl/xpm_cdc.sv:352]
INFO: [Synth 8-256] done synthesizing module 'axi_clock_converter_v2_1_10_lite_async__parameterized1' (4#1) [/home/zhs/NetFPGA-SUME-live-master/projects/reference_switch/hw/project/reference_switch.srcs/sources_1/bd/control_sub/ipshared/8479/hdl/axi_clock_converter_v2_1_vl_rfs.v:514]
INFO: [Synth 8-638] synthesizing module 'axi_clock_converter_v2_1_10_lite_async__parameterized2' [/home/zhs/NetFPGA-SUME-live-master/projects/reference_switch/hw/project/reference_switch.srcs/sources_1/bd/control_sub/ipshared/8479/hdl/axi_clock_converter_v2_1_vl_rfs.v:514]
INFO: [Synth 8-638] synthesizing module 'xpm_cdc_handshake__parameterized2' [/opt/Xilinx/Vivado/2016.4/data/ip/xpm/xpm_cdc/hdl/xpm_cdc.sv:352]
INFO: [Synth 8-256] done synthesizing module 'xpm_cdc_handshake__parameterized2' (4#1) [/opt/Xilinx/Vivado/2016.4/data/ip/xpm/xpm_cdc/hdl/xpm_cdc.sv:352]
INFO: [Synth 8-256] done synthesizing module 'axi_clock_converter_v2_1_10_lite_async__parameterized2' (4#1) [/home/zhs/NetFPGA-SUME-live-master/projects/reference_switch/hw/project/reference_switch.srcs/sources_1/bd/control_sub/ipshared/8479/hdl/axi_clock_converter_v2_1_vl_rfs.v:514]
INFO: [Synth 8-638] synthesizing module 'axi_infrastructure_v1_1_0_vector2axi' [/home/zhs/NetFPGA-SUME-live-master/projects/reference_switch/hw/project/reference_switch.srcs/sources_1/bd/control_sub/ipshared/7e3a/hdl/axi_infrastructure_v1_1_vl_rfs.v:474]
INFO: [Synth 8-256] done synthesizing module 'axi_infrastructure_v1_1_0_vector2axi' (5#1) [/home/zhs/NetFPGA-SUME-live-master/projects/reference_switch/hw/project/reference_switch.srcs/sources_1/bd/control_sub/ipshared/7e3a/hdl/axi_infrastructure_v1_1_vl_rfs.v:474]
INFO: [Synth 8-256] done synthesizing module 'axi_clock_converter_v2_1_10_axi_clock_converter' (6#1) [/home/zhs/NetFPGA-SUME-live-master/projects/reference_switch/hw/project/reference_switch.srcs/sources_1/bd/control_sub/ipshared/8479/hdl/axi_clock_converter_v2_1_vl_rfs.v:642]
INFO: [Synth 8-256] done synthesizing module 'control_sub_auto_cc_0' (7#1) [/home/zhs/NetFPGA-SUME-live-master/projects/reference_switch/hw/project/reference_switch.srcs/sources_1/bd/control_sub/ip/control_sub_auto_cc_0/synth/control_sub_auto_cc_0.v:58]
Finished RTL Elaboration : Time (s): cpu = 00:00:18 ; elapsed = 00:01:38 . Memory (MB): peak = 1282.891 ; gain = 354.445 ; free physical = 1015 ; free virtual = 8599
Finished RTL Optimization Phase 1 : Time (s): cpu = 00:00:18 ; elapsed = 00:01:39 . Memory (MB): peak = 1282.891 ; gain = 354.445 ; free physical = 1015 ; free virtual = 8599
INFO: [Device 21-403] Loading part xc7vx690tffg1761-3
Constraint Validation Runtime : Time (s): cpu = 00:00:00.03 ; elapsed = 00:00:00.03 . Memory (MB): peak = 1638.020 ; gain = 0.004 ; free physical = 667 ; free virtual = 8252
Finished Constraint Validation : Time (s): cpu = 00:00:44 ; elapsed = 00:02:45 . Memory (MB): peak = 1638.020 ; gain = 709.574 ; free physical = 667 ; free virtual = 8252
Finished Loading Part and Timing Information : Time (s): cpu = 00:00:44 ; elapsed = 00:02:45 . Memory (MB): peak = 1638.020 ; gain = 709.574 ; free physical = 667 ; free virtual = 8252
Finished applying 'set_property' XDC Constraints : Time (s): cpu = 00:00:44 ; elapsed = 00:02:45 . Memory (MB): peak = 1638.020 ; gain = 709.574 ; free physical = 667 ; free virtual = 8252
Finished RTL Optimization Phase 2 : Time (s): cpu = 00:00:45 ; elapsed = 00:02:46 . Memory (MB): peak = 1638.020 ; gain = 709.574 ; free physical = 666 ; free virtual = 8251
Finished Cross Boundary and Area Optimization : Time (s): cpu = 00:00:45 ; elapsed = 00:02:46 . Memory (MB): peak = 1638.020 ; gain = 709.574 ; free physical = 664 ; free virtual = 8249
Finished Applying XDC Timing Constraints : Time (s): cpu = 00:00:55 ; elapsed = 00:02:56 . Memory (MB): peak = 1638.020 ; gain = 709.574 ; free physical = 663 ; free virtual = 8248
Finished Timing Optimization : Time (s): cpu = 00:00:55 ; elapsed = 00:02:56 . Memory (MB): peak = 1638.020 ; gain = 709.574 ; free physical = 663 ; free virtual = 8248
Finished Technology Mapping : Time (s): cpu = 00:00:55 ; elapsed = 00:02:56 . Memory (MB): peak = 1638.020 ; gain = 709.574 ; free physical = 700 ; free virtual = 8285
Finished IO Insertion : Time (s): cpu = 00:00:56 ; elapsed = 00:02:57 . Memory (MB): peak = 1638.020 ; gain = 709.574 ; free physical = 700 ; free virtual = 8285
Finished Renaming Generated Instances : Time (s): cpu = 00:00:56 ; elapsed = 00:02:57 . Memory (MB): peak = 1638.020 ; gain = 709.574 ; free physical = 700 ; free virtual = 8285
Finished Rebuilding User Hierarchy : Time (s): cpu = 00:00:56 ; elapsed = 00:02:57 . Memory (MB): peak = 1638.020 ; gain = 709.574 ; free physical = 700 ; free virtual = 8285
Finished Renaming Generated Ports : Time (s): cpu = 00:00:56 ; elapsed = 00:02:57 . Memory (MB): peak = 1638.020 ; gain = 709.574 ; free physical = 700 ; free virtual = 8285
Finished Handling Custom Attributes : Time (s): cpu = 00:00:56 ; elapsed = 00:02:57 . Memory (MB): peak = 1638.020 ; gain = 709.574 ; free physical = 700 ; free virtual = 8285
Finished Renaming Generated Nets : Time (s): cpu = 00:00:56 ; elapsed = 00:02:57 . Memory (MB): peak = 1638.020 ; gain = 709.574 ; free physical = 700 ; free virtual = 8285

Report Cell Usage: 
+------+-----+------+
|      |Cell |Count |
+------+-----+------+
|1     |LUT1 |     6|
|2     |LUT2 |     5|
|3     |LUT3 |     2|
|4     |LUT4 |     5|
|5     |LUT5 |    20|
|6     |LUT6 |    15|
|7     |FDRE |   354|
+------+-----+------+
Finished Writing Synthesis Report : Time (s): cpu = 00:00:56 ; elapsed = 00:02:57 . Memory (MB): peak = 1638.020 ; gain = 709.574 ; free physical = 700 ; free virtual = 8285
synth_design: Time (s): cpu = 00:01:02 ; elapsed = 00:03:03 . Memory (MB): peak = 2223.965 ; gain = 1182.016 ; free physical = 159 ; free virtual = 7744
