#-----------------------------------------------------------
# Vivado v2015.2 (64-bit)
# SW Build 1266856 on Fri Jun 26 16:35:25 MDT 2015
# IP Build 1264090 on Wed Jun 24 14:22:01 MDT 2015
# Start of session at: Thu Jul 26 16:45:52 2018
# Process ID: 1230
# Log file: /home/maskerk/NetFPGA-SUME-live-master/lib/hw/std/cores/barrier_gluelogic_v1_0_0/vivado.log
# Journal file: /home/maskerk/NetFPGA-SUME-live-master/lib/hw/std/cores/barrier_gluelogic_v1_0_0/vivado.jou
#-----------------------------------------------------------
source barrier_gluelogic.tcl
# set design        barrier_gluelogic
# set device        xc7vx690t-3-ffg1761
# set proj_dir      ./ip_proj
# set ip_version    1.00
# set lib_name NetFPGA
# create_project -name ${design} -force -dir "./${proj_dir}" -part ${device} -ip
# set_property source_mgmt_mode All [current_project]  
# set_property top ${design} [current_fileset]
# read_verilog "./hdl/barrier_gluelogic.v"
# update_compile_order -fileset sources_1
# ipx::package_project
WARNING: [IP_Flow 19-3899] Cannot get the environment domain name variable for the component vendor name. Setting the vendor name to 'user.org'.
INFO: [IP_Flow 19-234] Refreshing IP repositories
INFO: [IP_Flow 19-1704] No user IP repositories specified
INFO: [IP_Flow 19-2313] Loaded Vivado IP repository '/opt/Xilinx/Vivado/2015.2/data/ip'.
# set_property vendor {NetFPGA} [ipx::current_core]
# set_property library ${lib_name} [ipx::current_core]
# set_property version ${ip_version} [ipx::current_core]
# set_property display_name ${design} [ipx::current_core]
# set_property description ${design} [ipx::current_core]
# set_property taxonomy {{/NetFPGA/Data_Path}} [ipx::current_core]
# set_property vendor_display_name {NetFPGA} [ipx::current_core]
# set_property company_url {www.netfpga.org} [ipx::current_core]
# set_property supported_families {{virtex7} {Production}} [ipx::current_core]
# ipx::infer_user_parameters [ipx::current_core]
# ipx::check_integrity [ipx::current_core]
INFO: [IP_Flow 19-861] XGUI layout file basename "xgui/barrier_gluelogic_v1_0.tcl" does not have the current IP <name>_v<version> format. If the IP name or version was changed recently, recreate this file to update the file format.
INFO: [IP_Flow 19-2181] Payment Required is not set for this core.
INFO: [IP_Flow 19-2187] The Product Guide file is missing.
# ipx::save_core [ipx::current_core]
# close_project
****** Webtalk v2015.2 (64-bit)
  **** SW Build 1266856 on Fri Jun 26 16:35:25 MDT 2015
  **** IP Build 1264090 on Wed Jun 24 14:22:01 MDT 2015
    ** Copyright 1986-2015 Xilinx, Inc. All Rights Reserved.

source /home/maskerk/NetFPGA-SUME-live-master/lib/hw/std/cores/barrier_gluelogic_v1_0_0/ip_proj/barrier_gluelogic.hw/webtalk/labtool_webtalk.tcl -notrace
INFO: [Common 17-186] '/home/maskerk/NetFPGA-SUME-live-master/lib/hw/std/cores/barrier_gluelogic_v1_0_0/ip_proj/barrier_gluelogic.hw/webtalk/usage_statistics_ext_labtool.xml' has been successfully sent to Xilinx on Thu Jul 26 16:45:59 2018. For additional details about this file, please refer to the WebTalk help file at /opt/Xilinx/Vivado/2015.2/doc/webtalk_introduction.html.
INFO: [Common 17-206] Exiting Webtalk at Thu Jul 26 16:45:59 2018...
# exit
INFO: [Common 17-206] Exiting Vivado at Thu Jul 26 16:45:59 2018...
