
*** Running vivado
    with args -log control_sub_microblaze_0_0.vds -m64 -product Vivado -mode batch -messageDb vivado.pb -notrace -source control_sub_microblaze_0_0.tcl


****** Vivado v2016.4 (64-bit)
  **** SW Build 1756540 on Mon Jan 23 19:11:19 MST 2017
  **** IP Build 1755317 on Mon Jan 23 20:30:07 MST 2017
    ** Copyright 1986-2016 Xilinx, Inc. All Rights Reserved.

source control_sub_microblaze_0_0.tcl -notrace
Starting RTL Elaboration : Time (s): cpu = 00:00:11 ; elapsed = 00:01:32 . Memory (MB): peak = 1162.422 ; gain = 233.973 ; free physical = 1317 ; free virtual = 9770
INFO: [Synth 8-638] synthesizing module 'control_sub_microblaze_0_0' [/home/zhs/NetFPGA-SUME-live-master/projects/reference_switch/hw/project/reference_switch.srcs/sources_1/bd/control_sub/ip/control_sub_microblaze_0_0/synth/control_sub_microblaze_0_0.vhd:116]
INFO: [Synth 8-256] done synthesizing module 'control_sub_microblaze_0_0' (52#1) [/home/zhs/NetFPGA-SUME-live-master/projects/reference_switch/hw/project/reference_switch.srcs/sources_1/bd/control_sub/ip/control_sub_microblaze_0_0/synth/control_sub_microblaze_0_0.vhd:116]
Finished RTL Elaboration : Time (s): cpu = 00:00:19 ; elapsed = 00:01:40 . Memory (MB): peak = 1345.895 ; gain = 417.445 ; free physical = 1132 ; free virtual = 9587
Finished RTL Optimization Phase 1 : Time (s): cpu = 00:00:20 ; elapsed = 00:01:41 . Memory (MB): peak = 1345.895 ; gain = 417.445 ; free physical = 1132 ; free virtual = 9586
INFO: [Device 21-403] Loading part xc7vx690tffg1761-3
Constraint Validation Runtime : Time (s): cpu = 00:00:00.32 ; elapsed = 00:00:00.30 . Memory (MB): peak = 1708.570 ; gain = 1.004 ; free physical = 807 ; free virtual = 9261
Finished Constraint Validation : Time (s): cpu = 00:00:50 ; elapsed = 00:02:51 . Memory (MB): peak = 1708.570 ; gain = 780.121 ; free physical = 806 ; free virtual = 9260
Finished Loading Part and Timing Information : Time (s): cpu = 00:00:50 ; elapsed = 00:02:51 . Memory (MB): peak = 1708.570 ; gain = 780.121 ; free physical = 806 ; free virtual = 9260
Finished applying 'set_property' XDC Constraints : Time (s): cpu = 00:00:50 ; elapsed = 00:02:51 . Memory (MB): peak = 1708.570 ; gain = 780.121 ; free physical = 806 ; free virtual = 9260
Finished RTL Optimization Phase 2 : Time (s): cpu = 00:00:55 ; elapsed = 00:02:56 . Memory (MB): peak = 1708.570 ; gain = 780.121 ; free physical = 802 ; free virtual = 9256
Finished Cross Boundary and Area Optimization : Time (s): cpu = 00:01:06 ; elapsed = 00:03:07 . Memory (MB): peak = 1708.574 ; gain = 780.125 ; free physical = 787 ; free virtual = 9242
Finished Applying XDC Timing Constraints : Time (s): cpu = 00:01:15 ; elapsed = 00:03:16 . Memory (MB): peak = 1708.574 ; gain = 780.125 ; free physical = 773 ; free virtual = 9227
Finished Timing Optimization : Time (s): cpu = 00:01:25 ; elapsed = 00:03:27 . Memory (MB): peak = 1731.906 ; gain = 803.457 ; free physical = 748 ; free virtual = 9202
Finished Technology Mapping : Time (s): cpu = 00:01:28 ; elapsed = 00:03:29 . Memory (MB): peak = 1731.906 ; gain = 803.457 ; free physical = 747 ; free virtual = 9202
Finished IO Insertion : Time (s): cpu = 00:01:28 ; elapsed = 00:03:30 . Memory (MB): peak = 1731.906 ; gain = 803.457 ; free physical = 747 ; free virtual = 9202
Finished Renaming Generated Instances : Time (s): cpu = 00:01:28 ; elapsed = 00:03:30 . Memory (MB): peak = 1731.906 ; gain = 803.457 ; free physical = 747 ; free virtual = 9202
Finished Rebuilding User Hierarchy : Time (s): cpu = 00:01:29 ; elapsed = 00:03:30 . Memory (MB): peak = 1731.906 ; gain = 803.457 ; free physical = 747 ; free virtual = 9202
Finished Renaming Generated Ports : Time (s): cpu = 00:01:29 ; elapsed = 00:03:30 . Memory (MB): peak = 1731.906 ; gain = 803.457 ; free physical = 747 ; free virtual = 9202
Finished Handling Custom Attributes : Time (s): cpu = 00:01:29 ; elapsed = 00:03:31 . Memory (MB): peak = 1731.906 ; gain = 803.457 ; free physical = 747 ; free virtual = 9202
Finished Renaming Generated Nets : Time (s): cpu = 00:01:29 ; elapsed = 00:03:31 . Memory (MB): peak = 1731.906 ; gain = 803.457 ; free physical = 747 ; free virtual = 9202

Report Cell Usage: 
+------+---------+------+
|      |Cell     |Count |
+------+---------+------+
|1     |AND2B1L  |     1|
|2     |LUT1     |    17|
|3     |LUT2     |    76|
|4     |LUT3     |   189|
|5     |LUT4     |   189|
|6     |LUT5     |   163|
|7     |LUT6     |   455|
|8     |LUT6_2   |    80|
|9     |MULT_AND |     1|
|10    |MUXCY_L  |   136|
|11    |MUXF7    |   117|
|12    |RAM32M   |    16|
|13    |SRL16E   |    89|
|14    |SRLC16E  |     8|
|15    |XORCY    |    94|
|16    |FDCE     |   143|
|17    |FDE      |    32|
|18    |FDR      |    89|
|19    |FDRE     |  1256|
|20    |FDS      |     1|
|21    |FDSE     |    36|
+------+---------+------+
Finished Writing Synthesis Report : Time (s): cpu = 00:01:29 ; elapsed = 00:03:31 . Memory (MB): peak = 1731.906 ; gain = 803.457 ; free physical = 747 ; free virtual = 9202
get_clocks: Time (s): cpu = 00:00:10 ; elapsed = 00:00:10 . Memory (MB): peak = 2313.852 ; gain = 581.941 ; free physical = 172 ; free virtual = 8627
synth_design: Time (s): cpu = 00:01:38 ; elapsed = 00:03:39 . Memory (MB): peak = 2313.852 ; gain = 1269.898 ; free physical = 171 ; free virtual = 8626
